{"/Users/vadin/Desktop/course/production-project/config/jest/jestEmptyComponent.tsx": {"path":"/Users/vadin/Desktop/course/production-project/config/jest/jestEmptyComponent.tsx","statementMap":{"0":{"start":{"line":3,"column":27},"end":{"line":5,"column":1}},"1":{"start":{"line":4,"column":4},"end":{"line":4,"column":19}}},"fnMap":{"0":{"name":"(anonymous_0)","decl":{"start":{"line":3,"column":27},"end":{"line":3,"column":28}},"loc":{"start":{"line":3,"column":39},"end":{"line":5,"column":1}},"line":3}},"branchMap":{},"s":{"0":5,"1":13},"f":{"0":13},"b":{},"_coverageSchema":"1a1c01bbd47fc00a2c39e90264f33305004495a9","hash":"82fb04462bdc52dcc84505711501c16f6cab3c64"}
,"/Users/vadin/Desktop/course/production-project/src/app/providers/StoreProvider/index.ts": {"path":"/Users/vadin/Desktop/course/production-project/src/app/providers/StoreProvider/index.ts","statementMap":{},"fnMap":{},"branchMap":{},"s":{},"f":{},"b":{},"_coverageSchema":"1a1c01bbd47fc00a2c39e90264f33305004495a9","hash":"5c50bad05e5cfddcaf4e9308cf5adce47b36598d"}
,"/Users/vadin/Desktop/course/production-project/src/app/providers/StoreProvider/config/reducerManager.ts": {"path":"/Users/vadin/Desktop/course/production-project/src/app/providers/StoreProvider/config/reducerManager.ts","statementMap":{"0":{"start":{"line":10,"column":21},"end":{"line":10,"column":43}},"1":{"start":{"line":12,"column":26},"end":{"line":12,"column":51}},"2":{"start":{"line":14,"column":46},"end":{"line":14,"column":48}},"3":{"start":{"line":15,"column":45},"end":{"line":15,"column":47}},"4":{"start":{"line":17,"column":4},"end":{"line":49,"column":6}},"5":{"start":{"line":18,"column":29},"end":{"line":18,"column":37}},"6":{"start":{"line":19,"column":34},"end":{"line":19,"column":49}},"7":{"start":{"line":21,"column":12},"end":{"line":27,"column":13}},"8":{"start":{"line":22,"column":16},"end":{"line":22,"column":37}},"9":{"start":{"line":23,"column":16},"end":{"line":25,"column":19}},"10":{"start":{"line":24,"column":20},"end":{"line":24,"column":38}},"11":{"start":{"line":26,"column":16},"end":{"line":26,"column":34}},"12":{"start":{"line":28,"column":12},"end":{"line":28,"column":50}},"13":{"start":{"line":31,"column":12},"end":{"line":33,"column":13}},"14":{"start":{"line":32,"column":16},"end":{"line":32,"column":23}},"15":{"start":{"line":34,"column":12},"end":{"line":34,"column":36}},"16":{"start":{"line":35,"column":12},"end":{"line":35,"column":40}},"17":{"start":{"line":37,"column":12},"end":{"line":37,"column":56}},"18":{"start":{"line":40,"column":12},"end":{"line":42,"column":13}},"19":{"start":{"line":41,"column":16},"end":{"line":41,"column":23}},"20":{"start":{"line":43,"column":12},"end":{"line":43,"column":33}},"21":{"start":{"line":44,"column":12},"end":{"line":44,"column":35}},"22":{"start":{"line":45,"column":12},"end":{"line":45,"column":41}},"23":{"start":{"line":47,"column":12},"end":{"line":47,"column":56}}},"fnMap":{"0":{"name":"createReducerManager","decl":{"start":{"line":9,"column":16},"end":{"line":9,"column":36}},"loc":{"start":{"line":9,"column":102},"end":{"line":50,"column":1}},"line":9},"1":{"name":"(anonymous_1)","decl":{"start":{"line":18,"column":23},"end":{"line":18,"column":24}},"loc":{"start":{"line":18,"column":29},"end":{"line":18,"column":37}},"line":18},"2":{"name":"(anonymous_2)","decl":{"start":{"line":19,"column":28},"end":{"line":19,"column":29}},"loc":{"start":{"line":19,"column":34},"end":{"line":19,"column":49}},"line":19},"3":{"name":"(anonymous_3)","decl":{"start":{"line":20,"column":16},"end":{"line":20,"column":17}},"loc":{"start":{"line":20,"column":59},"end":{"line":29,"column":9}},"line":20},"4":{"name":"(anonymous_4)","decl":{"start":{"line":23,"column":37},"end":{"line":23,"column":38}},"loc":{"start":{"line":23,"column":46},"end":{"line":25,"column":17}},"line":23},"5":{"name":"(anonymous_5)","decl":{"start":{"line":30,"column":13},"end":{"line":30,"column":14}},"loc":{"start":{"line":30,"column":56},"end":{"line":38,"column":9}},"line":30},"6":{"name":"(anonymous_6)","decl":{"start":{"line":39,"column":16},"end":{"line":39,"column":17}},"loc":{"start":{"line":39,"column":41},"end":{"line":48,"column":9}},"line":39}},"branchMap":{"0":{"loc":{"start":{"line":21,"column":12},"end":{"line":27,"column":13}},"type":"if","locations":[{"start":{"line":21,"column":12},"end":{"line":27,"column":13}},{"start":{},"end":{}}],"line":21},"1":{"loc":{"start":{"line":31,"column":12},"end":{"line":33,"column":13}},"type":"if","locations":[{"start":{"line":31,"column":12},"end":{"line":33,"column":13}},{"start":{},"end":{}}],"line":31},"2":{"loc":{"start":{"line":31,"column":16},"end":{"line":31,"column":37}},"type":"binary-expr","locations":[{"start":{"line":31,"column":16},"end":{"line":31,"column":20}},{"start":{"line":31,"column":24},"end":{"line":31,"column":37}}],"line":31},"3":{"loc":{"start":{"line":40,"column":12},"end":{"line":42,"column":13}},"type":"if","locations":[{"start":{"line":40,"column":12},"end":{"line":42,"column":13}},{"start":{},"end":{}}],"line":40},"4":{"loc":{"start":{"line":40,"column":16},"end":{"line":40,"column":38}},"type":"binary-expr","locations":[{"start":{"line":40,"column":16},"end":{"line":40,"column":20}},{"start":{"line":40,"column":24},"end":{"line":40,"column":38}}],"line":40}},"s":{"0":12,"1":12,"2":12,"3":12,"4":12,"5":0,"6":4,"7":48,"8":4,"9":4,"10":4,"11":4,"12":48,"13":4,"14":4,"15":0,"16":0,"17":0,"18":4,"19":0,"20":4,"21":4,"22":4,"23":4},"f":{"0":12,"1":0,"2":4,"3":48,"4":4,"5":4,"6":4},"b":{"0":[4,44],"1":[4,0],"2":[4,4],"3":[0,4],"4":[4,4]},"_coverageSchema":"1a1c01bbd47fc00a2c39e90264f33305004495a9","hash":"162d8d247fd5bc542aba2dcdf5ba54bbef1cc38b"}
,"/Users/vadin/Desktop/course/production-project/src/app/providers/StoreProvider/config/store.ts": {"path":"/Users/vadin/Desktop/course/production-project/src/app/providers/StoreProvider/config/store.ts","statementMap":{"0":{"start":{"line":13,"column":57},"end":{"line":19,"column":5}},"1":{"start":{"line":21,"column":27},"end":{"line":21,"column":61}},"2":{"start":{"line":23,"column":36},"end":{"line":25,"column":5}},"3":{"start":{"line":27,"column":18},"end":{"line":36,"column":6}},"4":{"start":{"line":31,"column":46},"end":{"line":35,"column":36}},"5":{"start":{"line":39,"column":4},"end":{"line":39,"column":42}},"6":{"start":{"line":41,"column":4},"end":{"line":41,"column":17}}},"fnMap":{"0":{"name":"createReduxStore","decl":{"start":{"line":12,"column":16},"end":{"line":12,"column":32}},"loc":{"start":{"line":12,"column":109},"end":{"line":42,"column":1}},"line":12},"1":{"name":"(anonymous_1)","decl":{"start":{"line":31,"column":20},"end":{"line":31,"column":21}},"loc":{"start":{"line":31,"column":46},"end":{"line":35,"column":36}},"line":31}},"branchMap":{},"s":{"0":12,"1":12,"2":12,"3":12,"4":12,"5":12,"6":12},"f":{"0":12,"1":12},"b":{},"_coverageSchema":"1a1c01bbd47fc00a2c39e90264f33305004495a9","hash":"00284ec780e0c532ffbb093fa6bb9d52b618fd5d"}
,"/Users/vadin/Desktop/course/production-project/src/app/providers/StoreProvider/ui/StoreProvider.tsx": {"path":"/Users/vadin/Desktop/course/production-project/src/app/providers/StoreProvider/ui/StoreProvider.tsx","statementMap":{"0":{"start":{"line":13,"column":29},"end":{"line":27,"column":1}},"1":{"start":{"line":14,"column":54},"end":{"line":14,"column":59}},"2":{"start":{"line":18,"column":18},"end":{"line":22,"column":5}},"3":{"start":{"line":24,"column":4},"end":{"line":24,"column":26}},"4":{"start":{"line":26,"column":4},"end":{"line":26,"column":57}}},"fnMap":{"0":{"name":"(anonymous_0)","decl":{"start":{"line":13,"column":29},"end":{"line":13,"column":30}},"loc":{"start":{"line":13,"column":60},"end":{"line":27,"column":1}},"line":13}},"branchMap":{},"s":{"0":4,"1":13,"2":12,"3":12,"4":12},"f":{"0":13},"b":{},"_coverageSchema":"1a1c01bbd47fc00a2c39e90264f33305004495a9","hash":"69f5d58d00f2fe6db933284ed521febb1058b8f4"}
,"/Users/vadin/Desktop/course/production-project/src/app/providers/router/config/routeConfig.tsx": {"path":"/Users/vadin/Desktop/course/production-project/src/app/providers/router/config/routeConfig.tsx","statementMap":{"0":{"start":{"line":25,"column":62},"end":{"line":74,"column":1}}},"fnMap":{},"branchMap":{},"s":{"0":1},"f":{},"b":{},"_coverageSchema":"1a1c01bbd47fc00a2c39e90264f33305004495a9","hash":"5b5dbe02d192d6205ab0625f9f1ea9170d952fe2"}
,"/Users/vadin/Desktop/course/production-project/src/app/providers/router/ui/AppRouter.tsx": {"path":"/Users/vadin/Desktop/course/production-project/src/app/providers/router/ui/AppRouter.tsx","statementMap":{"0":{"start":{"line":10,"column":18},"end":{"line":29,"column":1}},"1":{"start":{"line":11,"column":19},"end":{"line":11,"column":47}},"2":{"start":{"line":13,"column":30},"end":{"line":22,"column":10}},"3":{"start":{"line":14,"column":24},"end":{"line":14,"column":86}},"4":{"start":{"line":15,"column":8},"end":{"line":21,"column":10}},"5":{"start":{"line":24,"column":4},"end":{"line":28,"column":6}},"6":{"start":{"line":26,"column":55},"end":{"line":26,"column":79}}},"fnMap":{"0":{"name":"(anonymous_0)","decl":{"start":{"line":10,"column":18},"end":{"line":10,"column":19}},"loc":{"start":{"line":10,"column":24},"end":{"line":29,"column":1}},"line":10},"1":{"name":"(anonymous_1)","decl":{"start":{"line":13,"column":42},"end":{"line":13,"column":43}},"loc":{"start":{"line":13,"column":69},"end":{"line":22,"column":5}},"line":13},"2":{"name":"(anonymous_2)","decl":{"start":{"line":26,"column":44},"end":{"line":26,"column":45}},"loc":{"start":{"line":26,"column":55},"end":{"line":26,"column":79}},"line":26}},"branchMap":{"0":{"loc":{"start":{"line":19,"column":25},"end":{"line":19,"column":108}},"type":"cond-expr","locations":[{"start":{"line":19,"column":42},"end":{"line":19,"column":98}},{"start":{"line":19,"column":101},"end":{"line":19,"column":108}}],"line":19}},"s":{"0":1,"1":5,"2":5,"3":50,"4":50,"5":5,"6":50},"f":{"0":5,"1":50,"2":50},"b":{"0":[30,20]},"_coverageSchema":"1a1c01bbd47fc00a2c39e90264f33305004495a9","hash":"d90c3e8f6a0567c68de4e58cdcf088aa61b16fd8"}
,"/Users/vadin/Desktop/course/production-project/src/app/providers/router/ui/RequireAuth.tsx": {"path":"/Users/vadin/Desktop/course/production-project/src/app/providers/router/ui/RequireAuth.tsx","statementMap":{"0":{"start":{"line":13,"column":17},"end":{"line":13,"column":45}},"1":{"start":{"line":14,"column":21},"end":{"line":14,"column":34}},"2":{"start":{"line":15,"column":22},"end":{"line":15,"column":47}},"3":{"start":{"line":17,"column":29},"end":{"line":26,"column":26}},"4":{"start":{"line":18,"column":8},"end":{"line":20,"column":9}},"5":{"start":{"line":19,"column":12},"end":{"line":19,"column":24}},"6":{"start":{"line":22,"column":8},"end":{"line":25,"column":11}},"7":{"start":{"line":23,"column":28},"end":{"line":23,"column":61}},"8":{"start":{"line":24,"column":12},"end":{"line":24,"column":27}},"9":{"start":{"line":28,"column":4},"end":{"line":30,"column":5}},"10":{"start":{"line":29,"column":8},"end":{"line":29,"column":83}},"11":{"start":{"line":32,"column":4},"end":{"line":34,"column":5}},"12":{"start":{"line":33,"column":8},"end":{"line":33,"column":88}},"13":{"start":{"line":36,"column":4},"end":{"line":36,"column":20}}},"fnMap":{"0":{"name":"RequireAuth","decl":{"start":{"line":12,"column":16},"end":{"line":12,"column":27}},"loc":{"start":{"line":12,"column":67},"end":{"line":37,"column":1}},"line":12},"1":{"name":"(anonymous_1)","decl":{"start":{"line":17,"column":37},"end":{"line":17,"column":38}},"loc":{"start":{"line":17,"column":43},"end":{"line":26,"column":5}},"line":17},"2":{"name":"(anonymous_2)","decl":{"start":{"line":22,"column":26},"end":{"line":22,"column":27}},"loc":{"start":{"line":22,"column":44},"end":{"line":25,"column":9}},"line":22}},"branchMap":{"0":{"loc":{"start":{"line":18,"column":8},"end":{"line":20,"column":9}},"type":"if","locations":[{"start":{"line":18,"column":8},"end":{"line":20,"column":9}},{"start":{},"end":{}}],"line":18},"1":{"loc":{"start":{"line":28,"column":4},"end":{"line":30,"column":5}},"type":"if","locations":[{"start":{"line":28,"column":4},"end":{"line":30,"column":5}},{"start":{},"end":{}}],"line":28},"2":{"loc":{"start":{"line":32,"column":4},"end":{"line":34,"column":5}},"type":"if","locations":[{"start":{"line":32,"column":4},"end":{"line":34,"column":5}},{"start":{},"end":{}}],"line":32}},"s":{"0":3,"1":3,"2":3,"3":3,"4":3,"5":1,"6":2,"7":4,"8":4,"9":3,"10":1,"11":2,"12":1,"13":1},"f":{"0":3,"1":3,"2":4},"b":{"0":[1,2],"1":[1,2],"2":[1,1]},"_coverageSchema":"1a1c01bbd47fc00a2c39e90264f33305004495a9","hash":"26d19244b67ef7f626d8485694a26397b2ed354f"}
,"/Users/vadin/Desktop/course/production-project/src/entities/Article/index.ts": {"path":"/Users/vadin/Desktop/course/production-project/src/entities/Article/index.ts","statementMap":{},"fnMap":{},"branchMap":{},"s":{},"f":{},"b":{},"_coverageSchema":"1a1c01bbd47fc00a2c39e90264f33305004495a9","hash":"44df52232b333bf30fe1c67424128eb8452aade8"}
,"/Users/vadin/Desktop/course/production-project/src/entities/Article/model/consts/articleConsts.ts": {"path":"/Users/vadin/Desktop/course/production-project/src/entities/Article/model/consts/articleConsts.ts","statementMap":{},"fnMap":{},"branchMap":{},"s":{},"f":{},"b":{},"_coverageSchema":"1a1c01bbd47fc00a2c39e90264f33305004495a9","hash":"0d12829d87c49242e022fd6c79d8bb87ec4f7a14"}
,"/Users/vadin/Desktop/course/production-project/src/entities/Article/model/selectors/articleDetails.ts": {"path":"/Users/vadin/Desktop/course/production-project/src/entities/Article/model/selectors/articleDetails.ts","statementMap":{"0":{"start":{"line":3,"column":42},"end":{"line":3,"column":106}},"1":{"start":{"line":3,"column":66},"end":{"line":3,"column":106}},"2":{"start":{"line":5,"column":38},"end":{"line":5,"column":89}},"3":{"start":{"line":5,"column":62},"end":{"line":5,"column":89}},"4":{"start":{"line":7,"column":37},"end":{"line":7,"column":87}},"5":{"start":{"line":7,"column":61},"end":{"line":7,"column":87}}},"fnMap":{"0":{"name":"(anonymous_0)","decl":{"start":{"line":3,"column":42},"end":{"line":3,"column":43}},"loc":{"start":{"line":3,"column":66},"end":{"line":3,"column":106}},"line":3},"1":{"name":"(anonymous_1)","decl":{"start":{"line":5,"column":38},"end":{"line":5,"column":39}},"loc":{"start":{"line":5,"column":62},"end":{"line":5,"column":89}},"line":5},"2":{"name":"(anonymous_2)","decl":{"start":{"line":7,"column":37},"end":{"line":7,"column":38}},"loc":{"start":{"line":7,"column":61},"end":{"line":7,"column":87}},"line":7}},"branchMap":{"0":{"loc":{"start":{"line":3,"column":66},"end":{"line":3,"column":106}},"type":"binary-expr","locations":[{"start":{"line":3,"column":66},"end":{"line":3,"column":97}},{"start":{"line":3,"column":101},"end":{"line":3,"column":106}}],"line":3}},"s":{"0":4,"1":2,"2":4,"3":2,"4":4,"5":2},"f":{"0":2,"1":2,"2":2},"b":{"0":[2,1]},"_coverageSchema":"1a1c01bbd47fc00a2c39e90264f33305004495a9","hash":"6952c4a2f4c69fbb941c12f76b23fb71b34adcf6"}
,"/Users/vadin/Desktop/course/production-project/src/entities/Article/model/services/fetchArticleById/fetchArticleById.ts": {"path":"/Users/vadin/Desktop/course/production-project/src/entities/Article/model/services/fetchArticleById/fetchArticleById.ts","statementMap":{"0":{"start":{"line":5,"column":32},"end":{"line":26,"column":1}},"1":{"start":{"line":8,"column":43},"end":{"line":8,"column":51}},"2":{"start":{"line":10,"column":8},"end":{"line":24,"column":9}},"3":{"start":{"line":11,"column":12},"end":{"line":13,"column":13}},"4":{"start":{"line":12,"column":16},"end":{"line":12,"column":36}},"5":{"start":{"line":14,"column":29},"end":{"line":14,"column":83}},"6":{"start":{"line":16,"column":12},"end":{"line":18,"column":13}},"7":{"start":{"line":17,"column":16},"end":{"line":17,"column":34}},"8":{"start":{"line":20,"column":12},"end":{"line":20,"column":33}},"9":{"start":{"line":22,"column":12},"end":{"line":22,"column":27}},"10":{"start":{"line":23,"column":12},"end":{"line":23,"column":44}}},"fnMap":{"0":{"name":"(anonymous_0)","decl":{"start":{"line":7,"column":4},"end":{"line":7,"column":5}},"loc":{"start":{"line":7,"column":35},"end":{"line":25,"column":5}},"line":7}},"branchMap":{"0":{"loc":{"start":{"line":11,"column":12},"end":{"line":13,"column":13}},"type":"if","locations":[{"start":{"line":11,"column":12},"end":{"line":13,"column":13}},{"start":{},"end":{}}],"line":11},"1":{"loc":{"start":{"line":16,"column":12},"end":{"line":18,"column":13}},"type":"if","locations":[{"start":{"line":16,"column":12},"end":{"line":18,"column":13}},{"start":{},"end":{}}],"line":16}},"s":{"0":5,"1":2,"2":2,"3":2,"4":0,"5":2,"6":2,"7":1,"8":1,"9":1,"10":1},"f":{"0":2},"b":{"0":[0,2],"1":[1,1]},"_coverageSchema":"1a1c01bbd47fc00a2c39e90264f33305004495a9","hash":"2dca85f2223ec5469a13d7a385b988204ae91471"}
,"/Users/vadin/Desktop/course/production-project/src/entities/Article/model/slice/articleDetailsSlice.ts": {"path":"/Users/vadin/Desktop/course/production-project/src/entities/Article/model/slice/articleDetailsSlice.ts","statementMap":{"0":{"start":{"line":6,"column":43},"end":{"line":10,"column":1}},"1":{"start":{"line":12,"column":35},"end":{"line":31,"column":2}},"2":{"start":{"line":17,"column":8},"end":{"line":29,"column":15}},"3":{"start":{"line":19,"column":16},"end":{"line":19,"column":40}},"4":{"start":{"line":20,"column":16},"end":{"line":20,"column":39}},"5":{"start":{"line":23,"column":16},"end":{"line":23,"column":40}},"6":{"start":{"line":24,"column":16},"end":{"line":24,"column":44}},"7":{"start":{"line":27,"column":16},"end":{"line":27,"column":40}},"8":{"start":{"line":28,"column":16},"end":{"line":28,"column":51}},"9":{"start":{"line":33,"column":50},"end":{"line":33,"column":69}},"10":{"start":{"line":34,"column":50},"end":{"line":34,"column":69}}},"fnMap":{"0":{"name":"(anonymous_0)","decl":{"start":{"line":16,"column":19},"end":{"line":16,"column":20}},"loc":{"start":{"line":16,"column":32},"end":{"line":30,"column":5}},"line":16},"1":{"name":"(anonymous_1)","decl":{"start":{"line":18,"column":47},"end":{"line":18,"column":48}},"loc":{"start":{"line":18,"column":58},"end":{"line":21,"column":13}},"line":18},"2":{"name":"(anonymous_2)","decl":{"start":{"line":22,"column":49},"end":{"line":22,"column":50}},"loc":{"start":{"line":22,"column":92},"end":{"line":25,"column":13}},"line":22},"3":{"name":"(anonymous_3)","decl":{"start":{"line":26,"column":48},"end":{"line":26,"column":49}},"loc":{"start":{"line":26,"column":67},"end":{"line":29,"column":13}},"line":26}},"branchMap":{},"s":{"0":4,"1":4,"2":1,"3":1,"4":1,"5":1,"6":1,"7":1,"8":1,"9":4,"10":4},"f":{"0":1,"1":1,"2":1,"3":1},"b":{},"_coverageSchema":"1a1c01bbd47fc00a2c39e90264f33305004495a9","hash":"cb7747ad93269ceb3b84ba88bdef437562d8a864"}
,"/Users/vadin/Desktop/course/production-project/src/entities/Article/ui/ArticleCodeBlockComponent/ArticleCodeBlockComponent.tsx": {"path":"/Users/vadin/Desktop/course/production-project/src/entities/Article/ui/ArticleCodeBlockComponent/ArticleCodeBlockComponent.tsx","statementMap":{"0":{"start":{"line":11,"column":41},"end":{"line":19,"column":1}},"1":{"start":{"line":12,"column":33},"end":{"line":12,"column":38}},"2":{"start":{"line":14,"column":4},"end":{"line":18,"column":6}}},"fnMap":{"0":{"name":"(anonymous_0)","decl":{"start":{"line":11,"column":41},"end":{"line":11,"column":42}},"loc":{"start":{"line":11,"column":84},"end":{"line":19,"column":1}},"line":11}},"branchMap":{},"s":{"0":3,"1":0,"2":0},"f":{"0":0},"b":{},"_coverageSchema":"1a1c01bbd47fc00a2c39e90264f33305004495a9","hash":"3b4fc3067b3bb2d365ac23ef54d1870e56d6859d"}
,"/Users/vadin/Desktop/course/production-project/src/entities/Article/ui/ArticleDetails/ArticleDetails.tsx": {"path":"/Users/vadin/Desktop/course/production-project/src/entities/Article/ui/ArticleDetails/ArticleDetails.tsx","statementMap":{"0":{"start":{"line":35,"column":31},"end":{"line":37,"column":1}},"1":{"start":{"line":39,"column":30},"end":{"line":109,"column":1}},"2":{"start":{"line":40,"column":30},"end":{"line":40,"column":35}},"3":{"start":{"line":41,"column":21},"end":{"line":41,"column":37}},"4":{"start":{"line":42,"column":22},"end":{"line":42,"column":61}},"5":{"start":{"line":43,"column":18},"end":{"line":43,"column":53}},"6":{"start":{"line":44,"column":20},"end":{"line":44,"column":54}},"7":{"start":{"line":45,"column":18},"end":{"line":45,"column":34}},"8":{"start":{"line":47,"column":24},"end":{"line":58,"column":10}},"9":{"start":{"line":48,"column":8},"end":{"line":57,"column":9}},"10":{"start":{"line":50,"column":16},"end":{"line":50,"column":104}},"11":{"start":{"line":52,"column":16},"end":{"line":52,"column":104}},"12":{"start":{"line":54,"column":16},"end":{"line":54,"column":105}},"13":{"start":{"line":56,"column":16},"end":{"line":56,"column":28}},"14":{"start":{"line":60,"column":4},"end":{"line":64,"column":23}},"15":{"start":{"line":61,"column":8},"end":{"line":63,"column":9}},"16":{"start":{"line":62,"column":12},"end":{"line":62,"column":43}},"17":{"start":{"line":68,"column":4},"end":{"line":100,"column":5}},"18":{"start":{"line":69,"column":8},"end":{"line":77,"column":10}},"19":{"start":{"line":78,"column":11},"end":{"line":100,"column":5}},"20":{"start":{"line":79,"column":8},"end":{"line":79,"column":103}},"21":{"start":{"line":81,"column":8},"end":{"line":99,"column":10}},"22":{"start":{"line":102,"column":4},"end":{"line":108,"column":6}}},"fnMap":{"0":{"name":"(anonymous_0)","decl":{"start":{"line":39,"column":30},"end":{"line":39,"column":31}},"loc":{"start":{"line":39,"column":62},"end":{"line":109,"column":1}},"line":39},"1":{"name":"(anonymous_1)","decl":{"start":{"line":47,"column":36},"end":{"line":47,"column":37}},"loc":{"start":{"line":47,"column":61},"end":{"line":58,"column":5}},"line":47},"2":{"name":"(anonymous_2)","decl":{"start":{"line":60,"column":14},"end":{"line":60,"column":15}},"loc":{"start":{"line":60,"column":20},"end":{"line":64,"column":5}},"line":60}},"branchMap":{"0":{"loc":{"start":{"line":48,"column":8},"end":{"line":57,"column":9}},"type":"switch","locations":[{"start":{"line":49,"column":12},"end":{"line":50,"column":104}},{"start":{"line":51,"column":12},"end":{"line":52,"column":104}},{"start":{"line":53,"column":12},"end":{"line":54,"column":105}},{"start":{"line":55,"column":12},"end":{"line":56,"column":28}}],"line":48},"1":{"loc":{"start":{"line":61,"column":8},"end":{"line":63,"column":9}},"type":"if","locations":[{"start":{"line":61,"column":8},"end":{"line":63,"column":9}},{"start":{},"end":{}}],"line":61},"2":{"loc":{"start":{"line":68,"column":4},"end":{"line":100,"column":5}},"type":"if","locations":[{"start":{"line":68,"column":4},"end":{"line":100,"column":5}},{"start":{"line":78,"column":11},"end":{"line":100,"column":5}}],"line":68},"3":{"loc":{"start":{"line":78,"column":11},"end":{"line":100,"column":5}},"type":"if","locations":[{"start":{"line":78,"column":11},"end":{"line":100,"column":5}},{"start":{"line":80,"column":11},"end":{"line":100,"column":5}}],"line":78}},"s":{"0":3,"1":3,"2":0,"3":0,"4":0,"5":0,"6":0,"7":0,"8":0,"9":0,"10":0,"11":0,"12":0,"13":0,"14":0,"15":0,"16":0,"17":0,"18":0,"19":0,"20":0,"21":0,"22":0},"f":{"0":0,"1":0,"2":0},"b":{"0":[0,0,0,0],"1":[0,0],"2":[0,0],"3":[0,0]},"_coverageSchema":"1a1c01bbd47fc00a2c39e90264f33305004495a9","hash":"7ab8da6d734d808c79f98d7e28dce81d359660f5"}
,"/Users/vadin/Desktop/course/production-project/src/entities/Article/ui/ArticleImageBlockComponent/ArticleImageBlockComponent.tsx": {"path":"/Users/vadin/Desktop/course/production-project/src/entities/Article/ui/ArticleImageBlockComponent/ArticleImageBlockComponent.tsx","statementMap":{"0":{"start":{"line":11,"column":42},"end":{"line":20,"column":1}},"1":{"start":{"line":12,"column":33},"end":{"line":12,"column":38}},"2":{"start":{"line":14,"column":4},"end":{"line":19,"column":6}}},"fnMap":{"0":{"name":"(anonymous_0)","decl":{"start":{"line":11,"column":42},"end":{"line":11,"column":43}},"loc":{"start":{"line":11,"column":86},"end":{"line":20,"column":1}},"line":11}},"branchMap":{"0":{"loc":{"start":{"line":17,"column":13},"end":{"line":17,"column":81}},"type":"binary-expr","locations":[{"start":{"line":17,"column":13},"end":{"line":17,"column":24}},{"start":{"line":17,"column":28},"end":{"line":17,"column":81}}],"line":17}},"s":{"0":3,"1":0,"2":0},"f":{"0":0},"b":{"0":[0,0]},"_coverageSchema":"1a1c01bbd47fc00a2c39e90264f33305004495a9","hash":"3db36b3fe0f5a145242f9c9d32bcf6791fdfca11"}
,"/Users/vadin/Desktop/course/production-project/src/entities/Article/ui/ArticleList/ArticleList.tsx": {"path":"/Users/vadin/Desktop/course/production-project/src/entities/Article/ui/ArticleList/ArticleList.tsx","statementMap":{"0":{"start":{"line":19,"column":21},"end":{"line":23,"column":6}},"1":{"start":{"line":19,"column":44},"end":{"line":23,"column":6}},"2":{"start":{"line":22,"column":8},"end":{"line":22,"column":80}},"3":{"start":{"line":25,"column":27},"end":{"line":60,"column":2}},"4":{"start":{"line":32,"column":8},"end":{"line":32,"column":13}},"5":{"start":{"line":33,"column":18},"end":{"line":33,"column":34}},"6":{"start":{"line":35,"column":4},"end":{"line":41,"column":5}},"7":{"start":{"line":36,"column":8},"end":{"line":40,"column":10}},"8":{"start":{"line":43,"column":4},"end":{"line":59,"column":6}},"9":{"start":{"line":48,"column":16},"end":{"line":54,"column":18}}},"fnMap":{"0":{"name":"(anonymous_0)","decl":{"start":{"line":19,"column":21},"end":{"line":19,"column":22}},"loc":{"start":{"line":19,"column":44},"end":{"line":23,"column":6}},"line":19},"1":{"name":"(anonymous_1)","decl":{"start":{"line":21,"column":9},"end":{"line":21,"column":10}},"loc":{"start":{"line":22,"column":8},"end":{"line":22,"column":80}},"line":22},"2":{"name":"(anonymous_2)","decl":{"start":{"line":25,"column":32},"end":{"line":25,"column":33}},"loc":{"start":{"line":25,"column":61},"end":{"line":60,"column":1}},"line":25},"3":{"name":"(anonymous_3)","decl":{"start":{"line":47,"column":26},"end":{"line":47,"column":27}},"loc":{"start":{"line":48,"column":16},"end":{"line":54,"column":18}},"line":48}},"branchMap":{"0":{"loc":{"start":{"line":19,"column":54},"end":{"line":19,"column":88}},"type":"cond-expr","locations":[{"start":{"line":19,"column":83},"end":{"line":19,"column":84}},{"start":{"line":19,"column":87},"end":{"line":19,"column":88}}],"line":19},"1":{"loc":{"start":{"line":29,"column":8},"end":{"line":29,"column":32}},"type":"default-arg","locations":[{"start":{"line":29,"column":15},"end":{"line":29,"column":32}}],"line":29},"2":{"loc":{"start":{"line":35,"column":4},"end":{"line":41,"column":5}},"type":"if","locations":[{"start":{"line":35,"column":4},"end":{"line":41,"column":5}},{"start":{},"end":{}}],"line":35},"3":{"loc":{"start":{"line":35,"column":8},"end":{"line":35,"column":38}},"type":"binary-expr","locations":[{"start":{"line":35,"column":8},"end":{"line":35,"column":18}},{"start":{"line":35,"column":22},"end":{"line":35,"column":38}}],"line":35},"4":{"loc":{"start":{"line":56,"column":13},"end":{"line":56,"column":44}},"type":"binary-expr","locations":[{"start":{"line":56,"column":13},"end":{"line":56,"column":22}},{"start":{"line":56,"column":26},"end":{"line":56,"column":44}}],"line":56}},"s":{"0":3,"1":0,"2":0,"3":3,"4":0,"5":0,"6":0,"7":0,"8":0,"9":0},"f":{"0":0,"1":0,"2":0,"3":0},"b":{"0":[0,0],"1":[0],"2":[0,0],"3":[0,0],"4":[0,0]},"_coverageSchema":"1a1c01bbd47fc00a2c39e90264f33305004495a9","hash":"d3ce58b8206a91fe997e01df63cfd92342337341"}
,"/Users/vadin/Desktop/course/production-project/src/entities/Article/ui/ArticleListItem/ArticleListItem.tsx": {"path":"/Users/vadin/Desktop/course/production-project/src/entities/Article/ui/ArticleListItem/ArticleListItem.tsx","statementMap":{"0":{"start":{"line":27,"column":31},"end":{"line":97,"column":2}},"1":{"start":{"line":30,"column":8},"end":{"line":30,"column":13}},"2":{"start":{"line":31,"column":18},"end":{"line":31,"column":34}},"3":{"start":{"line":33,"column":18},"end":{"line":33,"column":79}},"4":{"start":{"line":35,"column":8},"end":{"line":38,"column":11}},"5":{"start":{"line":41,"column":4},"end":{"line":71,"column":5}},"6":{"start":{"line":42,"column":26},"end":{"line":42,"column":114}},"7":{"start":{"line":42,"column":57},"end":{"line":42,"column":93}},"8":{"start":{"line":44,"column":8},"end":{"line":70,"column":10}},"9":{"start":{"line":73,"column":4},"end":{"line":96,"column":6}}},"fnMap":{"0":{"name":"(anonymous_0)","decl":{"start":{"line":27,"column":36},"end":{"line":27,"column":37}},"loc":{"start":{"line":27,"column":69},"end":{"line":97,"column":1}},"line":27},"1":{"name":"(anonymous_1)","decl":{"start":{"line":42,"column":46},"end":{"line":42,"column":47}},"loc":{"start":{"line":42,"column":57},"end":{"line":42,"column":93}},"line":42}},"branchMap":{"0":{"loc":{"start":{"line":41,"column":4},"end":{"line":71,"column":5}},"type":"if","locations":[{"start":{"line":41,"column":4},"end":{"line":71,"column":5}},{"start":{},"end":{}}],"line":41},"1":{"loc":{"start":{"line":61,"column":21},"end":{"line":61,"column":107}},"type":"binary-expr","locations":[{"start":{"line":61,"column":21},"end":{"line":61,"column":30}},{"start":{"line":61,"column":34},"end":{"line":61,"column":107}}],"line":61}},"s":{"0":3,"1":0,"2":0,"3":0,"4":0,"5":0,"6":0,"7":0,"8":0,"9":0},"f":{"0":0,"1":0},"b":{"0":[0,0],"1":[0,0]},"_coverageSchema":"1a1c01bbd47fc00a2c39e90264f33305004495a9","hash":"f69bc225d0fa7c5dc59303b0828f2951d3f6e40d"}
,"/Users/vadin/Desktop/course/production-project/src/entities/Article/ui/ArticleListItem/ArticleListItemSkeleton.tsx": {"path":"/Users/vadin/Desktop/course/production-project/src/entities/Article/ui/ArticleListItem/ArticleListItemSkeleton.tsx","statementMap":{"0":{"start":{"line":13,"column":39},"end":{"line":48,"column":2}},"1":{"start":{"line":14,"column":32},"end":{"line":14,"column":37}},"2":{"start":{"line":16,"column":4},"end":{"line":33,"column":5}},"3":{"start":{"line":17,"column":8},"end":{"line":32,"column":10}},"4":{"start":{"line":35,"column":4},"end":{"line":47,"column":6}}},"fnMap":{"0":{"name":"(anonymous_0)","decl":{"start":{"line":13,"column":44},"end":{"line":13,"column":45}},"loc":{"start":{"line":13,"column":85},"end":{"line":48,"column":1}},"line":13}},"branchMap":{"0":{"loc":{"start":{"line":16,"column":4},"end":{"line":33,"column":5}},"type":"if","locations":[{"start":{"line":16,"column":4},"end":{"line":33,"column":5}},{"start":{},"end":{}}],"line":16}},"s":{"0":3,"1":0,"2":0,"3":0,"4":0},"f":{"0":0},"b":{"0":[0,0]},"_coverageSchema":"1a1c01bbd47fc00a2c39e90264f33305004495a9","hash":"6464c1c7a06a19b1edd1a787232f678ca8b28543"}
,"/Users/vadin/Desktop/course/production-project/src/entities/Article/ui/ArticleTextBlockComponent/ArticleTextBlockComponent.tsx": {"path":"/Users/vadin/Desktop/course/production-project/src/entities/Article/ui/ArticleTextBlockComponent/ArticleTextBlockComponent.tsx","statementMap":{"0":{"start":{"line":11,"column":41},"end":{"line":22,"column":1}},"1":{"start":{"line":12,"column":33},"end":{"line":12,"column":38}},"2":{"start":{"line":14,"column":4},"end":{"line":21,"column":6}},"3":{"start":{"line":18,"column":16},"end":{"line":18,"column":83}}},"fnMap":{"0":{"name":"(anonymous_0)","decl":{"start":{"line":11,"column":41},"end":{"line":11,"column":42}},"loc":{"start":{"line":11,"column":84},"end":{"line":22,"column":1}},"line":11},"1":{"name":"(anonymous_1)","decl":{"start":{"line":17,"column":34},"end":{"line":17,"column":35}},"loc":{"start":{"line":18,"column":16},"end":{"line":18,"column":83}},"line":18}},"branchMap":{"0":{"loc":{"start":{"line":16,"column":13},"end":{"line":16,"column":78}},"type":"binary-expr","locations":[{"start":{"line":16,"column":13},"end":{"line":16,"column":24}},{"start":{"line":16,"column":28},"end":{"line":16,"column":78}}],"line":16}},"s":{"0":3,"1":0,"2":0,"3":0},"f":{"0":0,"1":0},"b":{"0":[0,0]},"_coverageSchema":"1a1c01bbd47fc00a2c39e90264f33305004495a9","hash":"77a5a29f0cac6717bdb35754a1114754477ebc3c"}
,"/Users/vadin/Desktop/course/production-project/src/entities/Counter/index.ts": {"path":"/Users/vadin/Desktop/course/production-project/src/entities/Counter/index.ts","statementMap":{},"fnMap":{},"branchMap":{},"s":{},"f":{},"b":{},"_coverageSchema":"1a1c01bbd47fc00a2c39e90264f33305004495a9","hash":"cb8f0618bd53371f88f4af143fbd2d58052a6684"}
,"/Users/vadin/Desktop/course/production-project/src/entities/Counter/model/selectors/getCounter/getCounter.ts": {"path":"/Users/vadin/Desktop/course/production-project/src/entities/Counter/model/selectors/getCounter/getCounter.ts","statementMap":{"0":{"start":{"line":3,"column":26},"end":{"line":3,"column":63}},"1":{"start":{"line":3,"column":50},"end":{"line":3,"column":63}}},"fnMap":{"0":{"name":"(anonymous_0)","decl":{"start":{"line":3,"column":26},"end":{"line":3,"column":27}},"loc":{"start":{"line":3,"column":50},"end":{"line":3,"column":63}},"line":3}},"branchMap":{},"s":{"0":1,"1":1},"f":{"0":1},"b":{},"_coverageSchema":"1a1c01bbd47fc00a2c39e90264f33305004495a9","hash":"e15b50fdda6f679909f2e9e69a0142f68d96c217"}
,"/Users/vadin/Desktop/course/production-project/src/entities/Counter/model/selectors/getCounterValue/getCounterValue.ts": {"path":"/Users/vadin/Desktop/course/production-project/src/entities/Counter/model/selectors/getCounterValue/getCounterValue.ts","statementMap":{"0":{"start":{"line":3,"column":50},"end":{"line":3,"column":95}},"1":{"start":{"line":3,"column":75},"end":{"line":3,"column":94}}},"fnMap":{"0":{"name":"(anonymous_0)","decl":{"start":{"line":3,"column":64},"end":{"line":3,"column":65}},"loc":{"start":{"line":3,"column":75},"end":{"line":3,"column":94}},"line":3}},"branchMap":{},"s":{"0":5,"1":3},"f":{"0":3},"b":{},"_coverageSchema":"1a1c01bbd47fc00a2c39e90264f33305004495a9","hash":"85c19aa0727d6d3010eaafc666f4f564db77555c"}
,"/Users/vadin/Desktop/course/production-project/src/entities/Counter/model/slice/counterSlice.ts": {"path":"/Users/vadin/Desktop/course/production-project/src/entities/Counter/model/slice/counterSlice.ts","statementMap":{"0":{"start":{"line":6,"column":36},"end":{"line":8,"column":1}},"1":{"start":{"line":10,"column":28},"end":{"line":24,"column":2}},"2":{"start":{"line":15,"column":12},"end":{"line":15,"column":29}},"3":{"start":{"line":18,"column":12},"end":{"line":18,"column":29}},"4":{"start":{"line":21,"column":12},"end":{"line":21,"column":42}},"5":{"start":{"line":27,"column":99},"end":{"line":27,"column":111}}},"fnMap":{"0":{"name":"(anonymous_0)","decl":{"start":{"line":14,"column":19},"end":{"line":14,"column":20}},"loc":{"start":{"line":14,"column":30},"end":{"line":16,"column":9}},"line":14},"1":{"name":"(anonymous_1)","decl":{"start":{"line":17,"column":19},"end":{"line":17,"column":20}},"loc":{"start":{"line":17,"column":30},"end":{"line":19,"column":9}},"line":17},"2":{"name":"(anonymous_2)","decl":{"start":{"line":20,"column":13},"end":{"line":20,"column":14}},"loc":{"start":{"line":20,"column":55},"end":{"line":22,"column":9}},"line":20}},"branchMap":{},"s":{"0":5,"1":5,"2":2,"3":1,"4":0,"5":5},"f":{"0":2,"1":1,"2":0},"b":{},"_coverageSchema":"1a1c01bbd47fc00a2c39e90264f33305004495a9","hash":"35ba90f9cc8ebf0cda6639939203d57effdc4018"}
,"/Users/vadin/Desktop/course/production-project/src/entities/Counter/ui/Counter.tsx": {"path":"/Users/vadin/Desktop/course/production-project/src/entities/Counter/ui/Counter.tsx","statementMap":{"0":{"start":{"line":6,"column":23},"end":{"line":46,"column":1}},"1":{"start":{"line":7,"column":25},"end":{"line":7,"column":42}},"2":{"start":{"line":8,"column":18},"end":{"line":8,"column":34}},"3":{"start":{"line":9,"column":42},"end":{"line":9,"column":61}},"4":{"start":{"line":11,"column":22},"end":{"line":13,"column":5}},"5":{"start":{"line":12,"column":8},"end":{"line":12,"column":20}},"6":{"start":{"line":15,"column":22},"end":{"line":17,"column":5}},"7":{"start":{"line":16,"column":8},"end":{"line":16,"column":20}},"8":{"start":{"line":19,"column":26},"end":{"line":21,"column":5}},"9":{"start":{"line":20,"column":8},"end":{"line":20,"column":15}},"10":{"start":{"line":23,"column":4},"end":{"line":45,"column":6}}},"fnMap":{"0":{"name":"(anonymous_0)","decl":{"start":{"line":6,"column":23},"end":{"line":6,"column":24}},"loc":{"start":{"line":6,"column":29},"end":{"line":46,"column":1}},"line":6},"1":{"name":"(anonymous_1)","decl":{"start":{"line":11,"column":22},"end":{"line":11,"column":23}},"loc":{"start":{"line":11,"column":28},"end":{"line":13,"column":5}},"line":11},"2":{"name":"(anonymous_2)","decl":{"start":{"line":15,"column":22},"end":{"line":15,"column":23}},"loc":{"start":{"line":15,"column":28},"end":{"line":17,"column":5}},"line":15},"3":{"name":"(anonymous_3)","decl":{"start":{"line":19,"column":26},"end":{"line":19,"column":27}},"loc":{"start":{"line":19,"column":32},"end":{"line":21,"column":5}},"line":19}},"branchMap":{},"s":{"0":4,"1":2,"2":2,"3":2,"4":2,"5":0,"6":2,"7":0,"8":2,"9":0,"10":2},"f":{"0":2,"1":0,"2":0,"3":0},"b":{},"_coverageSchema":"1a1c01bbd47fc00a2c39e90264f33305004495a9","hash":"ab333b26ceba310e7e73726280fa8422afd2c066"}
,"/Users/vadin/Desktop/course/production-project/src/entities/Country/index.ts": {"path":"/Users/vadin/Desktop/course/production-project/src/entities/Country/index.ts","statementMap":{},"fnMap":{},"branchMap":{},"s":{},"f":{},"b":{},"_coverageSchema":"1a1c01bbd47fc00a2c39e90264f33305004495a9","hash":"a09eb24db64e074bccf670fe6a7172b156310a2c"}
,"/Users/vadin/Desktop/course/production-project/src/entities/Country/model/types/country.ts": {"path":"/Users/vadin/Desktop/course/production-project/src/entities/Country/model/types/country.ts","statementMap":{},"fnMap":{},"branchMap":{},"s":{},"f":{},"b":{},"_coverageSchema":"1a1c01bbd47fc00a2c39e90264f33305004495a9","hash":"6be6fe2c29b97dfa64a5414030464f3fff3713b6"}
,"/Users/vadin/Desktop/course/production-project/src/entities/Country/ui/CountrySelect.tsx": {"path":"/Users/vadin/Desktop/course/production-project/src/entities/Country/ui/CountrySelect.tsx","statementMap":{"0":{"start":{"line":13,"column":16},"end":{"line":19,"column":1}},"1":{"start":{"line":21,"column":29},"end":{"line":44,"column":2}},"2":{"start":{"line":24,"column":18},"end":{"line":24,"column":34}},"3":{"start":{"line":26,"column":28},"end":{"line":31,"column":5}},"4":{"start":{"line":28,"column":12},"end":{"line":28,"column":41}},"5":{"start":{"line":33,"column":4},"end":{"line":43,"column":6}}},"fnMap":{"0":{"name":"(anonymous_0)","decl":{"start":{"line":21,"column":34},"end":{"line":21,"column":35}},"loc":{"start":{"line":23,"column":26},"end":{"line":44,"column":1}},"line":23},"1":{"name":"(anonymous_1)","decl":{"start":{"line":27,"column":8},"end":{"line":27,"column":9}},"loc":{"start":{"line":27,"column":27},"end":{"line":29,"column":9}},"line":27}},"branchMap":{},"s":{"0":7,"1":7,"2":11,"3":11,"4":0,"5":11},"f":{"0":11,"1":0},"b":{},"_coverageSchema":"1a1c01bbd47fc00a2c39e90264f33305004495a9","hash":"1f1c0dfed14d1dcb525cf51a4a00473c2b64f77d"}
,"/Users/vadin/Desktop/course/production-project/src/entities/Currency/index.ts": {"path":"/Users/vadin/Desktop/course/production-project/src/entities/Currency/index.ts","statementMap":{},"fnMap":{},"branchMap":{},"s":{},"f":{},"b":{},"_coverageSchema":"1a1c01bbd47fc00a2c39e90264f33305004495a9","hash":"2b7da102c7aff038a8a99742297abae5cf5c362a"}
,"/Users/vadin/Desktop/course/production-project/src/entities/Currency/model/types/currency.ts": {"path":"/Users/vadin/Desktop/course/production-project/src/entities/Currency/model/types/currency.ts","statementMap":{},"fnMap":{},"branchMap":{},"s":{},"f":{},"b":{},"_coverageSchema":"1a1c01bbd47fc00a2c39e90264f33305004495a9","hash":"5e4c3df49751b3b2d00b0dc70c4f7d03e496c2de"}
,"/Users/vadin/Desktop/course/production-project/src/entities/Currency/ui/CurrencySelect/CurrencySelect.tsx": {"path":"/Users/vadin/Desktop/course/production-project/src/entities/Currency/ui/CurrencySelect/CurrencySelect.tsx","statementMap":{"0":{"start":{"line":13,"column":16},"end":{"line":17,"column":1}},"1":{"start":{"line":19,"column":30},"end":{"line":40,"column":2}},"2":{"start":{"line":22,"column":8},"end":{"line":22,"column":13}},"3":{"start":{"line":23,"column":18},"end":{"line":23,"column":34}},"4":{"start":{"line":24,"column":28},"end":{"line":26,"column":25}},"5":{"start":{"line":25,"column":8},"end":{"line":25,"column":38}},"6":{"start":{"line":28,"column":4},"end":{"line":39,"column":6}}},"fnMap":{"0":{"name":"(anonymous_0)","decl":{"start":{"line":19,"column":35},"end":{"line":19,"column":36}},"loc":{"start":{"line":19,"column":67},"end":{"line":40,"column":1}},"line":19},"1":{"name":"(anonymous_1)","decl":{"start":{"line":24,"column":40},"end":{"line":24,"column":41}},"loc":{"start":{"line":24,"column":46},"end":{"line":26,"column":5}},"line":24}},"branchMap":{},"s":{"0":7,"1":7,"2":12,"3":11,"4":11,"5":0,"6":11},"f":{"0":12,"1":0},"b":{},"_coverageSchema":"1a1c01bbd47fc00a2c39e90264f33305004495a9","hash":"1d7a4c4ac9b63e063782e41dbde43a12160af130"}
,"/Users/vadin/Desktop/course/production-project/src/entities/Profile/index.ts": {"path":"/Users/vadin/Desktop/course/production-project/src/entities/Profile/index.ts","statementMap":{},"fnMap":{},"branchMap":{},"s":{},"f":{},"b":{},"_coverageSchema":"1a1c01bbd47fc00a2c39e90264f33305004495a9","hash":"a12b55b34ca4b52dce2090c6883881d5a139ad43"}
,"/Users/vadin/Desktop/course/production-project/src/entities/Profile/ui/ProfileCard/ProfileCard.tsx": {"path":"/Users/vadin/Desktop/course/production-project/src/entities/Profile/ui/ProfileCard/ProfileCard.tsx","statementMap":{"0":{"start":{"line":29,"column":27},"end":{"line":132,"column":1}},"1":{"start":{"line":44,"column":8},"end":{"line":44,"column":13}},"2":{"start":{"line":45,"column":18},"end":{"line":45,"column":43}},"3":{"start":{"line":47,"column":4},"end":{"line":53,"column":5}},"4":{"start":{"line":48,"column":8},"end":{"line":52,"column":10}},"5":{"start":{"line":55,"column":4},"end":{"line":66,"column":5}},"6":{"start":{"line":56,"column":8},"end":{"line":65,"column":10}},"7":{"start":{"line":68,"column":23},"end":{"line":70,"column":5}},"8":{"start":{"line":72,"column":4},"end":{"line":131,"column":6}}},"fnMap":{"0":{"name":"(anonymous_0)","decl":{"start":{"line":29,"column":27},"end":{"line":29,"column":28}},"loc":{"start":{"line":29,"column":56},"end":{"line":132,"column":1}},"line":29}},"branchMap":{"0":{"loc":{"start":{"line":47,"column":4},"end":{"line":53,"column":5}},"type":"if","locations":[{"start":{"line":47,"column":4},"end":{"line":53,"column":5}},{"start":{},"end":{}}],"line":47},"1":{"loc":{"start":{"line":55,"column":4},"end":{"line":66,"column":5}},"type":"if","locations":[{"start":{"line":55,"column":4},"end":{"line":66,"column":5}},{"start":{},"end":{}}],"line":55},"2":{"loc":{"start":{"line":74,"column":13},"end":{"line":78,"column":13}},"type":"binary-expr","locations":[{"start":{"line":74,"column":13},"end":{"line":74,"column":25}},{"start":{"line":75,"column":16},"end":{"line":77,"column":25}}],"line":74}},"s":{"0":1,"1":29,"2":28,"3":28,"4":2,"5":26,"6":0,"7":26,"8":26},"f":{"0":29},"b":{"0":[2,26],"1":[0,26],"2":[26,0]},"_coverageSchema":"1a1c01bbd47fc00a2c39e90264f33305004495a9","hash":"01de5c9c46a0b1f5067471a9a3b8c164e47f433b"}
,"/Users/vadin/Desktop/course/production-project/src/entities/Rating/index.ts": {"path":"/Users/vadin/Desktop/course/production-project/src/entities/Rating/index.ts","statementMap":{},"fnMap":{},"branchMap":{},"s":{},"f":{},"b":{},"_coverageSchema":"1a1c01bbd47fc00a2c39e90264f33305004495a9","hash":"3b051fbe45905789ce22f0869448e904e2f5cbba"}
,"/Users/vadin/Desktop/course/production-project/src/entities/Rating/ui/Rating/RatingCard.tsx": {"path":"/Users/vadin/Desktop/course/production-project/src/entities/Rating/ui/Rating/RatingCard.tsx","statementMap":{"0":{"start":{"line":23,"column":26},"end":{"line":103,"column":2}},"1":{"start":{"line":32,"column":8},"end":{"line":32,"column":13}},"2":{"start":{"line":33,"column":18},"end":{"line":33,"column":34}},"3":{"start":{"line":34,"column":42},"end":{"line":34,"column":57}},"4":{"start":{"line":35,"column":40},"end":{"line":35,"column":54}},"5":{"start":{"line":36,"column":36},"end":{"line":36,"column":48}},"6":{"start":{"line":38,"column":26},"end":{"line":45,"column":31}},"7":{"start":{"line":39,"column":8},"end":{"line":39,"column":42}},"8":{"start":{"line":40,"column":8},"end":{"line":44,"column":9}},"9":{"start":{"line":41,"column":12},"end":{"line":41,"column":33}},"10":{"start":{"line":43,"column":12},"end":{"line":43,"column":43}},"11":{"start":{"line":47,"column":25},"end":{"line":50,"column":40}},"12":{"start":{"line":48,"column":8},"end":{"line":48,"column":30}},"13":{"start":{"line":49,"column":8},"end":{"line":49,"column":41}},"14":{"start":{"line":52,"column":25},"end":{"line":55,"column":30}},"15":{"start":{"line":53,"column":8},"end":{"line":53,"column":30}},"16":{"start":{"line":54,"column":8},"end":{"line":54,"column":31}},"17":{"start":{"line":58,"column":8},"end":{"line":67,"column":11}},"18":{"start":{"line":70,"column":4},"end":{"line":102,"column":6}}},"fnMap":{"0":{"name":"(anonymous_0)","decl":{"start":{"line":23,"column":31},"end":{"line":23,"column":32}},"loc":{"start":{"line":23,"column":59},"end":{"line":103,"column":1}},"line":23},"1":{"name":"(anonymous_1)","decl":{"start":{"line":38,"column":38},"end":{"line":38,"column":39}},"loc":{"start":{"line":38,"column":70},"end":{"line":45,"column":5}},"line":38},"2":{"name":"(anonymous_2)","decl":{"start":{"line":47,"column":37},"end":{"line":47,"column":38}},"loc":{"start":{"line":47,"column":43},"end":{"line":50,"column":5}},"line":47},"3":{"name":"(anonymous_3)","decl":{"start":{"line":52,"column":37},"end":{"line":52,"column":38}},"loc":{"start":{"line":52,"column":43},"end":{"line":55,"column":5}},"line":52}},"branchMap":{"0":{"loc":{"start":{"line":31,"column":8},"end":{"line":31,"column":16}},"type":"default-arg","locations":[{"start":{"line":31,"column":15},"end":{"line":31,"column":16}}],"line":31},"1":{"loc":{"start":{"line":40,"column":8},"end":{"line":44,"column":9}},"type":"if","locations":[{"start":{"line":40,"column":8},"end":{"line":44,"column":9}},{"start":{"line":42,"column":15},"end":{"line":44,"column":9}}],"line":40},"2":{"loc":{"start":{"line":73,"column":29},"end":{"line":73,"column":73}},"type":"cond-expr","locations":[{"start":{"line":73,"column":42},"end":{"line":73,"column":65}},{"start":{"line":73,"column":68},"end":{"line":73,"column":73}}],"line":73}},"s":{"0":1,"1":1,"2":1,"3":1,"4":1,"5":1,"6":1,"7":0,"8":0,"9":0,"10":0,"11":1,"12":0,"13":0,"14":1,"15":0,"16":0,"17":1,"18":1},"f":{"0":1,"1":0,"2":0,"3":0},"b":{"0":[1],"1":[0,0],"2":[0,1]},"_coverageSchema":"1a1c01bbd47fc00a2c39e90264f33305004495a9","hash":"96dc6afcdef9154a595964297285a0d907130f2d"}
,"/Users/vadin/Desktop/course/production-project/src/entities/User/index.ts": {"path":"/Users/vadin/Desktop/course/production-project/src/entities/User/index.ts","statementMap":{},"fnMap":{},"branchMap":{},"s":{},"f":{},"b":{},"_coverageSchema":"1a1c01bbd47fc00a2c39e90264f33305004495a9","hash":"414bfb4afbfe89bb9037bc3bbbedd83effaa9e1b"}
,"/Users/vadin/Desktop/course/production-project/src/entities/User/model/consts/userConsts.ts": {"path":"/Users/vadin/Desktop/course/production-project/src/entities/User/model/consts/userConsts.ts","statementMap":{},"fnMap":{},"branchMap":{},"s":{},"f":{},"b":{},"_coverageSchema":"1a1c01bbd47fc00a2c39e90264f33305004495a9","hash":"de1d79aa9921b38030a93b4a23b59d54042e5524"}
,"/Users/vadin/Desktop/course/production-project/src/entities/User/model/selectors/roleSelectors.ts": {"path":"/Users/vadin/Desktop/course/production-project/src/entities/User/model/selectors/roleSelectors.ts","statementMap":{"0":{"start":{"line":5,"column":28},"end":{"line":5,"column":78}},"1":{"start":{"line":5,"column":52},"end":{"line":5,"column":78}},"2":{"start":{"line":7,"column":27},"end":{"line":7,"column":108}},"3":{"start":{"line":7,"column":67},"end":{"line":7,"column":107}},"4":{"start":{"line":9,"column":29},"end":{"line":9,"column":112}},"5":{"start":{"line":9,"column":69},"end":{"line":9,"column":111}}},"fnMap":{"0":{"name":"(anonymous_0)","decl":{"start":{"line":5,"column":28},"end":{"line":5,"column":29}},"loc":{"start":{"line":5,"column":52},"end":{"line":5,"column":78}},"line":5},"1":{"name":"(anonymous_1)","decl":{"start":{"line":7,"column":56},"end":{"line":7,"column":57}},"loc":{"start":{"line":7,"column":67},"end":{"line":7,"column":107}},"line":7},"2":{"name":"(anonymous_2)","decl":{"start":{"line":9,"column":58},"end":{"line":9,"column":59}},"loc":{"start":{"line":9,"column":69},"end":{"line":9,"column":111}},"line":9}},"branchMap":{},"s":{"0":6,"1":3,"2":6,"3":0,"4":6,"5":0},"f":{"0":3,"1":0,"2":0},"b":{},"_coverageSchema":"1a1c01bbd47fc00a2c39e90264f33305004495a9","hash":"bfba8ac013aeb9e059ad365f611c3db9f76e1c28"}
,"/Users/vadin/Desktop/course/production-project/src/entities/User/model/selectors/getUserAuthData/getUserAuthData.ts": {"path":"/Users/vadin/Desktop/course/production-project/src/entities/User/model/selectors/getUserAuthData/getUserAuthData.ts","statementMap":{"0":{"start":{"line":3,"column":31},"end":{"line":3,"column":74}},"1":{"start":{"line":3,"column":55},"end":{"line":3,"column":74}}},"fnMap":{"0":{"name":"(anonymous_0)","decl":{"start":{"line":3,"column":31},"end":{"line":3,"column":32}},"loc":{"start":{"line":3,"column":55},"end":{"line":3,"column":74}},"line":3}},"branchMap":{},"s":{"0":6,"1":74},"f":{"0":74},"b":{},"_coverageSchema":"1a1c01bbd47fc00a2c39e90264f33305004495a9","hash":"c79d90760134337afb58e4e662ef9a133040069b"}
,"/Users/vadin/Desktop/course/production-project/src/entities/User/model/selectors/getUserInited/getUserInited.ts": {"path":"/Users/vadin/Desktop/course/production-project/src/entities/User/model/selectors/getUserInited/getUserInited.ts","statementMap":{"0":{"start":{"line":3,"column":29},"end":{"line":3,"column":71}},"1":{"start":{"line":3,"column":53},"end":{"line":3,"column":71}}},"fnMap":{"0":{"name":"(anonymous_0)","decl":{"start":{"line":3,"column":29},"end":{"line":3,"column":30}},"loc":{"start":{"line":3,"column":53},"end":{"line":3,"column":71}},"line":3}},"branchMap":{},"s":{"0":6,"1":0},"f":{"0":0},"b":{},"_coverageSchema":"1a1c01bbd47fc00a2c39e90264f33305004495a9","hash":"6e309f13e6e09740b47c54ece547421535146b35"}
,"/Users/vadin/Desktop/course/production-project/src/entities/User/model/slices/userSlice.ts": {"path":"/Users/vadin/Desktop/course/production-project/src/entities/User/model/slices/userSlice.ts","statementMap":{"0":{"start":{"line":5,"column":33},"end":{"line":7,"column":1}},"1":{"start":{"line":9,"column":25},"end":{"line":28,"column":2}},"2":{"start":{"line":14,"column":12},"end":{"line":14,"column":44}},"3":{"start":{"line":17,"column":25},"end":{"line":17,"column":68}},"4":{"start":{"line":18,"column":12},"end":{"line":20,"column":13}},"5":{"start":{"line":19,"column":16},"end":{"line":19,"column":50}},"6":{"start":{"line":21,"column":12},"end":{"line":21,"column":33}},"7":{"start":{"line":24,"column":12},"end":{"line":24,"column":59}},"8":{"start":{"line":25,"column":12},"end":{"line":25,"column":39}},"9":{"start":{"line":30,"column":40},"end":{"line":30,"column":49}},"10":{"start":{"line":31,"column":41},"end":{"line":31,"column":50}}},"fnMap":{"0":{"name":"(anonymous_0)","decl":{"start":{"line":13,"column":21},"end":{"line":13,"column":22}},"loc":{"start":{"line":13,"column":61},"end":{"line":15,"column":9}},"line":13},"1":{"name":"(anonymous_1)","decl":{"start":{"line":16,"column":22},"end":{"line":16,"column":23}},"loc":{"start":{"line":16,"column":33},"end":{"line":22,"column":9}},"line":16},"2":{"name":"(anonymous_2)","decl":{"start":{"line":23,"column":16},"end":{"line":23,"column":17}},"loc":{"start":{"line":23,"column":27},"end":{"line":26,"column":9}},"line":23}},"branchMap":{"0":{"loc":{"start":{"line":18,"column":12},"end":{"line":20,"column":13}},"type":"if","locations":[{"start":{"line":18,"column":12},"end":{"line":20,"column":13}},{"start":{},"end":{}}],"line":18}},"s":{"0":6,"1":6,"2":0,"3":0,"4":0,"5":0,"6":0,"7":0,"8":0,"9":6,"10":6},"f":{"0":0,"1":0,"2":0},"b":{"0":[0,0]},"_coverageSchema":"1a1c01bbd47fc00a2c39e90264f33305004495a9","hash":"364dc1e8a0320461e3128c39900cf2b4a9515f0c"}
,"/Users/vadin/Desktop/course/production-project/src/features/AuthByUsername/model/selectors/getLoginError/getLoginError.ts": {"path":"/Users/vadin/Desktop/course/production-project/src/features/AuthByUsername/model/selectors/getLoginError/getLoginError.ts","statementMap":{"0":{"start":{"line":3,"column":29},"end":{"line":3,"column":76}},"1":{"start":{"line":3,"column":53},"end":{"line":3,"column":76}}},"fnMap":{"0":{"name":"(anonymous_0)","decl":{"start":{"line":3,"column":29},"end":{"line":3,"column":30}},"loc":{"start":{"line":3,"column":53},"end":{"line":3,"column":76}},"line":3}},"branchMap":{},"s":{"0":1,"1":2},"f":{"0":2},"b":{},"_coverageSchema":"1a1c01bbd47fc00a2c39e90264f33305004495a9","hash":"ab59f9419fad26edfc139bf9d8a9ea4424f21c94"}
,"/Users/vadin/Desktop/course/production-project/src/features/AuthByUsername/model/selectors/getLoginIsLoading/getLoginIsLoading.ts": {"path":"/Users/vadin/Desktop/course/production-project/src/features/AuthByUsername/model/selectors/getLoginIsLoading/getLoginIsLoading.ts","statementMap":{"0":{"start":{"line":3,"column":33},"end":{"line":3,"column":93}},"1":{"start":{"line":3,"column":57},"end":{"line":3,"column":93}}},"fnMap":{"0":{"name":"(anonymous_0)","decl":{"start":{"line":3,"column":33},"end":{"line":3,"column":34}},"loc":{"start":{"line":3,"column":57},"end":{"line":3,"column":93}},"line":3}},"branchMap":{"0":{"loc":{"start":{"line":3,"column":57},"end":{"line":3,"column":93}},"type":"binary-expr","locations":[{"start":{"line":3,"column":57},"end":{"line":3,"column":84}},{"start":{"line":3,"column":88},"end":{"line":3,"column":93}}],"line":3}},"s":{"0":1,"1":2},"f":{"0":2},"b":{"0":[2,1]},"_coverageSchema":"1a1c01bbd47fc00a2c39e90264f33305004495a9","hash":"65e297f76fef5e2d5c45e5a01d58268657ab94f2"}
,"/Users/vadin/Desktop/course/production-project/src/features/AuthByUsername/model/selectors/getLoginPassword/getLoginPassword.ts": {"path":"/Users/vadin/Desktop/course/production-project/src/features/AuthByUsername/model/selectors/getLoginPassword/getLoginPassword.ts","statementMap":{"0":{"start":{"line":3,"column":32},"end":{"line":3,"column":88}},"1":{"start":{"line":3,"column":56},"end":{"line":3,"column":88}}},"fnMap":{"0":{"name":"(anonymous_0)","decl":{"start":{"line":3,"column":32},"end":{"line":3,"column":33}},"loc":{"start":{"line":3,"column":56},"end":{"line":3,"column":88}},"line":3}},"branchMap":{"0":{"loc":{"start":{"line":3,"column":56},"end":{"line":3,"column":88}},"type":"binary-expr","locations":[{"start":{"line":3,"column":56},"end":{"line":3,"column":82}},{"start":{"line":3,"column":86},"end":{"line":3,"column":88}}],"line":3}},"s":{"0":1,"1":2},"f":{"0":2},"b":{"0":[2,1]},"_coverageSchema":"1a1c01bbd47fc00a2c39e90264f33305004495a9","hash":"c289e0a70235c327588c20ac98c129026ef77f4f"}
,"/Users/vadin/Desktop/course/production-project/src/features/AuthByUsername/model/selectors/getLoginUsername/getLoginUsername.ts": {"path":"/Users/vadin/Desktop/course/production-project/src/features/AuthByUsername/model/selectors/getLoginUsername/getLoginUsername.ts","statementMap":{"0":{"start":{"line":3,"column":32},"end":{"line":3,"column":88}},"1":{"start":{"line":3,"column":56},"end":{"line":3,"column":88}}},"fnMap":{"0":{"name":"(anonymous_0)","decl":{"start":{"line":3,"column":32},"end":{"line":3,"column":33}},"loc":{"start":{"line":3,"column":56},"end":{"line":3,"column":88}},"line":3}},"branchMap":{"0":{"loc":{"start":{"line":3,"column":56},"end":{"line":3,"column":88}},"type":"binary-expr","locations":[{"start":{"line":3,"column":56},"end":{"line":3,"column":82}},{"start":{"line":3,"column":86},"end":{"line":3,"column":88}}],"line":3}},"s":{"0":1,"1":2},"f":{"0":2},"b":{"0":[2,1]},"_coverageSchema":"1a1c01bbd47fc00a2c39e90264f33305004495a9","hash":"c6236948d268d8eae6ae49853317263a0e69eefb"}
,"/Users/vadin/Desktop/course/production-project/src/features/AuthByUsername/model/services/loginByUsername/loginByUsername.ts": {"path":"/Users/vadin/Desktop/course/production-project/src/features/AuthByUsername/model/services/loginByUsername/loginByUsername.ts","statementMap":{"0":{"start":{"line":11,"column":31},"end":{"line":27,"column":1}},"1":{"start":{"line":14,"column":53},"end":{"line":14,"column":61}},"2":{"start":{"line":15,"column":8},"end":{"line":25,"column":9}},"3":{"start":{"line":16,"column":29},"end":{"line":16,"column":69}},"4":{"start":{"line":17,"column":12},"end":{"line":19,"column":13}},"5":{"start":{"line":18,"column":16},"end":{"line":18,"column":34}},"6":{"start":{"line":20,"column":12},"end":{"line":20,"column":95}},"7":{"start":{"line":21,"column":12},"end":{"line":21,"column":69}},"8":{"start":{"line":22,"column":12},"end":{"line":22,"column":41}},"9":{"start":{"line":24,"column":12},"end":{"line":24,"column":44}}},"fnMap":{"0":{"name":"(anonymous_0)","decl":{"start":{"line":13,"column":4},"end":{"line":13,"column":5}},"loc":{"start":{"line":13,"column":34},"end":{"line":26,"column":5}},"line":13}},"branchMap":{"0":{"loc":{"start":{"line":17,"column":12},"end":{"line":19,"column":13}},"type":"if","locations":[{"start":{"line":17,"column":12},"end":{"line":19,"column":13}},{"start":{},"end":{}}],"line":17}},"s":{"0":2,"1":2,"2":2,"3":2,"4":2,"5":1,"6":1,"7":1,"8":1,"9":1},"f":{"0":2},"b":{"0":[1,1]},"_coverageSchema":"1a1c01bbd47fc00a2c39e90264f33305004495a9","hash":"207446aa1d16ae4df009712194272a185e78f601"}
,"/Users/vadin/Desktop/course/production-project/src/features/AuthByUsername/model/slices/loginSlice.ts": {"path":"/Users/vadin/Desktop/course/production-project/src/features/AuthByUsername/model/slices/loginSlice.ts","statementMap":{"0":{"start":{"line":5,"column":34},"end":{"line":10,"column":1}},"1":{"start":{"line":12,"column":26},"end":{"line":37,"column":2}},"2":{"start":{"line":17,"column":12},"end":{"line":17,"column":44}},"3":{"start":{"line":20,"column":12},"end":{"line":20,"column":44}},"4":{"start":{"line":24,"column":8},"end":{"line":35,"column":15}},"5":{"start":{"line":26,"column":16},"end":{"line":26,"column":39}},"6":{"start":{"line":27,"column":16},"end":{"line":27,"column":33}},"7":{"start":{"line":30,"column":16},"end":{"line":30,"column":40}},"8":{"start":{"line":33,"column":16},"end":{"line":33,"column":45}},"9":{"start":{"line":34,"column":16},"end":{"line":34,"column":40}},"10":{"start":{"line":39,"column":41},"end":{"line":39,"column":51}},"11":{"start":{"line":40,"column":41},"end":{"line":40,"column":51}}},"fnMap":{"0":{"name":"(anonymous_0)","decl":{"start":{"line":16,"column":21},"end":{"line":16,"column":22}},"loc":{"start":{"line":16,"column":63},"end":{"line":18,"column":9}},"line":16},"1":{"name":"(anonymous_1)","decl":{"start":{"line":19,"column":21},"end":{"line":19,"column":22}},"loc":{"start":{"line":19,"column":63},"end":{"line":21,"column":9}},"line":19},"2":{"name":"(anonymous_2)","decl":{"start":{"line":23,"column":4},"end":{"line":23,"column":5}},"loc":{"start":{"line":23,"column":27},"end":{"line":36,"column":5}},"line":23},"3":{"name":"(anonymous_3)","decl":{"start":{"line":25,"column":46},"end":{"line":25,"column":47}},"loc":{"start":{"line":25,"column":57},"end":{"line":28,"column":13}},"line":25},"4":{"name":"(anonymous_4)","decl":{"start":{"line":29,"column":48},"end":{"line":29,"column":49}},"loc":{"start":{"line":29,"column":67},"end":{"line":31,"column":13}},"line":29},"5":{"name":"(anonymous_5)","decl":{"start":{"line":32,"column":47},"end":{"line":32,"column":48}},"loc":{"start":{"line":32,"column":66},"end":{"line":35,"column":13}},"line":32}},"branchMap":{},"s":{"0":1,"1":1,"2":1,"3":1,"4":1,"5":0,"6":0,"7":0,"8":0,"9":0,"10":1,"11":1},"f":{"0":1,"1":1,"2":1,"3":0,"4":0,"5":0},"b":{},"_coverageSchema":"1a1c01bbd47fc00a2c39e90264f33305004495a9","hash":"bfc8034b1ce0f2ed9dd2e93d7e6efceb58bce683"}
,"/Users/vadin/Desktop/course/production-project/src/features/LangSwitcher/index.ts": {"path":"/Users/vadin/Desktop/course/production-project/src/features/LangSwitcher/index.ts","statementMap":{},"fnMap":{},"branchMap":{},"s":{},"f":{},"b":{},"_coverageSchema":"1a1c01bbd47fc00a2c39e90264f33305004495a9","hash":"051f5c705119ca7ed121eb63854ed60b10461bf1"}
,"/Users/vadin/Desktop/course/production-project/src/features/LangSwitcher/ui/LangSwitcher.tsx": {"path":"/Users/vadin/Desktop/course/production-project/src/features/LangSwitcher/ui/LangSwitcher.tsx","statementMap":{"0":{"start":{"line":12,"column":24},"end":{"line":12,"column":40}},"1":{"start":{"line":13,"column":33},"end":{"line":13,"column":38}},"2":{"start":{"line":14,"column":30},"end":{"line":16,"column":5}},"3":{"start":{"line":15,"column":8},"end":{"line":15,"column":66}},"4":{"start":{"line":17,"column":4},"end":{"line":25,"column":6}}},"fnMap":{"0":{"name":"LangSwitcher","decl":{"start":{"line":11,"column":24},"end":{"line":11,"column":36}},"loc":{"start":{"line":11,"column":63},"end":{"line":26,"column":1}},"line":11},"1":{"name":"(anonymous_1)","decl":{"start":{"line":14,"column":30},"end":{"line":14,"column":31}},"loc":{"start":{"line":14,"column":36},"end":{"line":16,"column":5}},"line":14}},"branchMap":{"0":{"loc":{"start":{"line":15,"column":28},"end":{"line":15,"column":64}},"type":"cond-expr","locations":[{"start":{"line":15,"column":53},"end":{"line":15,"column":57}},{"start":{"line":15,"column":60},"end":{"line":15,"column":64}}],"line":15},"1":{"loc":{"start":{"line":23,"column":15},"end":{"line":23,"column":47}},"type":"cond-expr","locations":[{"start":{"line":23,"column":23},"end":{"line":23,"column":38}},{"start":{"line":23,"column":41},"end":{"line":23,"column":47}}],"line":23}},"s":{"0":3,"1":3,"2":3,"3":0,"4":3},"f":{"0":3,"1":0},"b":{"0":[0,0],"1":[1,2]},"_coverageSchema":"1a1c01bbd47fc00a2c39e90264f33305004495a9","hash":"1f950929306ddc518ab713981734c13232d0b098"}
,"/Users/vadin/Desktop/course/production-project/src/features/ThemeSwitcher/index.ts": {"path":"/Users/vadin/Desktop/course/production-project/src/features/ThemeSwitcher/index.ts","statementMap":{},"fnMap":{},"branchMap":{},"s":{},"f":{},"b":{},"_coverageSchema":"1a1c01bbd47fc00a2c39e90264f33305004495a9","hash":"34eabd81261070867e273963a24b6161b7f42357"}
,"/Users/vadin/Desktop/course/production-project/src/features/ThemeSwitcher/ui/ThemeSwitcher.tsx": {"path":"/Users/vadin/Desktop/course/production-project/src/features/ThemeSwitcher/ui/ThemeSwitcher.tsx","statementMap":{"0":{"start":{"line":14,"column":29},"end":{"line":25,"column":2}},"1":{"start":{"line":15,"column":35},"end":{"line":15,"column":45}},"2":{"start":{"line":16,"column":4},"end":{"line":24,"column":6}}},"fnMap":{"0":{"name":"(anonymous_0)","decl":{"start":{"line":14,"column":34},"end":{"line":14,"column":35}},"loc":{"start":{"line":14,"column":73},"end":{"line":25,"column":1}},"line":14}},"branchMap":{"0":{"loc":{"start":{"line":22,"column":13},"end":{"line":22,"column":64}},"type":"cond-expr","locations":[{"start":{"line":22,"column":36},"end":{"line":22,"column":48}},{"start":{"line":22,"column":51},"end":{"line":22,"column":64}}],"line":22}},"s":{"0":1,"1":2,"2":2},"f":{"0":2},"b":{"0":[0,2]},"_coverageSchema":"1a1c01bbd47fc00a2c39e90264f33305004495a9","hash":"a46ab54cfeafd3187c22016e79784713466ecfb1"}
,"/Users/vadin/Desktop/course/production-project/src/features/UI/index.ts": {"path":"/Users/vadin/Desktop/course/production-project/src/features/UI/index.ts","statementMap":{},"fnMap":{},"branchMap":{},"s":{},"f":{},"b":{},"_coverageSchema":"1a1c01bbd47fc00a2c39e90264f33305004495a9","hash":"132c21db0630628187419ecacb6c00934ef08bfd"}
,"/Users/vadin/Desktop/course/production-project/src/features/UI/model/selectors/ui.ts": {"path":"/Users/vadin/Desktop/course/production-project/src/features/UI/model/selectors/ui.ts","statementMap":{"0":{"start":{"line":4,"column":27},"end":{"line":4,"column":66}},"1":{"start":{"line":4,"column":51},"end":{"line":4,"column":66}},"2":{"start":{"line":6,"column":33},"end":{"line":10,"column":1}},"3":{"start":{"line":8,"column":42},"end":{"line":8,"column":46}},"4":{"start":{"line":9,"column":22},"end":{"line":9,"column":39}}},"fnMap":{"0":{"name":"(anonymous_0)","decl":{"start":{"line":4,"column":27},"end":{"line":4,"column":28}},"loc":{"start":{"line":4,"column":51},"end":{"line":4,"column":66}},"line":4},"1":{"name":"(anonymous_1)","decl":{"start":{"line":8,"column":4},"end":{"line":8,"column":5}},"loc":{"start":{"line":8,"column":42},"end":{"line":8,"column":46}},"line":8},"2":{"name":"(anonymous_2)","decl":{"start":{"line":9,"column":4},"end":{"line":9,"column":5}},"loc":{"start":{"line":9,"column":22},"end":{"line":9,"column":39}},"line":9}},"branchMap":{"0":{"loc":{"start":{"line":9,"column":22},"end":{"line":9,"column":39}},"type":"binary-expr","locations":[{"start":{"line":9,"column":22},"end":{"line":9,"column":34}},{"start":{"line":9,"column":38},"end":{"line":9,"column":39}}],"line":9}},"s":{"0":4,"1":3,"2":4,"3":3,"4":3},"f":{"0":3,"1":3,"2":3},"b":{"0":[3,3]},"_coverageSchema":"1a1c01bbd47fc00a2c39e90264f33305004495a9","hash":"624b9c46222a54bdc5877d56db0a47355c89b01c"}
,"/Users/vadin/Desktop/course/production-project/src/features/UI/model/slices/UISlice.ts": {"path":"/Users/vadin/Desktop/course/production-project/src/features/UI/model/slices/UISlice.ts","statementMap":{"0":{"start":{"line":4,"column":31},"end":{"line":6,"column":1}},"1":{"start":{"line":8,"column":23},"end":{"line":19,"column":2}},"2":{"start":{"line":13,"column":12},"end":{"line":13,"column":58}},"3":{"start":{"line":21,"column":38},"end":{"line":21,"column":45}},"4":{"start":{"line":22,"column":38},"end":{"line":22,"column":45}}},"fnMap":{"0":{"name":"(anonymous_0)","decl":{"start":{"line":12,"column":27},"end":{"line":12,"column":28}},"loc":{"start":{"line":12,"column":100},"end":{"line":14,"column":9}},"line":12}},"branchMap":{},"s":{"0":4,"1":4,"2":0,"3":4,"4":4},"f":{"0":0},"b":{},"_coverageSchema":"1a1c01bbd47fc00a2c39e90264f33305004495a9","hash":"114606981cfe69feb80eb48c4789e0d5d6e6779f"}
,"/Users/vadin/Desktop/course/production-project/src/features/editableProfileCard/model/consts/consts.ts": {"path":"/Users/vadin/Desktop/course/production-project/src/features/editableProfileCard/model/consts/consts.ts","statementMap":{},"fnMap":{},"branchMap":{},"s":{},"f":{},"b":{},"_coverageSchema":"1a1c01bbd47fc00a2c39e90264f33305004495a9","hash":"412ad8c5382c0df28522a330b95ad28a449eb5c6"}
,"/Users/vadin/Desktop/course/production-project/src/features/editableProfileCard/model/selectors/getProfileData/getProfileData.ts": {"path":"/Users/vadin/Desktop/course/production-project/src/features/editableProfileCard/model/selectors/getProfileData/getProfileData.ts","statementMap":{"0":{"start":{"line":3,"column":30},"end":{"line":3,"column":73}},"1":{"start":{"line":3,"column":54},"end":{"line":3,"column":73}}},"fnMap":{"0":{"name":"(anonymous_0)","decl":{"start":{"line":3,"column":30},"end":{"line":3,"column":31}},"loc":{"start":{"line":3,"column":54},"end":{"line":3,"column":73}},"line":3}},"branchMap":{},"s":{"0":2,"1":62},"f":{"0":62},"b":{},"_coverageSchema":"1a1c01bbd47fc00a2c39e90264f33305004495a9","hash":"25234d64091fcbec505866de1327dd6303dc7069"}
,"/Users/vadin/Desktop/course/production-project/src/features/editableProfileCard/model/selectors/getProfileError/getProfileError.ts": {"path":"/Users/vadin/Desktop/course/production-project/src/features/editableProfileCard/model/selectors/getProfileError/getProfileError.ts","statementMap":{"0":{"start":{"line":3,"column":31},"end":{"line":3,"column":75}},"1":{"start":{"line":3,"column":55},"end":{"line":3,"column":75}}},"fnMap":{"0":{"name":"(anonymous_0)","decl":{"start":{"line":3,"column":31},"end":{"line":3,"column":32}},"loc":{"start":{"line":3,"column":55},"end":{"line":3,"column":75}},"line":3}},"branchMap":{},"s":{"0":2,"1":62},"f":{"0":62},"b":{},"_coverageSchema":"1a1c01bbd47fc00a2c39e90264f33305004495a9","hash":"2072f52d3c6aba21e35e5e846ef4c90dfbc18a2f"}
,"/Users/vadin/Desktop/course/production-project/src/features/editableProfileCard/model/selectors/getProfileForm/getProfileForm.ts": {"path":"/Users/vadin/Desktop/course/production-project/src/features/editableProfileCard/model/selectors/getProfileForm/getProfileForm.ts","statementMap":{"0":{"start":{"line":3,"column":30},"end":{"line":3,"column":73}},"1":{"start":{"line":3,"column":54},"end":{"line":3,"column":73}}},"fnMap":{"0":{"name":"(anonymous_0)","decl":{"start":{"line":3,"column":30},"end":{"line":3,"column":31}},"loc":{"start":{"line":3,"column":54},"end":{"line":3,"column":73}},"line":3}},"branchMap":{},"s":{"0":4,"1":51},"f":{"0":51},"b":{},"_coverageSchema":"1a1c01bbd47fc00a2c39e90264f33305004495a9","hash":"36e9c69fc6fe35148a95d786179f4323a1765310"}
,"/Users/vadin/Desktop/course/production-project/src/features/editableProfileCard/model/selectors/getProfileIsLoading/getProfileIsLoading.ts": {"path":"/Users/vadin/Desktop/course/production-project/src/features/editableProfileCard/model/selectors/getProfileIsLoading/getProfileIsLoading.ts","statementMap":{"0":{"start":{"line":3,"column":35},"end":{"line":3,"column":83}},"1":{"start":{"line":3,"column":59},"end":{"line":3,"column":83}}},"fnMap":{"0":{"name":"(anonymous_0)","decl":{"start":{"line":3,"column":35},"end":{"line":3,"column":36}},"loc":{"start":{"line":3,"column":59},"end":{"line":3,"column":83}},"line":3}},"branchMap":{},"s":{"0":2,"1":58},"f":{"0":58},"b":{},"_coverageSchema":"1a1c01bbd47fc00a2c39e90264f33305004495a9","hash":"f0ccd9a715880024ea2d5ce828da6308df89a6f5"}
,"/Users/vadin/Desktop/course/production-project/src/features/editableProfileCard/model/selectors/getProfileReadonly/getProfileReadonly.ts": {"path":"/Users/vadin/Desktop/course/production-project/src/features/editableProfileCard/model/selectors/getProfileReadonly/getProfileReadonly.ts","statementMap":{"0":{"start":{"line":3,"column":34},"end":{"line":3,"column":81}},"1":{"start":{"line":3,"column":58},"end":{"line":3,"column":81}}},"fnMap":{"0":{"name":"(anonymous_0)","decl":{"start":{"line":3,"column":34},"end":{"line":3,"column":35}},"loc":{"start":{"line":3,"column":58},"end":{"line":3,"column":81}},"line":3}},"branchMap":{},"s":{"0":2,"1":112},"f":{"0":112},"b":{},"_coverageSchema":"1a1c01bbd47fc00a2c39e90264f33305004495a9","hash":"54a2f368e1dccd164f4d3ad0ddbfe7b2d06c7c1a"}
,"/Users/vadin/Desktop/course/production-project/src/features/editableProfileCard/model/selectors/getProfileValidateErrors/getProfileValidateErrors.ts": {"path":"/Users/vadin/Desktop/course/production-project/src/features/editableProfileCard/model/selectors/getProfileValidateErrors/getProfileValidateErrors.ts","statementMap":{"0":{"start":{"line":3,"column":40},"end":{"line":3,"column":93}},"1":{"start":{"line":3,"column":64},"end":{"line":3,"column":93}}},"fnMap":{"0":{"name":"(anonymous_0)","decl":{"start":{"line":3,"column":40},"end":{"line":3,"column":41}},"loc":{"start":{"line":3,"column":64},"end":{"line":3,"column":93}},"line":3}},"branchMap":{},"s":{"0":2,"1":60},"f":{"0":60},"b":{},"_coverageSchema":"1a1c01bbd47fc00a2c39e90264f33305004495a9","hash":"44b4c86ffdce8fa3109349afa949215dd4b79f31"}
,"/Users/vadin/Desktop/course/production-project/src/features/editableProfileCard/model/services/fetchProfileData/fetchProfileData.ts": {"path":"/Users/vadin/Desktop/course/production-project/src/features/editableProfileCard/model/services/fetchProfileData/fetchProfileData.ts","statementMap":{"0":{"start":{"line":5,"column":32},"end":{"line":23,"column":1}},"1":{"start":{"line":8,"column":43},"end":{"line":8,"column":51}},"2":{"start":{"line":9,"column":8},"end":{"line":9,"column":35}},"3":{"start":{"line":10,"column":8},"end":{"line":21,"column":9}},"4":{"start":{"line":11,"column":29},"end":{"line":11,"column":82}},"5":{"start":{"line":13,"column":12},"end":{"line":15,"column":13}},"6":{"start":{"line":14,"column":16},"end":{"line":14,"column":34}},"7":{"start":{"line":17,"column":12},"end":{"line":17,"column":33}},"8":{"start":{"line":19,"column":12},"end":{"line":19,"column":27}},"9":{"start":{"line":20,"column":12},"end":{"line":20,"column":44}}},"fnMap":{"0":{"name":"(anonymous_0)","decl":{"start":{"line":7,"column":4},"end":{"line":7,"column":5}},"loc":{"start":{"line":7,"column":35},"end":{"line":22,"column":5}},"line":7}},"branchMap":{"0":{"loc":{"start":{"line":13,"column":12},"end":{"line":15,"column":13}},"type":"if","locations":[{"start":{"line":13,"column":12},"end":{"line":15,"column":13}},{"start":{},"end":{}}],"line":13}},"s":{"0":3,"1":2,"2":2,"3":2,"4":2,"5":2,"6":1,"7":1,"8":1,"9":1},"f":{"0":2},"b":{"0":[1,1]},"_coverageSchema":"1a1c01bbd47fc00a2c39e90264f33305004495a9","hash":"f03f658d91fa7eb8c336e11dd14279ba2fb67e36"}
,"/Users/vadin/Desktop/course/production-project/src/features/editableProfileCard/model/services/updateProfileData/updateProfileData.ts": {"path":"/Users/vadin/Desktop/course/production-project/src/features/editableProfileCard/model/services/updateProfileData/updateProfileData.ts","statementMap":{"0":{"start":{"line":8,"column":33},"end":{"line":34,"column":1}},"1":{"start":{"line":11,"column":53},"end":{"line":11,"column":61}},"2":{"start":{"line":13,"column":25},"end":{"line":13,"column":51}},"3":{"start":{"line":15,"column":23},"end":{"line":15,"column":52}},"4":{"start":{"line":17,"column":8},"end":{"line":19,"column":9}},"5":{"start":{"line":18,"column":12},"end":{"line":18,"column":43}},"6":{"start":{"line":20,"column":8},"end":{"line":20,"column":34}},"7":{"start":{"line":21,"column":8},"end":{"line":32,"column":9}},"8":{"start":{"line":22,"column":29},"end":{"line":22,"column":95}},"9":{"start":{"line":24,"column":12},"end":{"line":26,"column":13}},"10":{"start":{"line":25,"column":16},"end":{"line":25,"column":34}},"11":{"start":{"line":28,"column":12},"end":{"line":28,"column":33}},"12":{"start":{"line":30,"column":12},"end":{"line":30,"column":27}},"13":{"start":{"line":31,"column":12},"end":{"line":31,"column":72}}},"fnMap":{"0":{"name":"(anonymous_0)","decl":{"start":{"line":10,"column":4},"end":{"line":10,"column":5}},"loc":{"start":{"line":10,"column":27},"end":{"line":33,"column":5}},"line":10}},"branchMap":{"0":{"loc":{"start":{"line":17,"column":8},"end":{"line":19,"column":9}},"type":"if","locations":[{"start":{"line":17,"column":8},"end":{"line":19,"column":9}},{"start":{},"end":{}}],"line":17},"1":{"loc":{"start":{"line":24,"column":12},"end":{"line":26,"column":13}},"type":"if","locations":[{"start":{"line":24,"column":12},"end":{"line":26,"column":13}},{"start":{},"end":{}}],"line":24}},"s":{"0":3,"1":5,"2":5,"3":5,"4":5,"5":2,"6":3,"7":3,"8":3,"9":2,"10":1,"11":1,"12":2,"13":2},"f":{"0":5},"b":{"0":[2,3],"1":[1,1]},"_coverageSchema":"1a1c01bbd47fc00a2c39e90264f33305004495a9","hash":"058e8a367000b15add1d01c6979ae01eefee7e1f"}
,"/Users/vadin/Desktop/course/production-project/src/features/editableProfileCard/model/services/validateProfileData/validateProfileData.ts": {"path":"/Users/vadin/Desktop/course/production-project/src/features/editableProfileCard/model/services/validateProfileData/validateProfileData.ts","statementMap":{"0":{"start":{"line":4,"column":35},"end":{"line":28,"column":1}},"1":{"start":{"line":5,"column":4},"end":{"line":7,"column":5}},"2":{"start":{"line":6,"column":8},"end":{"line":6,"column":46}},"3":{"start":{"line":11,"column":8},"end":{"line":11,"column":15}},"4":{"start":{"line":13,"column":43},"end":{"line":13,"column":45}},"5":{"start":{"line":15,"column":4},"end":{"line":17,"column":5}},"6":{"start":{"line":16,"column":8},"end":{"line":16,"column":62}},"7":{"start":{"line":19,"column":4},"end":{"line":21,"column":5}},"8":{"start":{"line":20,"column":8},"end":{"line":20,"column":56}},"9":{"start":{"line":23,"column":4},"end":{"line":25,"column":5}},"10":{"start":{"line":24,"column":8},"end":{"line":24,"column":60}},"11":{"start":{"line":27,"column":4},"end":{"line":27,"column":18}}},"fnMap":{"0":{"name":"(anonymous_0)","decl":{"start":{"line":4,"column":35},"end":{"line":4,"column":36}},"loc":{"start":{"line":4,"column":58},"end":{"line":28,"column":1}},"line":4}},"branchMap":{"0":{"loc":{"start":{"line":5,"column":4},"end":{"line":7,"column":5}},"type":"if","locations":[{"start":{"line":5,"column":4},"end":{"line":7,"column":5}},{"start":{},"end":{}}],"line":5},"1":{"loc":{"start":{"line":15,"column":4},"end":{"line":17,"column":5}},"type":"if","locations":[{"start":{"line":15,"column":4},"end":{"line":17,"column":5}},{"start":{},"end":{}}],"line":15},"2":{"loc":{"start":{"line":15,"column":8},"end":{"line":15,"column":27}},"type":"binary-expr","locations":[{"start":{"line":15,"column":8},"end":{"line":15,"column":14}},{"start":{"line":15,"column":18},"end":{"line":15,"column":27}}],"line":15},"3":{"loc":{"start":{"line":19,"column":4},"end":{"line":21,"column":5}},"type":"if","locations":[{"start":{"line":19,"column":4},"end":{"line":21,"column":5}},{"start":{},"end":{}}],"line":19},"4":{"loc":{"start":{"line":19,"column":8},"end":{"line":19,"column":38}},"type":"binary-expr","locations":[{"start":{"line":19,"column":8},"end":{"line":19,"column":12}},{"start":{"line":19,"column":16},"end":{"line":19,"column":38}}],"line":19},"5":{"loc":{"start":{"line":23,"column":4},"end":{"line":25,"column":5}},"type":"if","locations":[{"start":{"line":23,"column":4},"end":{"line":25,"column":5}},{"start":{},"end":{}}],"line":23}},"s":{"0":4,"1":10,"2":0,"3":10,"4":10,"5":10,"6":4,"7":10,"8":2,"9":10,"10":2,"11":10},"f":{"0":10},"b":{"0":[0,10],"1":[4,6],"2":[10,7],"3":[2,8],"4":[10,8],"5":[2,8]},"_coverageSchema":"1a1c01bbd47fc00a2c39e90264f33305004495a9","hash":"fb3b624a61a0dec6d876d1f437b950eca85aaeb1"}
,"/Users/vadin/Desktop/course/production-project/src/features/editableProfileCard/model/slices/profileSlice.ts": {"path":"/Users/vadin/Desktop/course/production-project/src/features/editableProfileCard/model/slices/profileSlice.ts","statementMap":{"0":{"start":{"line":8,"column":36},"end":{"line":13,"column":1}},"1":{"start":{"line":15,"column":28},"end":{"line":65,"column":2}},"2":{"start":{"line":20,"column":12},"end":{"line":20,"column":44}},"3":{"start":{"line":23,"column":12},"end":{"line":23,"column":34}},"4":{"start":{"line":24,"column":12},"end":{"line":24,"column":45}},"5":{"start":{"line":25,"column":12},"end":{"line":25,"column":36}},"6":{"start":{"line":28,"column":12},"end":{"line":31,"column":14}},"7":{"start":{"line":35,"column":8},"end":{"line":63,"column":15}},"8":{"start":{"line":37,"column":16},"end":{"line":37,"column":40}},"9":{"start":{"line":38,"column":16},"end":{"line":38,"column":39}},"10":{"start":{"line":41,"column":16},"end":{"line":41,"column":40}},"11":{"start":{"line":42,"column":16},"end":{"line":42,"column":44}},"12":{"start":{"line":43,"column":16},"end":{"line":43,"column":44}},"13":{"start":{"line":46,"column":16},"end":{"line":46,"column":40}},"14":{"start":{"line":47,"column":16},"end":{"line":47,"column":45}},"15":{"start":{"line":50,"column":16},"end":{"line":50,"column":49}},"16":{"start":{"line":51,"column":16},"end":{"line":51,"column":39}},"17":{"start":{"line":54,"column":16},"end":{"line":54,"column":40}},"18":{"start":{"line":55,"column":16},"end":{"line":55,"column":44}},"19":{"start":{"line":56,"column":16},"end":{"line":56,"column":44}},"20":{"start":{"line":57,"column":16},"end":{"line":57,"column":38}},"21":{"start":{"line":58,"column":16},"end":{"line":58,"column":49}},"22":{"start":{"line":61,"column":16},"end":{"line":61,"column":40}},"23":{"start":{"line":62,"column":16},"end":{"line":62,"column":54}},"24":{"start":{"line":68,"column":43},"end":{"line":68,"column":55}},"25":{"start":{"line":69,"column":43},"end":{"line":69,"column":55}}},"fnMap":{"0":{"name":"(anonymous_0)","decl":{"start":{"line":19,"column":21},"end":{"line":19,"column":22}},"loc":{"start":{"line":19,"column":64},"end":{"line":21,"column":9}}
[...]
,"/Users/vadin/Desktop/course/production-project/src/shared/ui/Stack/Flex/Flex.tsx": {"path":"/Users/vadin/Desktop/course/production-project/src/shared/ui/Stack/Flex/Flex.tsx","statementMap":{"0":{"start":{"line":10,"column":52},"end":{"line":15,"column":1}},"1":{"start":{"line":17,"column":48},"end":{"line":21,"column":1}},"2":{"start":{"line":23,"column":56},"end":{"line":26,"column":1}},"3":{"start":{"line":28,"column":44},"end":{"line":33,"column":1}},"4":{"start":{"line":47,"column":20},"end":{"line":65,"column":1}},"5":{"start":{"line":50,"column":8},"end":{"line":50,"column":13}},"6":{"start":{"line":52,"column":20},"end":{"line":58,"column":5}},"7":{"start":{"line":60,"column":23},"end":{"line":62,"column":5}},"8":{"start":{"line":64,"column":4},"end":{"line":64,"column":81}}},"fnMap":{"0":{"name":"(anonymous_0)","decl":{"start":{"line":47,"column":20},"end":{"line":47,"column":21}},"loc":{"start":{"line":47,"column":42},"end":{"line":65,"column":1}},"line":47}},"branchMap":{"0":{"loc":{"start":{"line":49,"column":29},"end":{"line":49,"column":46}},"type":"default-arg","locations":[{"start":{"line":49,"column":39},"end":{"line":49,"column":46}}],"line":49},"1":{"loc":{"start":{"line":49,"column":48},"end":{"line":49,"column":64}},"type":"default-arg","locations":[{"start":{"line":49,"column":56},"end":{"line":49,"column":64}}],"line":49},"2":{"loc":{"start":{"line":49,"column":66},"end":{"line":49,"column":83}},"type":"default-arg","locations":[{"start":{"line":49,"column":78},"end":{"line":49,"column":83}}],"line":49},"3":{"loc":{"start":{"line":57,"column":8},"end":{"line":57,"column":30}},"type":"binary-expr","locations":[{"start":{"line":57,"column":8},"end":{"line":57,"column":11}},{"start":{"line":57,"column":15},"end":{"line":57,"column":30}}],"line":57}},"s":{"0":11,"1":11,"2":11,"3":11,"4":11,"5":134,"6":133,"7":133,"8":133},"f":{"0":134},"b":{"0":[103],"1":[132],"2":[0],"3":[133,103]},"_coverageSchema":"1a1c01bbd47fc00a2c39e90264f33305004495a9","hash":"9e7d63ea45e4fa5424aa0c69f3edfa5fef4ccf07"}
,"/Users/vadin/Desktop/course/production-project/src/shared/ui/Stack/HStack/HStack.tsx": {"path":"/Users/vadin/Desktop/course/production-project/src/shared/ui/Stack/HStack/HStack.tsx","statementMap":{"0":{"start":{"line":5,"column":22},"end":{"line":7,"column":1}},"1":{"start":{"line":6,"column":4},"end":{"line":6,"column":47}}},"fnMap":{"0":{"name":"(anonymous_0)","decl":{"start":{"line":5,"column":22},"end":{"line":5,"column":23}},"loc":{"start":{"line":5,"column":46},"end":{"line":7,"column":1}},"line":5}},"branchMap":{},"s":{"0":11,"1":76},"f":{"0":76},"b":{},"_coverageSchema":"1a1c01bbd47fc00a2c39e90264f33305004495a9","hash":"6c9c535a30e2eec14fb076f9dda0939293e98d4d"}
,"/Users/vadin/Desktop/course/production-project/src/shared/ui/Stack/VStack/VStack.tsx": {"path":"/Users/vadin/Desktop/course/production-project/src/shared/ui/Stack/VStack/VStack.tsx","statementMap":{"0":{"start":{"line":5,"column":22},"end":{"line":7,"column":1}},"1":{"start":{"line":6,"column":4},"end":{"line":6,"column":50}}},"fnMap":{"0":{"name":"(anonymous_0)","decl":{"start":{"line":5,"column":22},"end":{"line":5,"column":23}},"loc":{"start":{"line":5,"column":46},"end":{"line":7,"column":1}},"line":5}},"branchMap":{},"s":{"0":11,"1":59},"f":{"0":59},"b":{},"_coverageSchema":"1a1c01bbd47fc00a2c39e90264f33305004495a9","hash":"eeeb766cb25beda25a3d5f6b547ea93587b5884b"}
,"/Users/vadin/Desktop/course/production-project/src/shared/ui/StarRating/StarRating.tsx": {"path":"/Users/vadin/Desktop/course/production-project/src/shared/ui/StarRating/StarRating.tsx","statementMap":{"0":{"start":{"line":14,"column":14},"end":{"line":14,"column":29}},"1":{"start":{"line":16,"column":26},"end":{"line":63,"column":2}},"2":{"start":{"line":19,"column":8},"end":{"line":19,"column":13}},"3":{"start":{"line":20,"column":54},"end":{"line":20,"column":77}},"4":{"start":{"line":21,"column":40},"end":{"line":21,"column":72}},"5":{"start":{"line":23,"column":20},"end":{"line":27,"column":5}},"6":{"start":{"line":23,"column":44},"end":{"line":27,"column":5}},"7":{"start":{"line":24,"column":8},"end":{"line":26,"column":9}},"8":{"start":{"line":25,"column":12},"end":{"line":25,"column":45}},"9":{"start":{"line":29,"column":20},"end":{"line":33,"column":5}},"10":{"start":{"line":30,"column":8},"end":{"line":32,"column":9}},"11":{"start":{"line":31,"column":12},"end":{"line":31,"column":36}},"12":{"start":{"line":35,"column":20},"end":{"line":41,"column":5}},"13":{"start":{"line":35,"column":44},"end":{"line":41,"column":5}},"14":{"start":{"line":36,"column":8},"end":{"line":40,"column":9}},"15":{"start":{"line":37,"column":12},"end":{"line":37,"column":35}},"16":{"start":{"line":38,"column":12},"end":{"line":38,"column":45}},"17":{"start":{"line":39,"column":12},"end":{"line":39,"column":32}},"18":{"start":{"line":43,"column":4},"end":{"line":62,"column":6}},"19":{"start":{"line":46,"column":16},"end":{"line":59,"column":18}}},"fnMap":{"0":{"name":"(anonymous_0)","decl":{"start":{"line":16,"column":31},"end":{"line":16,"column":32}},"loc":{"start":{"line":16,"column":59},"end":{"line":63,"column":1}},"line":16},"1":{"name":"(anonymous_1)","decl":{"start":{"line":23,"column":20},"end":{"line":23,"column":21}},"loc":{"start":{"line":23,"column":44},"end":{"line":27,"column":5}},"line":23},"2":{"name":"(anonymous_2)","decl":{"start":{"line":23,"column":44},"end":{"line":23,"column":45}},"loc":{"start":{"line":23,"column":50},"end":{"line":27,"column":5}},"line":23},"3":{"name":"(anonymous_3)","decl":{"start":{"line":29,"column":20},"end":{"line":29,"column":21}},"loc":{"start":{"line":29,"column":26},"end":{"line":33,"column":5}},"line":29},"4":{"name":"(anonymous_4)","decl":{"start":{"line":35,"column":20},"end":{"line":35,"column":21}},"loc":{"start":{"line":35,"column":44},"end":{"line":41,"column":5}},"line":35},"5":{"name":"(anonymous_5)","decl":{"start":{"line":35,"column":44},"end":{"line":35,"column":45}},"loc":{"start":{"line":35,"column":50},"end":{"line":41,"column":5}},"line":35},"6":{"name":"(anonymous_6)","decl":{"start":{"line":45,"column":23},"end":{"line":45,"column":24}},"loc":{"start":{"line":46,"column":16},"end":{"line":59,"column":18}},"line":46}},"branchMap":{"0":{"loc":{"start":{"line":18,"column":19},"end":{"line":18,"column":28}},"type":"default-arg","locations":[{"start":{"line":18,"column":26},"end":{"line":18,"column":28}}],"line":18},"1":{"loc":{"start":{"line":18,"column":30},"end":{"line":18,"column":47}},"type":"default-arg","locations":[{"start":{"line":18,"column":46},"end":{"line":18,"column":47}}],"line":18},"2":{"loc":{"start":{"line":24,"column":8},"end":{"line":26,"column":9}},"type":"if","locations":[{"start":{"line":24,"column":8},"end":{"line":26,"column":9}},{"start":{},"end":{}}],"line":24},"3":{"loc":{"start":{"line":30,"column":8},"end":{"line":32,"column":9}},"type":"if","locations":[{"start":{"line":30,"column":8},"end":{"line":32,"column":9}},{"start":{},"end":{}}],"line":30},"4":{"loc":{"start":{"line":36,"column":8},"end":{"line":40,"column":9}},"type":"if","locations":[{"start":{"line":36,"column":8},"end":{"line":40,"column":9}},{"start":{},"end":{}}],"line":36},"5":{"loc":{"start":{"line":50,"column":25},"end":{"line":50,"column":83}},"type":"cond-expr","locations":[{"start":{"line":50,"column":59},"end":{"line":50,"column":70}},{"start":{"line":50,"column":73},"end":{"line":50,"column":83}}],"line":50}},"s":{"0":1,"1":1,"2":1,"3":1,"4":1,"5":1,"6":5,"7":0,"8":0,"9":1,"10":0,"11":0,"12":1,"13":5,"14":0,"15":0,"16":0,"17":0,"18":1,"19":5},"f":{"0":1,"1":5,"2":0,"3":0,"4":5,"5":0,"6":5},"b":{"0":[0],"1":[0],"2":[0,0],"3":[0,0],"4":[0,0],"5":[0,5]},"_coverageSchema":"1a1c01bbd47fc00a2c39e90264f33305004495a9","hash":"de4208d8680c0bad597301693718446f2fa87446"}
,"/Users/vadin/Desktop/course/production-project/src/shared/ui/StarRating/index.ts": {"path":"/Users/vadin/Desktop/course/production-project/src/shared/ui/StarRating/index.ts","statementMap":{},"fnMap":{},"branchMap":{},"s":{},"f":{},"b":{},"_coverageSchema":"1a1c01bbd47fc00a2c39e90264f33305004495a9","hash":"c39040da3fede93465145c2f60f1fe69e7ac16ab"}
,"/Users/vadin/Desktop/course/production-project/src/shared/ui/Text/Text.tsx": {"path":"/Users/vadin/Desktop/course/production-project/src/shared/ui/Text/Text.tsx","statementMap":{"0":{"start":{"line":36,"column":60},"end":{"line":40,"column":1}},"1":{"start":{"line":42,"column":20},"end":{"line":75,"column":2}},"2":{"start":{"line":51,"column":8},"end":{"line":51,"column":13}},"3":{"start":{"line":53,"column":22},"end":{"line":53,"column":46}},"4":{"start":{"line":55,"column":23},"end":{"line":59,"column":5}},"5":{"start":{"line":61,"column":4},"end":{"line":74,"column":6}}},"fnMap":{"0":{"name":"(anonymous_0)","decl":{"start":{"line":42,"column":25},"end":{"line":42,"column":26}},"loc":{"start":{"line":42,"column":47},"end":{"line":75,"column":1}},"line":42}},"branchMap":{"0":{"loc":{"start":{"line":46,"column":8},"end":{"line":46,"column":33}},"type":"default-arg","locations":[{"start":{"line":46,"column":16},"end":{"line":46,"column":33}}],"line":46},"1":{"loc":{"start":{"line":48,"column":8},"end":{"line":48,"column":30}},"type":"default-arg","locations":[{"start":{"line":48,"column":16},"end":{"line":48,"column":30}}],"line":48},"2":{"loc":{"start":{"line":49,"column":8},"end":{"line":49,"column":25}},"type":"default-arg","locations":[{"start":{"line":49,"column":15},"end":{"line":49,"column":25}}],"line":49},"3":{"loc":{"start":{"line":50,"column":23},"end":{"line":50,"column":42}},"type":"default-arg","locations":[{"start":{"line":50,"column":36},"end":{"line":50,"column":42}}],"line":50},"4":{"loc":{"start":{"line":63,"column":13},"end":{"line":67,"column":13}},"type":"binary-expr","locations":[{"start":{"line":63,"column":13},"end":{"line":63,"column":18}},{"start":{"line":64,"column":16},"end":{"line":66,"column":28}}],"line":63},"5":{"loc":{"start":{"line":68,"column":13},"end":{"line":72,"column":13}},"type":"binary-expr","locations":[{"start":{"line":68,"column":13},"end":{"line":68,"column":17}},{"start":{"line":69,"column":16},"end":{"line":71,"column":20}}],"line":68}},"s":{"0":4,"1":4,"2":7,"3":7,"4":7,"5":7},"f":{"0":7},"b":{"0":[5],"1":[7],"2":[7],"3":[5],"4":[7,5],"5":[7,2]},"_coverageSchema":"1a1c01bbd47fc00a2c39e90264f33305004495a9","hash":"8e68b31415cd729b166c59e8d531ac2185b5d3a6"}
,"/Users/vadin/Desktop/course/production-project/src/shared/ui/Text/index.ts": {"path":"/Users/vadin/Desktop/course/production-project/src/shared/ui/Text/index.ts","statementMap":{},"fnMap":{},"branchMap":{},"s":{},"f":{},"b":{},"_coverageSchema":"1a1c01bbd47fc00a2c39e90264f33305004495a9","hash":"d60b5bc0ee050e7b78635c75c6469ae8a682b4bc"}
,"/Users/vadin/Desktop/course/production-project/src/widgets/Page/index.ts": {"path":"/Users/vadin/Desktop/course/production-project/src/widgets/Page/index.ts","statementMap":{},"fnMap":{},"branchMap":{},"s":{},"f":{},"b":{},"_coverageSchema":"1a1c01bbd47fc00a2c39e90264f33305004495a9","hash":"8d4161968208164d6072f50c88ecceccffa2e045"}
,"/Users/vadin/Desktop/course/production-project/src/widgets/Page/ui/Page.tsx": {"path":"/Users/vadin/Desktop/course/production-project/src/widgets/Page/ui/Page.tsx","statementMap":{"0":{"start":{"line":22,"column":23},"end":{"line":22,"column":32}},"1":{"start":{"line":24,"column":20},"end":{"line":63,"column":2}},"2":{"start":{"line":25,"column":49},"end":{"line":25,"column":54}},"3":{"start":{"line":26,"column":23},"end":{"line":26,"column":67}},"4":{"start":{"line":27,"column":23},"end":{"line":27,"column":67}},"5":{"start":{"line":28,"column":21},"end":{"line":28,"column":37}},"6":{"start":{"line":29,"column":25},"end":{"line":29,"column":38}},"7":{"start":{"line":30,"column":27},"end":{"line":30,"column":98}},"8":{"start":{"line":30,"column":63},"end":{"line":30,"column":97}},"9":{"start":{"line":32,"column":4},"end":{"line":36,"column":7}},"10":{"start":{"line":38,"column":4},"end":{"line":40,"column":7}},"11":{"start":{"line":39,"column":8},"end":{"line":39,"column":54}},"12":{"start":{"line":42,"column":21},"end":{"line":49,"column":11}},"13":{"start":{"line":43,"column":8},"end":{"line":48,"column":10}},"14":{"start":{"line":51,"column":4},"end":{"line":62,"column":6}}},"fnMap":{"0":{"name":"(anonymous_0)","decl":{"start":{"line":24,"column":25},"end":{"line":24,"column":26}},"loc":{"start":{"line":24,"column":47},"end":{"line":63,"column":1}},"line":24},"1":{"name":"(anonymous_1)","decl":{"start":{"line":30,"column":39},"end":{"line":30,"column":40}},"loc":{"start":{"line":30,"column":63},"end":{"line":30,"column":97}},"line":30},"2":{"name":"(anonymous_2)","decl":{"start":{"line":38,"column":21},"end":{"line":38,"column":22}},"loc":{"start":{"line":38,"column":27},"end":{"line":40,"column":5}},"line":38},"3":{"name":"(anonymous_3)","decl":{"start":{"line":42,"column":33},"end":{"line":42,"column":34}},"loc":{"start":{"line":42,"column":65},"end":{"line":49,"column":5}},"line":42}},"branchMap":{"0":{"loc":{"start":{"line":57,"column":25},"end":{"line":57,"column":55}},"type":"binary-expr","locations":[{"start":{"line":57,"column":25},"end":{"line":57,"column":45}},{"start":{"line":57,"column":49},"end":{"line":57,"column":55}}],"line":57},"1":{"loc":{"start":{"line":60,"column":13},"end":{"line":60,"column":82}},"type":"cond-expr","locations":[{"start":{"line":60,"column":27},"end":{"line":60,"column":75}},{"start":{"line":60,"column":78},"end":{"line":60,"column":82}}],"line":60}},"s":{"0":1,"1":1,"2":3,"3":3,"4":3,"5":3,"6":3,"7":3,"8":3,"9":3,"10":3,"11":0,"12":3,"13":0,"14":3},"f":{"0":3,"1":3,"2":0,"3":0},"b":{"0":[3,0],"1":[0,3]},"_coverageSchema":"1a1c01bbd47fc00a2c39e90264f33305004495a9","hash":"1d48d391a0679fbdd028e163df2cd6e4f8cb75d4"}
,"/Users/vadin/Desktop/course/production-project/src/widgets/PageLoader/index.ts": {"path":"/Users/vadin/Desktop/course/production-project/src/widgets/PageLoader/index.ts","statementMap":{},"fnMap":{},"branchMap":{},"s":{},"f":{},"b":{},"_coverageSchema":"1a1c01bbd47fc00a2c39e90264f33305004495a9","hash":"0ebf4c73be099686269a7689c327119f4749a518"}
,"/Users/vadin/Desktop/course/production-project/src/widgets/PageLoader/ui/PageLoader.tsx": {"path":"/Users/vadin/Desktop/course/production-project/src/widgets/PageLoader/ui/PageLoader.tsx","statementMap":{"0":{"start":{"line":8,"column":19},"end":{"line":15,"column":1}},"1":{"start":{"line":9,"column":26},"end":{"line":9,"column":31}},"2":{"start":{"line":10,"column":4},"end":{"line":14,"column":6}}},"fnMap":{"0":{"name":"(anonymous_0)","decl":{"start":{"line":8,"column":19},"end":{"line":8,"column":20}},"loc":{"start":{"line":8,"column":47},"end":{"line":15,"column":1}},"line":8}},"branchMap":{},"s":{"0":1,"1":3,"2":3},"f":{"0":3},"b":{},"_coverageSchema":"1a1c01bbd47fc00a2c39e90264f33305004495a9","hash":"2ac966909fdd1b721abad8ba17e019bdb6125284"}
,"/Users/vadin/Desktop/course/production-project/src/widgets/Sidebar/model/selectors/getSidebarItems.ts": {"path":"/Users/vadin/Desktop/course/production-project/src/widgets/Sidebar/model/selectors/getSidebarItems.ts","statementMap":{"0":{"start":{"line":12,"column":30},"end":{"line":42,"column":3}},"1":{"start":{"line":13,"column":47},"end":{"line":24,"column":5}},"2":{"start":{"line":25,"column":4},"end":{"line":40,"column":5}},"3":{"start":{"line":26,"column":8},"end":{"line":39,"column":10}},"4":{"start":{"line":41,"column":4},"end":{"line":41,"column":27}}},"fnMap":{"0":{"name":"(anonymous_0)","decl":{"start":{"line":12,"column":63},"end":{"line":12,"column":64}},"loc":{"start":{"line":12,"column":77},"end":{"line":42,"column":1}},"line":12}},"branchMap":{"0":{"loc":{"start":{"line":25,"column":4},"end":{"line":40,"column":5}},"type":"if","locations":[{"start":{"line":25,"column":4},"end":{"line":40,"column":5}},{"start":{},"end":{}}],"line":25}},"s":{"0":1,"1":1,"2":1,"3":0,"4":1},"f":{"0":1},"b":{"0":[0,1]},"_coverageSchema":"1a1c01bbd47fc00a2c39e90264f33305004495a9","hash":"9cccda956f95cec63d52f318ad80af04b16eb4be"}
,"/Users/vadin/Desktop/course/production-project/src/widgets/Sidebar/ui/Sidebar/Sidebar.tsx": {"path":"/Users/vadin/Desktop/course/production-project/src/widgets/Sidebar/ui/Sidebar/Sidebar.tsx","statementMap":{"0":{"start":{"line":17,"column":23},"end":{"line":51,"column":2}},"1":{"start":{"line":18,"column":38},"end":{"line":18,"column":53}},"2":{"start":{"line":19,"column":21},"end":{"line":21,"column":5}},"3":{"start":{"line":20,"column":8},"end":{"line":20,"column":38}},"4":{"start":{"line":20,"column":31},"end":{"line":20,"column":36}},"5":{"start":{"line":22,"column":18},"end":{"line":22,"column":34}},"6":{"start":{"line":24,"column":28},"end":{"line":24,"column":55}},"7":{"start":{"line":26,"column":22},"end":{"line":29,"column":5}},"8":{"start":{"line":27,"column":14},"end":{"line":27,"column":110}},"9":{"start":{"line":27,"column":44},"end":{"line":27,"column":109}},"10":{"start":{"line":31,"column":4},"end":{"line":50,"column":6}}},"fnMap":{"0":{"name":"(anonymous_0)","decl":{"start":{"line":17,"column":28},"end":{"line":17,"column":29}},"loc":{"start":{"line":17,"column":61},"end":{"line":51,"column":1}},"line":17},"1":{"name":"(anonymous_1)","decl":{"start":{"line":19,"column":21},"end":{"line":19,"column":22}},"loc":{"start":{"line":19,"column":27},"end":{"line":21,"column":5}},"line":19},"2":{"name":"(anonymous_2)","decl":{"start":{"line":20,"column":21},"end":{"line":20,"column":22}},"loc":{"start":{"line":20,"column":31},"end":{"line":20,"column":36}},"line":20},"3":{"name":"(anonymous_3)","decl":{"start":{"line":27,"column":8},"end":{"line":27,"column":9}},"loc":{"start":{"line":27,"column":14},"end":{"line":27,"column":110}},"line":27},"4":{"name":"(anonymous_4)","decl":{"start":{"line":27,"column":34},"end":{"line":27,"column":35}},"loc":{"start":{"line":27,"column":44},"end":{"line":27,"column":109}},"line":27}},"branchMap":{"0":{"loc":{"start":{"line":40,"column":17},"end":{"line":40,"column":38}},"type":"cond-expr","locations":[{"start":{"line":40,"column":29},"end":{"line":40,"column":32}},{"start":{"line":40,"column":35},"end":{"line":40,"column":38}}],"line":40}},"s":{"0":1,"1":3,"2":3,"3":1,"4":1,"5":3,"6":3,"7":3,"8":3,"9":6,"10":3},"f":{"0":3,"1":1,"2":1,"3":3,"4":6},"b":{"0":[1,2]},"_coverageSchema":"1a1c01bbd47fc00a2c39e90264f33305004495a9","hash":"798b2e26460d09e91003765ff7c140fa5d9df498"}
,"/Users/vadin/Desktop/course/production-project/src/widgets/Sidebar/ui/SidebarItem/SidebarItem.tsx": {"path":"/Users/vadin/Desktop/course/production-project/src/widgets/Sidebar/ui/SidebarItem/SidebarItem.tsx","statementMap":{"0":{"start":{"line":15,"column":27},"end":{"line":36,"column":2}},"1":{"start":{"line":16,"column":32},"end":{"line":16,"column":37}},"2":{"start":{"line":18,"column":19},"end":{"line":18,"column":47}},"3":{"start":{"line":20,"column":18},"end":{"line":20,"column":34}},"4":{"start":{"line":22,"column":4},"end":{"line":24,"column":5}},"5":{"start":{"line":23,"column":8},"end":{"line":23,"column":20}},"6":{"start":{"line":26,"column":4},"end":{"line":35,"column":6}}},"fnMap":{"0":{"name":"(anonymous_0)","decl":{"start":{"line":15,"column":32},"end":{"line":15,"column":33}},"loc":{"start":{"line":15,"column":61},"end":{"line":36,"column":1}},"line":15}},"branchMap":{"0":{"loc":{"start":{"line":22,"column":4},"end":{"line":24,"column":5}},"type":"if","locations":[{"start":{"line":22,"column":4},"end":{"line":24,"column":5}},{"start":{},"end":{}}],"line":22},"1":{"loc":{"start":{"line":22,"column":8},"end":{"line":22,"column":32}},"type":"binary-expr","locations":[{"start":{"line":22,"column":8},"end":{"line":22,"column":21}},{"start":{"line":22,"column":25},"end":{"line":22,"column":32}}],"line":22}},"s":{"0":1,"1":6,"2":6,"3":6,"4":6,"5":0,"6":6},"f":{"0":6},"b":{"0":[0,6],"1":[6,0]},"_coverageSchema":"1a1c01bbd47fc00a2c39e90264f33305004495a9","hash":"e1148d2f3c11808a067ac6ff5880a76c40f3b64c"}
}
