{"C:\\Users\\ehiri\\Desktop\\course\\src\\entities\\Counter\\model\\slice\\counterSlice.ts": {"path":"C:\\Users\\ehiri\\Desktop\\course\\src\\entities\\Counter\\model\\slice\\counterSlice.ts","statementMap":{"0":{"start":{"line":6,"column":36},"end":{"line":8,"column":1}},"1":{"start":{"line":10,"column":28},"end":{"line":24,"column":2}},"2":{"start":{"line":15,"column":12},"end":{"line":15,"column":29}},"3":{"start":{"line":18,"column":12},"end":{"line":18,"column":29}},"4":{"start":{"line":21,"column":12},"end":{"line":21,"column":42}},"5":{"start":{"line":27,"column":43},"end":{"line":27,"column":55}},"6":{"start":{"line":30,"column":43},"end":{"line":30,"column":55}}},"fnMap":{"0":{"name":"(anonymous_0)","decl":{"start":{"line":14,"column":19},"end":{"line":14,"column":20}},"loc":{"start":{"line":14,"column":30},"end":{"line":16,"column":9}},"line":14},"1":{"name":"(anonymous_1)","decl":{"start":{"line":17,"column":19},"end":{"line":17,"column":20}},"loc":{"start":{"line":17,"column":30},"end":{"line":19,"column":9}},"line":17},"2":{"name":"(anonymous_2)","decl":{"start":{"line":20,"column":27},"end":{"line":20,"column":28}},"loc":{"start":{"line":20,"column":69},"end":{"line":22,"column":9}},"line":20}},"branchMap":{},"s":{"0":1,"1":1,"2":2,"3":1,"4":0,"5":1,"6":1},"f":{"0":2,"1":1,"2":0},"b":{},"_coverageSchema":"1a1c01bbd47fc00a2c39e90264f33305004495a9","hash":"0a8a753731c1f29180546d11ffb2554af36f6269"}
}
