TN:
SF:config/jest/jestEmptyComponent.tsx
FN:3,(anonymous_0)
FNF:1
FNH:1
FNDA:5,(anonymous_0)
DA:3,1
DA:4,5
LF:2
LH:2
BRF:0
BRH:0
end_of_record
TN:
SF:src/app/providers/StoreProvider/index.ts
FNF:0
FNH:0
LF:0
LH:0
BRF:0
BRH:0
end_of_record
TN:
SF:src/app/providers/StoreProvider/config/reducerManager.ts
FN:9,createReducerManager
FN:18,(anonymous_1)
FN:19,(anonymous_2)
FN:20,(anonymous_3)
FN:23,(anonymous_4)
FN:30,(anonymous_5)
FN:39,(anonymous_6)
FNF:7
FNH:2
FNDA:5,createReducerManager
FNDA:0,(anonymous_1)
FNDA:0,(anonymous_2)
FNDA:5,(anonymous_3)
FNDA:0,(anonymous_4)
FNDA:0,(anonymous_5)
FNDA:0,(anonymous_6)
DA:10,5
DA:12,5
DA:14,5
DA:15,5
DA:17,5
DA:18,0
DA:19,0
DA:21,5
DA:22,0
DA:23,0
DA:24,0
DA:26,0
DA:28,5
DA:31,0
DA:32,0
DA:34,0
DA:35,0
DA:37,0
DA:40,0
DA:41,0
DA:43,0
DA:44,0
DA:45,0
DA:47,0
LF:24
LH:7
BRDA:21,0,0,0
BRDA:21,0,1,5
BRDA:31,1,0,0
BRDA:31,1,1,0
BRDA:31,2,0,0
BRDA:31,2,1,0
BRDA:40,3,0,0
BRDA:40,3,1,0
BRDA:40,4,0,0
BRDA:40,4,1,0
BRF:10
BRH:1
end_of_record
TN:
SF:src/app/providers/StoreProvider/config/store.ts
FN:12,createReduxStore
FN:31,(anonymous_1)
FNF:2
FNH:2
FNDA:5,createReduxStore
FNDA:5,(anonymous_1)
DA:13,5
DA:21,5
DA:23,5
DA:27,5
DA:31,5
DA:39,5
DA:41,5
LF:7
LH:7
BRF:0
BRH:0
end_of_record
TN:
SF:src/app/providers/StoreProvider/ui/StoreProvider.tsx
FN:13,(anonymous_0)
FNF:1
FNH:1
FNDA:5,(anonymous_0)
DA:13,1
DA:14,5
DA:18,5
DA:24,5
DA:26,5
LF:5
LH:5
BRF:0
BRH:0
end_of_record
TN:
SF:src/app/providers/router/config/routeConfig.tsx
FNF:0
FNH:0
DA:14,1
LF:1
LH:1
BRF:0
BRH:0
end_of_record
TN:
SF:src/app/providers/router/ui/AppRouter.tsx
FN:10,(anonymous_0)
FN:13,(anonymous_1)
FN:26,(anonymous_2)
FNF:3
FNH:3
FNDA:5,(anonymous_0)
FNDA:50,(anonymous_1)
FNDA:50,(anonymous_2)
DA:10,1
DA:11,5
DA:13,5
DA:14,50
DA:15,50
DA:24,5
DA:26,50
LF:7
LH:7
BRDA:19,0,0,30
BRDA:19,0,1,20
BRF:2
BRH:2
end_of_record
TN:
SF:src/app/providers/router/ui/RequireAuth.tsx
FN:12,RequireAuth
FN:17,(anonymous_1)
FN:22,(anonymous_2)
FNF:3
FNH:3
FNDA:3,RequireAuth
FNDA:3,(anonymous_1)
FNDA:4,(anonymous_2)
DA:13,3
DA:14,3
DA:15,3
DA:17,3
DA:18,3
DA:19,1
DA:22,2
DA:23,4
DA:24,4
DA:28,3
DA:29,1
DA:32,2
DA:33,1
DA:36,1
LF:14
LH:14
BRDA:18,0,0,1
BRDA:18,0,1,2
BRDA:28,1,0,1
BRDA:28,1,1,2
BRDA:32,2,0,1
BRDA:32,2,1,1
BRF:6
BRH:6
end_of_record
TN:
SF:src/entities/Article/index.ts
FNF:0
FNH:0
LF:0
LH:0
BRF:0
BRH:0
end_of_record
TN:
SF:src/entities/Article/model/consts/articleConsts.ts
FNF:0
FNH:0
LF:0
LH:0
BRF:0
BRH:0
end_of_record
TN:
SF:src/entities/Article/model/selectors/articleDetails.ts
FN:3,(anonymous_0)
FN:5,(anonymous_1)
FN:7,(anonymous_2)
FNF:3
FNH:0
FNDA:0,(anonymous_0)
FNDA:0,(anonymous_1)
FNDA:0,(anonymous_2)
DA:3,1
DA:5,1
DA:7,1
LF:3
LH:3
BRDA:3,0,0,0
BRDA:3,0,1,0
BRF:2
BRH:0
end_of_record
TN:
SF:src/entities/Article/model/services/fetchArticleById/fetchArticleById.ts
FN:7,(anonymous_0)
FNF:1
FNH:0
FNDA:0,(anonymous_0)
DA:5,1
DA:8,0
DA:10,0
DA:11,0
DA:12,0
DA:14,0
DA:16,0
DA:17,0
DA:20,0
DA:22,0
DA:23,0
LF:11
LH:1
BRDA:11,0,0,0
BRDA:11,0,1,0
BRDA:16,1,0,0
BRDA:16,1,1,0
BRF:4
BRH:0
end_of_record
TN:
SF:src/entities/Article/model/slice/articleDetailsSlice.ts
FN:16,(anonymous_0)
FN:18,(anonymous_1)
FN:22,(anonymous_2)
FN:26,(anonymous_3)
FNF:4
FNH:0
FNDA:0,(anonymous_0)
FNDA:0,(anonymous_1)
FNDA:0,(anonymous_2)
FNDA:0,(anonymous_3)
DA:6,1
DA:12,1
DA:17,0
DA:19,0
DA:20,0
DA:23,0
DA:24,0
DA:27,0
DA:28,0
DA:33,1
DA:34,1
LF:11
LH:4
BRF:0
BRH:0
end_of_record
TN:
SF:src/entities/Article/ui/ArticleCodeBlockComponent/ArticleCodeBlockComponent.tsx
FN:11,(anonymous_0)
FNF:1
FNH:0
FNDA:0,(anonymous_0)
DA:11,1
DA:12,0
DA:14,0
LF:3
LH:1
BRF:0
BRH:0
end_of_record
TN:
SF:src/entities/Article/ui/ArticleDetails/ArticleDetails.tsx
FN:39,(anonymous_0)
FN:47,(anonymous_1)
FN:60,(anonymous_2)
FNF:3
FNH:0
FNDA:0,(anonymous_0)
FNDA:0,(anonymous_1)
FNDA:0,(anonymous_2)
DA:35,1
DA:39,1
DA:40,0
DA:41,0
DA:42,0
DA:43,0
DA:44,0
DA:45,0
DA:47,0
DA:48,0
DA:50,0
DA:52,0
DA:54,0
DA:56,0
DA:60,0
DA:61,0
DA:62,0
DA:68,0
DA:69,0
DA:78,0
DA:79,0
DA:81,0
DA:102,0
LF:23
LH:2
BRDA:48,0,0,0
BRDA:48,0,1,0
BRDA:48,0,2,0
BRDA:48,0,3,0
BRDA:61,1,0,0
BRDA:61,1,1,0
BRDA:68,2,0,0
BRDA:68,2,1,0
BRDA:78,3,0,0
BRDA:78,3,1,0
BRF:10
BRH:0
end_of_record
TN:
SF:src/entities/Article/ui/ArticleImageBlockComponent/ArticleImageBlockComponent.tsx
FN:11,(anonymous_0)
FNF:1
FNH:0
FNDA:0,(anonymous_0)
DA:11,1
DA:12,0
DA:14,0
LF:3
LH:1
BRDA:17,0,0,0
BRDA:17,0,1,0
BRF:2
BRH:0
end_of_record
TN:
SF:src/entities/Article/ui/ArticleList/ArticleList.tsx
FN:19,(anonymous_0)
FN:21,(anonymous_1)
FN:25,(anonymous_2)
FN:47,(anonymous_3)
FNF:4
FNH:0
FNDA:0,(anonymous_0)
FNDA:0,(anonymous_1)
FNDA:0,(anonymous_2)
FNDA:0,(anonymous_3)
DA:19,1
DA:22,0
DA:25,1
DA:32,0
DA:33,0
DA:35,0
DA:36,0
DA:43,0
DA:48,0
LF:9
LH:2
BRDA:19,0,0,0
BRDA:19,0,1,0
BRDA:29,1,0,0
BRDA:35,2,0,0
BRDA:35,2,1,0
BRDA:35,3,0,0
BRDA:35,3,1,0
BRDA:56,4,0,0
BRDA:56,4,1,0
BRF:9
BRH:0
end_of_record
TN:
SF:src/entities/Article/ui/ArticleListItem/ArticleListItem.tsx
FN:27,(anonymous_0)
FN:40,(anonymous_1)
FNF:2
FNH:0
FNDA:0,(anonymous_0)
FNDA:0,(anonymous_1)
DA:27,1
DA:28,0
DA:29,0
DA:31,0
DA:33,0
DA:39,0
DA:40,0
DA:42,0
DA:71,0
LF:9
LH:1
BRDA:39,0,0,0
BRDA:39,0,1,0
BRDA:59,1,0,0
BRDA:59,1,1,0
BRF:4
BRH:0
end_of_record
TN:
SF:src/entities/Article/ui/ArticleListItem/ArticleListItemSkeleton.tsx
FN:13,(anonymous_0)
FNF:1
FNH:0
FNDA:0,(anonymous_0)
DA:13,1
DA:14,0
DA:16,0
DA:17,0
DA:35,0
LF:5
LH:1
BRDA:16,0,0,0
BRDA:16,0,1,0
BRF:2
BRH:0
end_of_record
TN:
SF:src/entities/Article/ui/ArticleTextBlockComponent/ArticleTextBlockComponent.tsx
FN:11,(anonymous_0)
FN:17,(anonymous_1)
FNF:2
FNH:0
FNDA:0,(anonymous_0)
FNDA:0,(anonymous_1)
DA:11,1
DA:12,0
DA:14,0
DA:18,0
LF:4
LH:1
BRDA:16,0,0,0
BRDA:16,0,1,0
BRF:2
BRH:0
end_of_record
TN:
SF:src/entities/Counter/index.ts
FNF:0
FNH:0
LF:0
LH:0
BRF:0
BRH:0
end_of_record
TN:
SF:src/entities/Counter/model/selectors/getCounterValue/getCounterValue.ts
FN:3,(anonymous_0)
FNF:1
FNH:0
FNDA:0,(anonymous_0)
DA:3,1
LF:1
LH:1
BRF:0
BRH:0
end_of_record
TN:
SF:src/entities/Counter/model/slice/counterSlice.ts
FN:14,(anonymous_0)
FN:17,(anonymous_1)
FN:20,(anonymous_2)
FNF:3
FNH:0
FNDA:0,(anonymous_0)
FNDA:0,(anonymous_1)
FNDA:0,(anonymous_2)
DA:6,1
DA:10,1
DA:15,0
DA:18,0
DA:21,0
DA:27,1
LF:6
LH:3
BRF:0
BRH:0
end_of_record
TN:
SF:src/entities/Counter/ui/Counter.tsx
FN:6,(anonymous_0)
FN:11,(anonymous_1)
FN:15,(anonymous_2)
FN:19,(anonymous_3)
FNF:4
FNH:0
FNDA:0,(anonymous_0)
FNDA:0,(anonymous_1)
FNDA:0,(anonymous_2)
FNDA:0,(anonymous_3)
DA:6,1
DA:7,0
DA:8,0
DA:9,0
DA:11,0
DA:12,0
DA:15,0
DA:16,0
DA:19,0
DA:20,0
DA:23,0
LF:11
LH:1
BRF:0
BRH:0
end_of_record
TN:
SF:src/entities/Rating/index.ts
FNF:0
FNH:0
LF:0
LH:0
BRF:0
BRH:0
end_of_record
TN:
SF:src/entities/Rating/ui/Rating/RatingCard.tsx
FN:23,(anonymous_0)
FN:38,(anonymous_1)
FN:47,(anonymous_2)
FN:52,(anonymous_3)
FNF:4
FNH:1
FNDA:1,(anonymous_0)
FNDA:0,(anonymous_1)
FNDA:0,(anonymous_2)
FNDA:0,(anonymous_3)
DA:23,1
DA:32,1
DA:33,1
DA:34,1
DA:35,1
DA:36,1
DA:38,1
DA:39,0
DA:40,0
DA:41,0
DA:43,0
DA:47,1
DA:48,0
DA:49,0
DA:52,1
DA:53,0
DA:54,0
DA:58,1
DA:70,1
LF:19
LH:11
BRDA:31,0,0,1
BRDA:40,1,0,0
BRDA:40,1,1,0
BRDA:73,2,0,0
BRDA:73,2,1,1
BRF:5
BRH:2
end_of_record
TN:
SF:src/entities/User/index.ts
FNF:0
FNH:0
LF:0
LH:0
BRF:0
BRH:0
end_of_record
TN:
SF:src/entities/User/model/consts/userConsts.ts
FNF:0
FNH:0
LF:0
LH:0
BRF:0
BRH:0
end_of_record
TN:
SF:src/entities/User/model/selectors/roleSelectors.ts
FN:5,(anonymous_0)
FN:7,(anonymous_1)
FN:9,(anonymous_2)
FNF:3
FNH:1
FNDA:3,(anonymous_0)
FNDA:0,(anonymous_1)
FNDA:0,(anonymous_2)
DA:5,3
DA:7,1
DA:9,1
LF:3
LH:3
BRF:0
BRH:0
end_of_record
TN:
SF:src/entities/User/model/selectors/getUserAuthData/getUserAuthData.ts
FN:3,(anonymous_0)
FNF:1
FNH:1
FNDA:8,(anonymous_0)
DA:3,8
LF:1
LH:1
BRF:0
BRH:0
end_of_record
TN:
SF:src/entities/User/model/selectors/getUserInited/getUserInited.ts
FN:3,(anonymous_0)
FNF:1
FNH:0
FNDA:0,(anonymous_0)
DA:3,1
LF:1
LH:1
BRF:0
BRH:0
end_of_record
TN:
SF:src/entities/User/model/slices/userSlice.ts
FN:13,(anonymous_0)
FN:16,(anonymous_1)
FN:23,(anonymous_2)
FNF:3
FNH:0
FNDA:0,(anonymous_0)
FNDA:0,(anonymous_1)
FNDA:0,(anonymous_2)
DA:5,1
DA:9,1
DA:14,0
DA:17,0
DA:18,0
DA:19,0
DA:21,0
DA:24,0
DA:25,0
DA:30,1
DA:31,1
LF:11
LH:4
BRDA:18,0,0,0
BRDA:18,0,1,0
BRF:2
BRH:0
end_of_record
TN:
SF:src/features/UI/index.ts
FNF:0
FNH:0
LF:0
LH:0
BRF:0
BRH:0
end_of_record
TN:
SF:src/features/UI/model/selectors/ui.ts
FN:4,(anonymous_0)
FN:8,(anonymous_1)
FN:9,(anonymous_2)
FNF:3
FNH:3
FNDA:3,(anonymous_0)
FNDA:3,(anonymous_1)
FNDA:3,(anonymous_2)
DA:4,3
DA:6,1
DA:8,3
DA:9,3
LF:4
LH:4
BRDA:9,0,0,3
BRDA:9,0,1,3
BRF:2
BRH:2
end_of_record
TN:
SF:src/features/UI/model/slices/UISlice.ts
FN:12,(anonymous_0)
FNF:1
FNH:0
FNDA:0,(anonymous_0)
DA:4,1
DA:8,1
DA:13,0
DA:21,1
DA:22,1
LF:5
LH:4
BRF:0
BRH:0
end_of_record
TN:
SF:src/pages/AboutPage/index.ts
FNF:0
FNH:0
LF:0
LH:0
BRF:0
BRH:0
end_of_record
TN:
SF:src/pages/AboutPage/ui/About.async.tsx
FN:3,(anonymous_0)
FNF:1
FNH:1
FNDA:1,(anonymous_0)
DA:3,1
LF:1
LH:1
BRF:0
BRH:0
end_of_record
TN:
SF:src/pages/AboutPage/ui/AboutPage.tsx
FN:3,AboutPage
FNF:1
FNH:1
FNDA:1,AboutPage
DA:4,1
DA:5,1
LF:2
LH:2
BRF:0
BRH:0
end_of_record
TN:
SF:src/pages/AdminPanelPage/index.ts
FNF:0
FNH:0
LF:0
LH:0
BRF:0
BRH:0
end_of_record
TN:
SF:src/pages/AdminPanelPage/ui/AdminPanelPage.async.tsx
FN:3,(anonymous_0)
FNF:1
FNH:1
FNDA:1,(anonymous_0)
DA:3,1
LF:1
LH:1
BRF:0
BRH:0
end_of_record
TN:
SF:src/pages/AdminPanelPage/ui/AdminPanelPage.tsx
FN:4,(anonymous_0)
FNF:1
FNH:1
FNDA:1,(anonymous_0)
DA:4,1
DA:5,1
DA:7,1
LF:3
LH:3
BRF:0
BRH:0
end_of_record
TN:
SF:src/pages/ArticleDetailsPage/index.ts
FNF:0
FNH:0
LF:0
LH:0
BRF:0
BRH:0
end_of_record
TN:
SF:src/pages/ArticleDetailsPage/model/services/fetchArticleRecommendations/fetchArticleRecommendations.ts
FN:7,(anonymous_0)
FNF:1
FNH:0
FNDA:0,(anonymous_0)
DA:5,1
DA:8,0
DA:10,0
DA:11,0
DA:17,0
DA:18,0
DA:21,0
DA:23,0
LF:8
LH:1
BRDA:17,0,0,0
BRDA:17,0,1,0
BRF:2
BRH:0
end_of_record
TN:
SF:src/pages/ArticleDetailsPage/model/services/fetchCommentsByArticleId/fetchCommentsByArticleId.ts
FN:11,(anonymous_0)
FNF:1
FNH:0
FNDA:0,(anonymous_0)
DA:5,1
DA:12,0
DA:14,0
DA:15,0
DA:18,0
DA:19,0
DA:26,0
DA:27,0
DA:30,0
DA:32,0
DA:33,0
LF:11
LH:1
BRDA:14,0,0,0
BRDA:14,0,1,0
BRDA:26,1,0,0
BRDA:26,1,1,0
BRF:4
BRH:0
end_of_record
TN:
SF:src/pages/ArticleDetailsPage/model/slices/articleDetailsCommentsSlice.ts
FN:8,(anonymous_0)
FN:12,(anonymous_1)
FN:24,(anonymous_2)
FN:26,(anonymous_3)
FN:30,(anonymous_4)
FN:34,(anonymous_5)
FNF:6
FNH:1
FNDA:0,(anonymous_0)
FNDA:0,(anonymous_1)
FNDA:1,(anonymous_2)
FNDA:0,(anonymous_3)
FNDA:0,(anonymous_4)
FNDA:0,(anonymous_5)
DA:7,1
DA:8,0
DA:11,1
DA:12,0
DA:15,1
DA:25,1
DA:27,0
DA:28,0
DA:31,0
DA:32,0
DA:35,0
DA:36,0
DA:41,1
LF:13
LH:5
BRDA:12,0,0,0
BRDA:12,0,1,0
BRF:2
BRH:0
end_of_record
TN:
SF:src/pages/ArticleDetailsPage/model/slices/articleDetailsPageRecommendationsSlice.ts
FN:8,(anonymous_0)
FN:12,(anonymous_1)
FN:24,(anonymous_2)
FN:26,(anonymous_3)
FN:30,(anonymous_4)
FN:34,(anonymous_5)
FNF:6
FNH:1
FNDA:0,(anonymous_0)
FNDA:0,(anonymous_1)
FNDA:1,(anonymous_2)
FNDA:0,(anonymous_3)
FNDA:0,(anonymous_4)
FNDA:0,(anonymous_5)
DA:7,1
DA:8,0
DA:11,1
DA:12,0
DA:15,1
DA:25,1
DA:27,0
DA:28,0
DA:31,0
DA:32,0
DA:35,0
DA:36,0
DA:41,1
LF:13
LH:5
BRDA:12,0,0,0
BRDA:12,0,1,0
BRF:2
BRH:0
end_of_record
TN:
SF:src/pages/ArticleDetailsPage/model/slices/index.ts
FNF:0
FNH:0
DA:8,1
LF:1
LH:1
BRF:0
BRH:0
end_of_record
TN:
SF:src/pages/ArticleDetailsPage/ui/ArticleDetailsPage/ArticleDetailsPage.async.tsx
FN:4,(anonymous_0)
FNF:1
FNH:0
FNDA:0,(anonymous_0)
DA:3,1
DA:4,0
LF:2
LH:1
BRF:0
BRH:0
end_of_record
TN:
SF:src/pages/ArticleEditPage/index.ts
FNF:0
FNH:0
LF:0
LH:0
BRF:0
BRH:0
end_of_record
TN:
SF:src/pages/ArticleEditPage/ui/ArticleEditPage/ArticleEditPage.async.tsx
FN:3,(anonymous_0)
FNF:1
FNH:0
FNDA:0,(anonymous_0)
DA:3,1
LF:1
LH:1
BRF:0
BRH:0
end_of_record
TN:
SF:src/pages/ArticlesPage/index.ts
FNF:0
FNH:0
LF:0
LH:0
BRF:0
BRH:0
end_of_record
TN:
SF:src/pages/ArticlesPage/model/selectors/articlesPageSelectors.ts
FN:4,(anonymous_0)
FN:6,(anonymous_1)
FN:8,(anonymous_2)
FN:9,(anonymous_3)
FN:10,(anonymous_4)
FN:11,(anonymous_5)
FN:12,(anonymous_6)
FN:13,(anonymous_7)
FN:14,(anonymous_8)
FN:15,(anonymous_9)
FN:16,(anonymous_10)
FNF:11
FNH:0
FNDA:0,(anonymous_0)
FNDA:0,(anonymous_1)
FNDA:0,(anonymous_2)
FNDA:0,(anonymous_3)
FNDA:0,(anonymous_4)
FNDA:0,(anonymous_5)
FNDA:0,(anonymous_6)
FNDA:0,(anonymous_7)
FNDA:0,(anonymous_8)
FNDA:0,(anonymous_9)
FNDA:0,(anonymous_10)
DA:4,1
DA:6,1
DA:8,1
DA:9,1
DA:10,1
DA:11,1
DA:12,1
DA:13,1
DA:14,1
DA:15,1
DA:16,1
LF:11
LH:11
BRDA:8,0,0,0
BRDA:8,0,1,0
BRDA:9,1,0,0
BRDA:9,1,1,0
BRDA:10,2,0,0
BRDA:10,2,1,0
BRDA:13,3,0,0
BRDA:13,3,1,0
BRDA:14,4,0,0
BRDA:14,4,1,0
BRDA:15,5,0,0
BRDA:15,5,1,0
BRDA:16,6,0,0
BRDA:16,6,1,0
BRF:14
BRH:0
end_of_record
TN:
SF:src/pages/ArticlesPage/model/services/fetchArticlesList/fetchArticlesList.ts
FN:20,(anonymous_0)
FNF:1
FNH:0
FNDA:0,(anonymous_0)
DA:18,1
DA:21,0
DA:22,0
DA:23,0
DA:24,0
DA:25,0
DA:26,0
DA:27,0
DA:29,0
DA:30,0
DA:36,0
DA:48,0
DA:49,0
DA:52,0
DA:54,0
LF:15
LH:1
BRDA:44,0,0,0
BRDA:44,0,1,0
BRDA:48,1,0,0
BRDA:48,1,1,0
BRF:4
BRH:0
end_of_record
TN:
SF:src/pages/ArticlesPage/model/slices/articlesPageSlice.ts
FN:12,(anonymous_0)
FN:16,(anonymous_1)
FN:37,(anonymous_2)
FN:41,(anonymous_3)
FN:44,(anonymous_4)
FN:47,(anonymous_5)
FN:50,(anonymous_6)
FN:53,(anonymous_7)
FN:59,(anonymous_8)
FN:63,(anonymous_9)
FN:65,(anonymous_10)
FN:73,(anonymous_11)
FN:83,(anonymous_12)
FNF:13
FNH:0
FNDA:0,(anonymous_0)
FNDA:0,(anonymous_1)
FNDA:0,(anonymous_2)
FNDA:0,(anonymous_3)
FNDA:0,(anonymous_4)
FNDA:0,(anonymous_5)
FNDA:0,(anonymous_6)
FNDA:0,(anonymous_7)
FNDA:0,(anonymous_8)
FNDA:0,(anonymous_9)
FNDA:0,(anonymous_10)
FNDA:0,(anonymous_11)
FNDA:0,(anonymous_12)
DA:11,1
DA:12,0
DA:15,1
DA:16,0
DA:19,1
DA:38,0
DA:39,0
DA:42,0
DA:45,0
DA:48,0
DA:51,0
DA:54,0
DA:55,0
DA:56,0
DA:57,0
DA:60,0
DA:64,0
DA:66,0
DA:67,0
DA:69,0
DA:70,0
DA:74,0
DA:76,0
DA:77,0
DA:78,0
DA:80,0
DA:84,0
DA:85,0
DA:90,1
LF:29
LH:4
BRDA:16,0,0,0
BRDA:16,0,1,0
BRDA:56,1,0,0
BRDA:56,1,1,0
BRDA:69,2,0,0
BRDA:69,2,1,0
BRDA:77,3,0,0
BRDA:77,3,1,0
BRF:8
BRH:0
end_of_record
TN:
SF:src/pages/ArticlesPage/ui/ArticlesPage/ArticlesPage.async.tsx
FN:3,(anonymous_0)
FNF:1
FNH:0
FNDA:0,(anonymous_0)
DA:3,1
LF:1
LH:1
BRF:0
BRH:0
end_of_record
TN:
SF:src/pages/ForbiddenPage/index.ts
FNF:0
FNH:0
LF:0
LH:0
BRF:0
BRH:0
end_of_record
TN:
SF:src/pages/ForbiddenPage/ui/ForbiddenPage.tsx
FN:4,(anonymous_0)
FNF:1
FNH:1
FNDA:1,(anonymous_0)
DA:4,1
DA:5,1
DA:7,1
LF:3
LH:3
BRF:0
BRH:0
end_of_record
TN:
SF:src/pages/MainPage/index.ts
FNF:0
FNH:0
LF:0
LH:0
BRF:0
BRH:0
end_of_record
TN:
SF:src/pages/MainPage/ui/MainPage.async.tsx
FN:3,(anonymous_0)
FNF:1
FNH:1
FNDA:1,(anonymous_0)
DA:3,1
LF:1
LH:1
BRF:0
BRH:0
end_of_record
TN:
SF:src/pages/MainPage/ui/MainPage.tsx
FN:6,MainPage
FN:10,(anonymous_1)
FNF:2
FNH:1
FNDA:1,MainPage
FNDA:0,(anonymous_1)
DA:7,1
DA:8,1
DA:10,1
DA:11,0
DA:14,1
LF:5
LH:4
BRF:0
BRH:0
end_of_record
TN:
SF:src/pages/NotFoundPage/index.tsx
FNF:0
FNH:0
LF:0
LH:0
BRF:0
BRH:0
end_of_record
TN:
SF:src/pages/NotFoundPage/ui/NotFoundPage.tsx
FN:9,(anonymous_0)
FNF:1
FNH:1
FNDA:1,(anonymous_0)
DA:9,1
DA:10,1
DA:11,1
LF:3
LH:3
BRF:0
BRH:0
end_of_record
TN:
SF:src/pages/ProfilePages/index.ts
FNF:0
FNH:0
LF:0
LH:0
BRF:0
BRH:0
end_of_record
TN:
SF:src/pages/ProfilePages/ui/ProfilePage.async.ts
FN:3,(anonymous_0)
FNF:1
FNH:0
FNDA:0,(anonymous_0)
DA:3,1
LF:1
LH:1
BRF:0
BRH:0
end_of_record
TN:
SF:src/shared/api/api.ts
FN:8,(anonymous_0)
FNF:1
FNH:0
FNDA:0,(anonymous_0)
DA:4,1
DA:8,1
DA:9,0
DA:10,0
DA:12,0
LF:5
LH:2
BRDA:9,0,0,0
BRDA:9,0,1,0
BRDA:10,1,0,0
BRDA:10,1,1,0
BRF:4
BRH:0
end_of_record
TN:
SF:src/shared/api/rtkApi.ts
FN:8,(anonymous_0)
FN:16,(anonymous_1)
FNF:2
FNH:1
FNDA:0,(anonymous_0)
FNDA:1,(anonymous_1)
DA:4,1
DA:9,0
DA:10,0
DA:11,0
DA:13,0
DA:16,1
LF:6
LH:2
BRDA:9,0,0,0
BRDA:9,0,1,0
BRDA:10,1,0,0
BRDA:10,1,1,0
BRF:4
BRH:0
end_of_record
TN:
SF:src/shared/config/i18n/i18nForTests.ts
FNF:0
FNH:0
DA:4,1
LF:1
LH:1
BRF:0
BRH:0
end_of_record
TN:
SF:src/shared/const/localstorage.ts
FNF:0
FNH:0
DA:1,1
DA:2,1
DA:3,1
LF:3
LH:3
BRF:0
BRH:0
end_of_record
TN:
SF:src/shared/const/router.ts
FN:15,(anonymous_0)
FN:16,(anonymous_1)
FN:17,(anonymous_2)
FN:18,(anonymous_3)
FN:19,(anonymous_4)
FN:20,(anonymous_5)
FN:21,(anonymous_6)
FN:22,(anonymous_7)
FN:23,(anonymous_8)
FNF:9
FNH:9
FNDA:2,(anonymous_0)
FNDA:2,(anonymous_1)
FNDA:2,(anonymous_2)
FNDA:1,(anonymous_3)
FNDA:1,(anonymous_4)
FNDA:1,(anonymous_5)
FNDA:1,(anonymous_6)
FNDA:3,(anonymous_7)
FNDA:2,(anonymous_8)
DA:15,2
DA:16,2
DA:17,2
DA:18,1
DA:19,1
DA:20,1
DA:21,1
DA:22,3
DA:23,2
LF:9
LH:9
BRF:0
BRH:0
end_of_record
TN:
SF:src/shared/const/theme.ts
FNF:0
FNH:0
LF:0
LH:0
BRF:0
BRH:0
end_of_record
TN:
SF:src/shared/lib/classNames/classNames.ts
FN:3,classNames
FN:12,(anonymous_1)
FN:13,(anonymous_2)
FNF:3
FNH:3
FNDA:21,classNames
FNDA:10,(anonymous_1)
FNDA:5,(anonymous_2)
DA:8,21
DA:12,10
DA:13,5
LF:3
LH:3
BRDA:5,0,0,0
BRDA:6,1,0,0
BRF:2
BRH:0
end_of_record
TN:
SF:src/shared/lib/components/AnimationProvider/AnimationProvider.tsx
FN:17,(anonymous_0)
FN:24,(anonymous_1)
FN:28,(anonymous_2)
FN:33,(anonymous_3)
FN:34,(anonymous_4)
FN:41,(anonymous_5)
FNF:6
FNH:0
FNDA:0,(anonymous_0)
FNDA:0,(anonymous_1)
FNDA:0,(anonymous_2)
FNDA:0,(anonymous_3)
FNDA:0,(anonymous_4)
FNDA:0,(anonymous_5)
DA:14,1
DA:17,1
DA:18,0
DA:24,1
DA:25,0
DA:28,1
DA:29,0
DA:30,0
DA:31,0
DA:33,0
DA:34,0
DA:35,0
DA:36,0
DA:37,0
DA:41,0
DA:47,0
LF:16
LH:4
BRF:0
BRH:0
end_of_record
TN:
SF:src/shared/lib/components/DynamicModuleLoader/DynamicModuleLoader.tsx
FN:17,(anonymous_0)
FN:23,(anonymous_1)
FN:24,(anonymous_2)
FN:29,(anonymous_3)
FN:32,(anonymous_4)
FNF:5
FNH:0
FNDA:0,(anonymous_0)
FNDA:0,(anonymous_1)
FNDA:0,(anonymous_2)
FNDA:0,(anonymous_3)
FNDA:0,(anonymous_4)
DA:17,1
DA:18,0
DA:20,0
DA:21,0
DA:23,0
DA:24,0
DA:25,0
DA:26,0
DA:29,0
DA:30,0
DA:31,0
DA:32,0
DA:33,0
DA:34,0
DA:35,0
DA:36,0
DA:43,0
LF:17
LH:1
BRDA:18,0,0,0
BRDA:31,1,0,0
BRDA:31,1,1,0
BRDA:34,2,0,0
BRDA:34,2,1,0
BRF:5
BRH:0
end_of_record
TN:
SF:src/shared/lib/context/ThemeContext.ts
FNF:0
FNH:0
DA:9,1
LF:1
LH:1
BRF:0
BRH:0
end_of_record
TN:
SF:src/shared/lib/hooks/useAppDispatch/useAppDispatch.ts
FN:4,(anonymous_0)
FNF:1
FNH:1
FNDA:3,(anonymous_0)
DA:4,3
LF:1
LH:1
BRF:0
BRH:0
end_of_record
TN:
SF:src/shared/lib/hooks/useInfiniteScroll/useInfiniteScroll.ts
FN:9,(anonymous_0)
FN:12,(anonymous_1)
FN:23,(anonymous_2)
FN:32,(anonymous_3)
FNF:4
FNH:3
FNDA:3,(anonymous_0)
FNDA:3,(anonymous_1)
FNDA:0,(anonymous_2)
FNDA:3,(anonymous_3)
DA:9,1
DA:10,3
DA:12,3
DA:13,3
DA:14,3
DA:16,3
DA:17,0
DA:23,0
DA:24,0
DA:25,0
DA:29,0
DA:32,3
DA:33,3
DA:34,0
LF:14
LH:8
BRDA:16,0,0,0
BRDA:16,0,1,3
BRDA:24,1,0,0
BRDA:24,1,1,0
BRDA:33,2,0,0
BRDA:33,2,1,3
BRDA:33,3,0,3
BRDA:33,3,1,0
BRF:8
BRH:3
end_of_record
TN:
SF:src/shared/lib/hooks/useInitialEffect/useInitialEffect.ts
FN:3,useInitialEffect
FN:4,(anonymous_1)
FNF:2
FNH:2
FNDA:3,useInitialEffect
FNDA:3,(anonymous_1)
DA:4,3
DA:5,3
DA:6,0
LF:3
LH:2
BRDA:5,0,0,0
BRDA:5,0,1,3
BRDA:5,1,0,3
BRDA:5,1,1,3
BRF:4
BRH:3
end_of_record
TN:
SF:src/shared/lib/hooks/useModal/useModal.tsx
FN:16,useModal
FN:23,(anonymous_1)
FN:29,(anonymous_2)
FN:32,(anonymous_3)
FN:40,(anonymous_4)
FN:46,(anonymous_5)
FN:51,(anonymous_6)
FNF:7
FNH:4
FNDA:1,useModal
FNDA:1,(anonymous_1)
FNDA:0,(anonymous_2)
FNDA:0,(anonymous_3)
FNDA:0,(anonymous_4)
FNDA:1,(anonymous_5)
FNDA:1,(anonymous_6)
DA:19,1
DA:20,1
DA:21,1
DA:23,1
DA:24,1
DA:25,0
DA:29,1
DA:30,0
DA:31,0
DA:32,0
DA:33,0
DA:34,0
DA:40,1
DA:41,0
DA:42,0
DA:46,1
DA:47,1
DA:48,0
DA:51,1
DA:52,1
DA:53,1
DA:57,1
LF:22
LH:13
BRDA:24,0,0,0
BRDA:24,0,1,1
BRDA:30,1,0,0
BRDA:30,1,1,0
BRDA:41,2,0,0
BRDA:41,2,1,0
BRDA:47,3,0,0
BRDA:47,3,1,1
BRF:8
BRH:2
end_of_record
TN:
SF:src/shared/lib/hooks/useTheme/useTheme.ts
FN:11,useTheme
FN:14,(anonymous_1)
FNF:2
FNH:1
FNDA:1,useTheme
FNDA:0,(anonymous_1)
DA:12,1
DA:14,1
DA:17,0
DA:19,0
DA:20,0
DA:22,0
DA:23,0
DA:25,0
DA:26,0
DA:28,0
DA:30,0
DA:31,0
DA:32,0
DA:35,1
LF:14
LH:3
BRDA:17,0,0,0
BRDA:17,0,1,0
BRDA:17,0,2,0
BRDA:17,0,3,0
BRDA:36,1,0,1
BRDA:36,1,1,1
BRF:6
BRH:2
end_of_record
TN:
SF:src/shared/lib/hooks/useThrottle/useThrottle.ts
FN:3,useThrottle
FN:6,(anonymous_1)
FN:11,(anonymous_2)
FNF:3
FNH:1
FNDA:3,useThrottle
FNDA:0,(anonymous_1)
FNDA:0,(anonymous_2)
DA:4,3
DA:6,3
DA:7,0
DA:8,0
DA:9,0
DA:11,0
DA:12,0
LF:7
LH:2
BRDA:7,0,0,0
BRDA:7,0,1,0
BRF:2
BRH:0
end_of_record
TN:
SF:src/shared/lib/store/buildSelector.ts
FN:7,(anonymous_0)
FN:8,(anonymous_1)
FNF:2
FNH:1
FNDA:1,(anonymous_0)
FNDA:0,(anonymous_1)
DA:7,1
DA:8,1
DA:9,0
DA:12,1
LF:4
LH:3
BRF:0
BRH:0
end_of_record
TN:
SF:src/shared/lib/store/buildSlice.ts
FN:5,(anonymous_0)
FN:10,(anonymous_1)
FN:13,(anonymous_2)
FNF:3
FNH:1
FNDA:1,(anonymous_0)
FNDA:0,(anonymous_1)
FNDA:0,(anonymous_2)
DA:5,1
DA:8,1
DA:10,1
DA:11,0
DA:13,0
DA:16,1
LF:6
LH:4
BRF:0
BRH:0
end_of_record
TN:
SF:src/shared/lib/store/index.ts
FNF:0
FNH:0
LF:0
LH:0
BRF:0
BRH:0
end_of_record
TN:
SF:src/shared/lib/tests/componentRender/componentRender.tsx
FN:15,componentRender
FNF:1
FNH:1
FNDA:5,componentRender
DA:16,5
DA:18,5
LF:2
LH:2
BRDA:15,0,0,0
BRDA:16,1,0,0
BRF:2
BRH:0
end_of_record
TN:
SF:src/shared/lib/url/addQueryParams/addQueryParams.ts
FN:1,getQueryParams
FN:3,(anonymous_1)
FN:14,addQueryParams
FNF:3
FNH:0
FNDA:0,getQueryParams
FNDA:0,(anonymous_1)
FNDA:0,addQueryParams
DA:2,0
DA:3,0
DA:4,0
DA:5,0
DA:8,0
DA:15,0
LF:6
LH:0
BRDA:4,0,0,0
BRDA:4,0,1,0
BRF:2
BRH:0
end_of_record
TN:
SF:src/shared/ui/AppImage/index.ts
FNF:0
FNH:0
LF:0
LH:0
BRF:0
BRH:0
end_of_record
TN:
SF:src/shared/ui/AppImage/ui/AppImage.tsx
FN:9,(anonymous_0)
FN:15,(anonymous_1)
FN:18,(anonymous_2)
FN:19,(anonymous_3)
FNF:4
FNH:0
FNDA:0,(anonymous_0)
FNDA:0,(anonymous_1)
FNDA:0,(anonymous_2)
FNDA:0,(anonymous_3)
DA:9,1
DA:10,0
DA:12,0
DA:13,0
DA:15,0
DA:16,0
DA:17,0
DA:18,0
DA:19,0
DA:20,0
DA:21,0
DA:25,0
DA:26,0
DA:29,0
DA:30,0
DA:33,0
LF:16
LH:1
BRDA:17,0,0,0
BRDA:17,0,1,0
BRDA:25,1,0,0
BRDA:25,1,1,0
BRDA:25,2,0,0
BRDA:25,2,1,0
BRDA:29,3,0,0
BRDA:29,3,1,0
BRDA:29,4,0,0
BRDA:29,4,1,0
BRF:10
BRH:0
end_of_record
TN:
SF:src/shared/ui/AppLink/AppLink.tsx
FN:17,(anonymous_0)
FNF:1
FNH:0
FNDA:0,(anonymous_0)
DA:17,1
DA:24,0
DA:25,0
LF:3
LH:1
BRDA:22,0,0,0
BRF:1
BRH:0
end_of_record
TN:
SF:src/shared/ui/AppLink/index.ts
FNF:0
FNH:0
LF:0
LH:0
BRF:0
BRH:0
end_of_record
TN:
SF:src/shared/ui/Avatar/Avatar.tsx
FN:17,(anonymous_0)
FN:22,(anonymous_1)
FNF:2
FNH:0
FNDA:0,(anonymous_0)
FNDA:0,(anonymous_1)
DA:17,1
DA:18,0
DA:20,0
DA:22,0
DA:23,0
DA:29,0
DA:30,0
DA:32,0
LF:8
LH:1
BRDA:24,0,0,0
BRDA:24,0,1,0
BRDA:25,1,0,0
BRDA:25,1,1,0
BRF:4
BRH:0
end_of_record
TN:
SF:src/shared/ui/Avatar/index.ts
FNF:0
FNH:0
LF:0
LH:0
BRF:0
BRH:0
end_of_record
TN:
SF:src/shared/ui/Button/Button.tsx
FN:52,(anonymous_0)
FNF:1
FNH:0
FNDA:0,(anonymous_0)
DA:52,1
DA:62,0
DA:64,0
DA:71,0
LF:4
LH:1
BRDA:56,0,0,0
BRDA:58,1,0,0
BRF:2
BRH:0
end_of_record
TN:
SF:src/shared/ui/Button/index.ts
FNF:0
FNH:0
LF:0
LH:0
BRF:0
BRH:0
end_of_record
TN:
SF:src/shared/ui/Card/Card.tsx
FN:17,(anonymous_0)
FNF:1
FNH:1
FNDA:1,(anonymous_0)
DA:17,1
DA:20,1
DA:22,1
LF:3
LH:3
BRDA:19,0,0,1
BRF:1
BRH:1
end_of_record
TN:
SF:src/shared/ui/Card/index.ts
FNF:0
FNH:0
LF:0
LH:0
BRF:0
BRH:0
end_of_record
TN:
SF:src/shared/ui/Code/Code.tsx
FN:12,(anonymous_0)
FN:18,(anonymous_1)
FNF:2
FNH:0
FNDA:0,(anonymous_0)
FNDA:0,(anonymous_1)
DA:12,1
DA:16,0
DA:18,0
DA:19,0
DA:22,0
LF:5
LH:1
BRF:0
BRH:0
end_of_record
TN:
SF:src/shared/ui/Code/index.ts
FNF:0
FNH:0
LF:0
LH:0
BRF:0
BRH:0
end_of_record
TN:
SF:src/shared/ui/Drawer/index.ts
FNF:0
FNH:0
LF:0
LH:0
BRF:0
BRH:0
end_of_record
TN:
SF:src/shared/ui/Drawer/ui/Drawer.tsx
FN:21,(anonymous_0)
FN:23,(anonymous_1)
FN:29,(anonymous_2)
FN:33,(anonymous_3)
FN:39,(anonymous_4)
FN:49,(anonymous_5)
FN:65,(anonymous_6)
FN:76,(anonymous_7)
FN:94,(anonymous_8)
FN:104,(anonymous_9)
FNF:10
FNH:0
FNDA:0,(anonymous_0)
FNDA:0,(anonymous_1)
FNDA:0,(anonymous_2)
FNDA:0,(anonymous_3)
FNDA:0,(anonymous_4)
FNDA:0,(anonymous_5)
FNDA:0,(anonymous_6)
FNDA:0,(anonymous_7)
FNDA:0,(anonymous_8)
FNDA:0,(anonymous_9)
DA:19,1
DA:21,1
DA:22,0
DA:23,0
DA:24,0
DA:27,0
DA:29,0
DA:30,0
DA:33,0
DA:34,0
DA:35,0
DA:39,0
DA:40,0
DA:48,0
DA:52,0
DA:54,0
DA:55,0
DA:56,0
DA:58,0
DA:61,0
DA:65,0
DA:72,0
DA:73,0
DA:76,0
DA:78,0
DA:94,1
DA:95,0
DA:97,0
DA:98,0
DA:101,0
DA:104,1
DA:105,0
LF:32
LH:4
BRDA:34,0,0,0
BRDA:34,0,1,0
BRDA:39,1,0,0
BRDA:52,2,0,0
BRDA:52,2,1,0
BRDA:54,3,0,0
BRDA:54,3,1,0
BRDA:55,4,0,0
BRDA:55,4,1,0
BRDA:55,5,0,0
BRDA:55,5,1,0
BRDA:55,5,2,0
BRDA:72,6,0,0
BRDA:72,6,1,0
BRDA:76,7,0,0
BRDA:76,7,1,0
BRDA:97,8,0,0
BRDA:97,8,1,0
BRF:18
BRH:0
end_of_record
TN:
SF:src/shared/ui/Icon/Icon.tsx
FN:10,(anonymous_0)
FNF:1
FNH:1
FNDA:5,(anonymous_0)
DA:10,1
DA:13,5
DA:15,5
LF:3
LH:3
BRDA:15,0,0,0
BRDA:15,0,1,5
BRF:2
BRH:1
end_of_record
TN:
SF:src/shared/ui/Icon/index.ts
FNF:0
FNH:0
LF:0
LH:0
BRF:0
BRH:0
end_of_record
TN:
SF:src/shared/ui/Input/Input.tsx
FN:17,(anonymous_0)
FN:33,(anonymous_1)
FN:42,(anonymous_2)
FN:48,(anonymous_3)
FN:53,(anonymous_4)
FN:57,(anonymous_5)
FNF:6
FNH:0
FNDA:0,(anonymous_0)
FNDA:0,(anonymous_1)
FNDA:0,(anonymous_2)
FNDA:0,(anonymous_3)
FNDA:0,(anonymous_4)
FNDA:0,(anonymous_5)
DA:17,1
DA:27,0
DA:28,0
DA:29,0
DA:30,0
DA:33,0
DA:34,0
DA:35,0
DA:36,0
DA:40,0
DA:42,0
DA:43,0
DA:44,0
DA:48,0
DA:49,0
DA:53,0
DA:54,0
DA:57,0
DA:58,0
DA:61,0
LF:20
LH:1
BRDA:22,0,0,0
BRDA:34,1,0,0
BRDA:34,1,1,0
BRDA:40,2,0,0
BRDA:40,2,1,0
BRDA:58,3,0,0
BRDA:58,3,1,0
BRDA:63,4,0,0
BRDA:63,4,1,0
BRDA:80,5,0,0
BRDA:80,5,1,0
BRF:11
BRH:0
end_of_record
TN:
SF:src/shared/ui/Input/index.ts
FNF:0
FNH:0
LF:0
LH:0
BRF:0
BRH:0
end_of_record
TN:
SF:src/shared/ui/Loader/index.ts
FNF:0
FNH:0
LF:0
LH:0
BRF:0
BRH:0
end_of_record
TN:
SF:src/shared/ui/Loader/ui/Loader.tsx
FN:6,(anonymous_0)
FNF:1
FNH:1
FNDA:3,(anonymous_0)
DA:6,1
DA:7,3
DA:8,3
LF:3
LH:3
BRF:0
BRH:0
end_of_record
TN:
SF:src/shared/ui/Modal/Modal.tsx
FN:19,(anonymous_0)
FNF:1
FNH:1
FNDA:1,(anonymous_0)
DA:17,1
DA:19,1
DA:22,1
DA:24,1
DA:30,1
DA:32,1
DA:37,1
DA:38,1
DA:41,0
LF:9
LH:8
BRDA:37,0,0,1
BRDA:37,0,1,0
BRDA:37,1,0,1
BRDA:37,1,1,1
BRF:4
BRH:3
end_of_record
TN:
SF:src/shared/ui/Modal/index.ts
FNF:0
FNH:0
LF:0
LH:0
BRF:0
BRH:0
end_of_record
TN:
SF:src/shared/ui/Overlay/ui/Overlay.tsx
FN:10,(anonymous_0)
FNF:1
FNH:0
FNDA:0,(anonymous_0)
DA:10,1
DA:11,0
DA:13,0
LF:3
LH:1
BRF:0
BRH:0
end_of_record
TN:
SF:src/shared/ui/Portal/Portal.tsx
FN:9,(anonymous_0)
FNF:1
FNH:0
FNDA:0,(anonymous_0)
DA:9,1
DA:13,0
DA:15,0
LF:3
LH:1
BRDA:12,0,0,0
BRF:1
BRH:0
end_of_record
TN:
SF:src/shared/ui/Skeleton/Skeleton.tsx
FN:12,(anonymous_0)
FNF:1
FNH:0
FNDA:0,(anonymous_0)
DA:12,1
DA:18,0
DA:20,0
DA:26,0
LF:4
LH:1
BRF:0
BRH:0
end_of_record
TN:
SF:src/shared/ui/Skeleton/index.ts
FNF:0
FNH:0
LF:0
LH:0
BRF:0
BRH:0
end_of_record
TN:
SF:src/shared/ui/Stack/index.ts
FNF:0
FNH:0
LF:0
LH:0
BRF:0
BRH:0
end_of_record
TN:
SF:src/shared/ui/Stack/Flex/Flex.tsx
FN:47,(anonymous_0)
FNF:1
FNH:1
FNDA:1,(anonymous_0)
DA:10,1
DA:17,1
DA:23,1
DA:28,1
DA:47,1
DA:50,1
DA:52,1
DA:60,1
DA:64,1
LF:9
LH:9
BRDA:49,0,0,1
BRDA:49,1,0,0
BRDA:49,2,0,0
BRDA:57,3,0,1
BRDA:57,3,1,1
BRF:5
BRH:3
end_of_record
TN:
SF:src/shared/ui/Stack/HStack/HStack.tsx
FN:5,(anonymous_0)
FNF:1
FNH:0
FNDA:0,(anonymous_0)
DA:5,1
DA:6,0
LF:2
LH:1
BRF:0
BRH:0
end_of_record
TN:
SF:src/shared/ui/Stack/VStack/VStack.tsx
FN:5,(anonymous_0)
FNF:1
FNH:1
FNDA:1,(anonymous_0)
DA:5,1
DA:6,1
LF:2
LH:2
BRF:0
BRH:0
end_of_record
TN:
SF:src/shared/ui/StarRating/StarRating.tsx
FN:16,(anonymous_0)
FN:23,(anonymous_1)
FN:23,(anonymous_2)
FN:29,(anonymous_3)
FN:35,(anonymous_4)
FN:35,(anonymous_5)
FN:45,(anonymous_6)
FNF:7
FNH:4
FNDA:1,(anonymous_0)
FNDA:5,(anonymous_1)
FNDA:0,(anonymous_2)
FNDA:0,(anonymous_3)
FNDA:5,(anonymous_4)
FNDA:0,(anonymous_5)
FNDA:5,(anonymous_6)
DA:14,1
DA:16,1
DA:19,1
DA:20,1
DA:21,1
DA:23,5
DA:24,0
DA:25,0
DA:29,1
DA:30,0
DA:31,0
DA:35,5
DA:36,0
DA:37,0
DA:38,0
DA:39,0
DA:43,1
DA:46,5
LF:18
LH:10
BRDA:18,0,0,0
BRDA:18,1,0,0
BRDA:24,2,0,0
BRDA:24,2,1,0
BRDA:30,3,0,0
BRDA:30,3,1,0
BRDA:36,4,0,0
BRDA:36,4,1,0
BRDA:50,5,0,0
BRDA:50,5,1,5
BRF:10
BRH:1
end_of_record
TN:
SF:src/shared/ui/StarRating/index.ts
FNF:0
FNH:0
LF:0
LH:0
BRF:0
BRH:0
end_of_record
TN:
SF:src/shared/ui/Text/Text.tsx
FN:42,(anonymous_0)
FNF:1
FNH:1
FNDA:1,(anonymous_0)
DA:36,1
DA:42,1
DA:51,1
DA:53,1
DA:55,1
DA:61,1
LF:6
LH:6
BRDA:46,0,0,1
BRDA:48,1,0,1
BRDA:49,2,0,1
BRDA:50,3,0,1
BRDA:63,4,0,1
BRDA:63,4,1,1
BRDA:68,5,0,1
BRDA:68,5,1,0
BRF:8
BRH:7
end_of_record
TN:
SF:src/shared/ui/Text/index.ts
FNF:0
FNH:0
LF:0
LH:0
BRF:0
BRH:0
end_of_record
TN:
SF:src/widgets/Page/index.ts
FNF:0
FNH:0
LF:0
LH:0
BRF:0
BRH:0
end_of_record
TN:
SF:src/widgets/Page/ui/Page.tsx
FN:22,(anonymous_0)
FN:28,(anonymous_1)
FN:36,(anonymous_2)
FN:40,(anonymous_3)
FNF:4
FNH:2
FNDA:3,(anonymous_0)
FNDA:3,(anonymous_1)
FNDA:0,(anonymous_2)
FNDA:0,(anonymous_3)
DA:20,1
DA:22,1
DA:23,3
DA:24,3
DA:25,3
DA:26,3
DA:27,3
DA:28,3
DA:30,3
DA:36,3
DA:37,0
DA:40,3
DA:41,0
DA:49,3
LF:14
LH:12
BRDA:55,0,0,3
BRDA:55,0,1,0
BRDA:58,1,0,0
BRDA:58,1,1,3
BRF:4
BRH:2
end_of_record
TN:
SF:src/widgets/PageLoader/index.ts
FNF:0
FNH:0
LF:0
LH:0
BRF:0
BRH:0
end_of_record
TN:
SF:src/widgets/PageLoader/ui/PageLoader.tsx
FN:8,(anonymous_0)
FNF:1
FNH:1
FNDA:3,(anonymous_0)
DA:8,1
DA:9,3
DA:10,3
LF:3
LH:3
BRF:0
BRH:0
end_of_record
