TN:
SF:config/jest/jestEmptyComponent.tsx
FN:3,(anonymous_0)
FNF:1
FNH:1
FNDA:8,(anonymous_0)
DA:3,3
DA:4,8
LF:2
LH:2
BRF:0
BRH:0
end_of_record
TN:
SF:src/app/providers/StoreProvider/index.ts
FNF:0
FNH:0
LF:0
LH:0
BRF:0
BRH:0
end_of_record
TN:
SF:src/app/providers/StoreProvider/config/reducerManager.ts
FN:9,createReducerManager
FN:18,(anonymous_1)
FN:19,(anonymous_2)
FN:20,(anonymous_3)
FN:23,(anonymous_4)
FN:30,(anonymous_5)
FN:39,(anonymous_6)
FNF:7
FNH:6
FNDA:9,createReducerManager
FNDA:0,(anonymous_1)
FNDA:4,(anonymous_2)
FNDA:49,(anonymous_3)
FNDA:4,(anonymous_4)
FNDA:4,(anonymous_5)
FNDA:4,(anonymous_6)
DA:10,9
DA:12,9
DA:14,9
DA:15,9
DA:17,9
DA:18,0
DA:19,4
DA:21,49
DA:22,4
DA:23,4
DA:24,4
DA:26,4
DA:28,49
DA:31,4
DA:32,4
DA:34,0
DA:35,0
DA:37,0
DA:40,4
DA:41,0
DA:43,4
DA:44,4
DA:45,4
DA:47,4
LF:24
LH:19
BRDA:21,0,0,4
BRDA:21,0,1,45
BRDA:31,1,0,4
BRDA:31,1,1,0
BRDA:31,2,0,4
BRDA:31,2,1,4
BRDA:40,3,0,0
BRDA:40,3,1,4
BRDA:40,4,0,4
BRDA:40,4,1,4
BRF:10
BRH:8
end_of_record
TN:
SF:src/app/providers/StoreProvider/config/store.ts
FN:12,createReduxStore
FN:31,(anonymous_1)
FNF:2
FNH:2
FNDA:9,createReduxStore
FNDA:9,(anonymous_1)
DA:13,9
DA:21,9
DA:23,9
DA:27,9
DA:31,9
DA:39,9
DA:41,9
LF:7
LH:7
BRF:0
BRH:0
end_of_record
TN:
SF:src/app/providers/StoreProvider/ui/StoreProvider.tsx
FN:13,(anonymous_0)
FNF:1
FNH:1
FNDA:10,(anonymous_0)
DA:13,3
DA:14,10
DA:18,9
DA:24,9
DA:26,9
LF:5
LH:5
BRF:0
BRH:0
end_of_record
TN:
SF:src/entities/Article/index.ts
FNF:0
FNH:0
LF:0
LH:0
BRF:0
BRH:0
end_of_record
TN:
SF:src/entities/Article/model/consts/articleConsts.ts
FNF:0
FNH:0
LF:0
LH:0
BRF:0
BRH:0
end_of_record
TN:
SF:src/entities/Article/model/selectors/articleDetails.ts
FN:3,(anonymous_0)
FN:5,(anonymous_1)
FN:7,(anonymous_2)
FNF:3
FNH:3
FNDA:2,(anonymous_0)
FNDA:2,(anonymous_1)
FNDA:2,(anonymous_2)
DA:3,3
DA:5,3
DA:7,3
LF:3
LH:3
BRDA:3,0,0,2
BRDA:3,0,1,1
BRF:2
BRH:2
end_of_record
TN:
SF:src/entities/Article/model/services/fetchArticleById/fetchArticleById.ts
FN:7,(anonymous_0)
FNF:1
FNH:1
FNDA:2,(anonymous_0)
DA:5,4
DA:8,2
DA:10,2
DA:11,2
DA:12,0
DA:14,2
DA:16,2
DA:17,1
DA:20,1
DA:22,1
DA:23,1
LF:11
LH:10
BRDA:11,0,0,0
BRDA:11,0,1,2
BRDA:16,1,0,1
BRDA:16,1,1,1
BRF:4
BRH:3
end_of_record
TN:
SF:src/entities/Article/model/slice/articleDetailsSlice.ts
FN:16,(anonymous_0)
FN:18,(anonymous_1)
FN:22,(anonymous_2)
FN:26,(anonymous_3)
FNF:4
FNH:4
FNDA:1,(anonymous_0)
FNDA:1,(anonymous_1)
FNDA:1,(anonymous_2)
FNDA:1,(anonymous_3)
DA:6,3
DA:12,3
DA:17,1
DA:19,1
DA:20,1
DA:23,1
DA:24,1
DA:27,1
DA:28,1
DA:33,3
DA:34,3
LF:11
LH:11
BRF:0
BRH:0
end_of_record
TN:
SF:src/entities/Article/ui/ArticleCodeBlockComponent/ArticleCodeBlockComponent.tsx
FN:11,(anonymous_0)
FNF:1
FNH:0
FNDA:0,(anonymous_0)
DA:11,2
DA:12,0
DA:14,0
LF:3
LH:1
BRF:0
BRH:0
end_of_record
TN:
SF:src/entities/Article/ui/ArticleDetails/ArticleDetails.tsx
FN:39,(anonymous_0)
FN:47,(anonymous_1)
FN:60,(anonymous_2)
FNF:3
FNH:0
FNDA:0,(anonymous_0)
FNDA:0,(anonymous_1)
FNDA:0,(anonymous_2)
DA:35,2
DA:39,2
DA:40,0
DA:41,0
DA:42,0
DA:43,0
DA:44,0
DA:45,0
DA:47,0
DA:48,0
DA:50,0
DA:52,0
DA:54,0
DA:56,0
DA:60,0
DA:61,0
DA:62,0
DA:68,0
DA:69,0
DA:78,0
DA:79,0
DA:81,0
DA:102,0
LF:23
LH:2
BRDA:48,0,0,0
BRDA:48,0,1,0
BRDA:48,0,2,0
BRDA:48,0,3,0
BRDA:61,1,0,0
BRDA:61,1,1,0
BRDA:68,2,0,0
BRDA:68,2,1,0
BRDA:78,3,0,0
BRDA:78,3,1,0
BRF:10
BRH:0
end_of_record
TN:
SF:src/entities/Article/ui/ArticleImageBlockComponent/ArticleImageBlockComponent.tsx
FN:11,(anonymous_0)
FNF:1
FNH:0
FNDA:0,(anonymous_0)
DA:11,2
DA:12,0
DA:14,0
LF:3
LH:1
BRDA:17,0,0,0
BRDA:17,0,1,0
BRF:2
BRH:0
end_of_record
TN:
SF:src/entities/Article/ui/ArticleList/ArticleList.tsx
FN:19,(anonymous_0)
FN:21,(anonymous_1)
FN:25,(anonymous_2)
FN:47,(anonymous_3)
FNF:4
FNH:0
FNDA:0,(anonymous_0)
FNDA:0,(anonymous_1)
FNDA:0,(anonymous_2)
FNDA:0,(anonymous_3)
DA:19,2
DA:22,0
DA:25,2
DA:32,0
DA:33,0
DA:35,0
DA:36,0
DA:43,0
DA:48,0
LF:9
LH:2
BRDA:19,0,0,0
BRDA:19,0,1,0
BRDA:29,1,0,0
BRDA:35,2,0,0
BRDA:35,2,1,0
BRDA:35,3,0,0
BRDA:35,3,1,0
BRDA:56,4,0,0
BRDA:56,4,1,0
BRF:9
BRH:0
end_of_record
TN:
SF:src/entities/Article/ui/ArticleListItem/ArticleListItem.tsx
FN:25,(anonymous_0)
FN:40,(anonymous_1)
FNF:2
FNH:0
FNDA:0,(anonymous_0)
FNDA:0,(anonymous_1)
DA:25,2
DA:28,0
DA:29,0
DA:31,0
DA:33,0
DA:39,0
DA:40,0
DA:42,0
DA:65,0
LF:9
LH:1
BRDA:39,0,0,0
BRDA:39,0,1,0
BRDA:53,1,0,0
BRDA:53,1,1,0
BRF:4
BRH:0
end_of_record
TN:
SF:src/entities/Article/ui/ArticleListItem/ArticleListItemSkeleton.tsx
FN:13,(anonymous_0)
FNF:1
FNH:0
FNDA:0,(anonymous_0)
DA:13,2
DA:14,0
DA:16,0
DA:17,0
DA:35,0
LF:5
LH:1
BRDA:16,0,0,0
BRDA:16,0,1,0
BRF:2
BRH:0
end_of_record
TN:
SF:src/entities/Article/ui/ArticleSortSelector/ArticleSortSelector.tsx
FN:17,(anonymous_0)
FN:25,(anonymous_1)
FN:39,(anonymous_2)
FN:57,(anonymous_3)
FN:64,(anonymous_4)
FNF:5
FNH:0
FNDA:0,(anonymous_0)
FNDA:0,(anonymous_1)
FNDA:0,(anonymous_2)
FNDA:0,(anonymous_3)
FNDA:0,(anonymous_4)
DA:17,2
DA:20,0
DA:22,0
DA:24,0
DA:25,0
DA:38,0
DA:39,0
DA:56,0
DA:58,0
DA:63,0
DA:65,0
DA:70,0
LF:12
LH:1
BRF:0
BRH:0
end_of_record
TN:
SF:src/entities/Article/ui/ArticleTextBlockComponent/ArticleTextBlockComponent.tsx
FN:11,(anonymous_0)
FN:17,(anonymous_1)
FNF:2
FNH:0
FNDA:0,(anonymous_0)
FNDA:0,(anonymous_1)
DA:11,2
DA:12,0
DA:14,0
DA:18,0
LF:4
LH:1
BRDA:16,0,0,0
BRDA:16,0,1,0
BRF:2
BRH:0
end_of_record
TN:
SF:src/entities/Article/ui/ArticleTypeTabs/ArticleTypeTabs.tsx
FN:13,(anonymous_0)
FN:18,(anonymous_1)
FN:40,(anonymous_2)
FNF:3
FNH:0
FNDA:0,(anonymous_0)
FNDA:0,(anonymous_1)
FNDA:0,(anonymous_2)
DA:13,2
DA:14,0
DA:15,0
DA:17,0
DA:18,0
DA:39,0
DA:41,0
DA:46,0
LF:8
LH:1
BRF:0
BRH:0
end_of_record
TN:
SF:src/entities/Article/ui/ArticleViewSelector/ArticleViewSelector.tsx
FN:27,(anonymous_0)
FN:30,(anonymous_1)
FN:30,(anonymous_2)
FN:36,(anonymous_3)
FNF:4
FNH:0
FNDA:0,(anonymous_0)
FNDA:0,(anonymous_1)
FNDA:0,(anonymous_2)
FNDA:0,(anonymous_3)
DA:16,2
DA:27,2
DA:28,0
DA:30,0
DA:31,0
DA:34,0
DA:37,0
LF:7
LH:2
BRF:0
BRH:0
end_of_record
TN:
SF:src/entities/Counter/index.ts
FNF:0
FNH:0
LF:0
LH:0
BRF:0
BRH:0
end_of_record
TN:
SF:src/entities/Counter/model/selectors/getCounter/getCounter.ts
FN:3,(anonymous_0)
FNF:1
FNH:1
FNDA:9,(anonymous_0)
DA:3,9
LF:1
LH:1
BRF:0
BRH:0
end_of_record
TN:
SF:src/entities/Counter/model/selectors/getCounterValue/getCounterValue.ts
FN:7,(anonymous_0)
FNF:1
FNH:1
FNDA:6,(anonymous_0)
DA:5,4
DA:7,6
LF:2
LH:2
BRF:0
BRH:0
end_of_record
TN:
SF:src/entities/Counter/model/slice/counterSlice.ts
FN:14,(anonymous_0)
FN:17,(anonymous_1)
FN:20,(anonymous_2)
FNF:3
FNH:2
FNDA:3,(anonymous_0)
FNDA:2,(anonymous_1)
FNDA:0,(anonymous_2)
DA:6,4
DA:10,4
DA:15,3
DA:18,2
DA:21,0
DA:27,4
DA:30,4
LF:7
LH:6
BRF:0
BRH:0
end_of_record
TN:
SF:src/entities/Counter/ui/Counter.tsx
FN:7,(anonymous_0)
FN:12,(anonymous_1)
FN:16,(anonymous_2)
FNF:3
FNH:3
FNDA:5,(anonymous_0)
FNDA:1,(anonymous_1)
FNDA:1,(anonymous_2)
DA:7,3
DA:8,5
DA:9,5
DA:10,5
DA:12,5
DA:13,1
DA:16,5
DA:17,1
DA:20,5
LF:9
LH:9
BRF:0
BRH:0
end_of_record
TN:
SF:src/entities/Country/index.ts
FNF:0
FNH:0
LF:0
LH:0
BRF:0
BRH:0
end_of_record
TN:
SF:src/entities/Country/model/types/country.ts
FNF:0
FNH:0
LF:0
LH:0
BRF:0
BRH:0
end_of_record
TN:
SF:src/entities/Country/ui/CountrySelect.tsx
FN:21,(anonymous_0)
FN:27,(anonymous_1)
FNF:2
FNH:1
FNDA:11,(anonymous_0)
FNDA:0,(anonymous_1)
DA:13,7
DA:21,7
DA:24,11
DA:26,11
DA:28,0
DA:33,11
LF:6
LH:5
BRF:0
BRH:0
end_of_record
TN:
SF:src/entities/Currency/index.ts
FNF:0
FNH:0
LF:0
LH:0
BRF:0
BRH:0
end_of_record
TN:
SF:src/entities/Currency/model/types/currency.ts
FNF:0
FNH:0
LF:0
LH:0
BRF:0
BRH:0
end_of_record
TN:
SF:src/entities/Currency/ui/CurrencySelect/CurrencySelect.tsx
FN:19,(anonymous_0)
FN:24,(anonymous_1)
FNF:2
FNH:1
FNDA:12,(anonymous_0)
FNDA:0,(anonymous_1)
DA:13,7
DA:19,7
DA:22,12
DA:23,11
DA:24,11
DA:25,0
DA:28,11
LF:7
LH:6
BRF:0
BRH:0
end_of_record
TN:
SF:src/entities/Profile/index.ts
FNF:0
FNH:0
LF:0
LH:0
BRF:0
BRH:0
end_of_record
TN:
SF:src/entities/Profile/ui/ProfileCard/ProfileCard.tsx
FN:29,(anonymous_0)
FNF:1
FNH:1
FNDA:29,(anonymous_0)
DA:29,1
DA:44,29
DA:45,28
DA:47,28
DA:48,2
DA:55,26
DA:56,0
DA:68,26
DA:72,26
LF:9
LH:8
BRDA:47,0,0,2
BRDA:47,0,1,26
BRDA:55,1,0,0
BRDA:55,1,1,26
BRDA:74,2,0,26
BRDA:74,2,1,0
BRF:6
BRH:4
end_of_record
TN:
SF:src/entities/User/index.ts
FNF:0
FNH:0
LF:0
LH:0
BRF:0
BRH:0
end_of_record
TN:
SF:src/entities/User/model/consts/userConsts.ts
FNF:0
FNH:0
LF:0
LH:0
BRF:0
BRH:0
end_of_record
TN:
SF:src/entities/User/model/selectors/roleSelectors.ts
FN:5,(anonymous_0)
FN:7,(anonymous_1)
FN:9,(anonymous_2)
FNF:3
FNH:0
FNDA:0,(anonymous_0)
FNDA:0,(anonymous_1)
FNDA:0,(anonymous_2)
DA:5,5
DA:7,5
DA:9,5
LF:3
LH:3
BRF:0
BRH:0
end_of_record
TN:
SF:src/entities/User/model/selectors/getUserAuthData/getUserAuthData.ts
FN:3,(anonymous_0)
FNF:1
FNH:1
FNDA:66,(anonymous_0)
DA:3,66
LF:1
LH:1
BRF:0
BRH:0
end_of_record
TN:
SF:src/entities/User/model/selectors/getUserInited/getUserInited.ts
FN:3,(anonymous_0)
FNF:1
FNH:0
FNDA:0,(anonymous_0)
DA:3,5
LF:1
LH:1
BRF:0
BRH:0
end_of_record
TN:
SF:src/entities/User/model/slices/userSlice.ts
FN:13,(anonymous_0)
FN:16,(anonymous_1)
FN:23,(anonymous_2)
FNF:3
FNH:0
FNDA:0,(anonymous_0)
FNDA:0,(anonymous_1)
FNDA:0,(anonymous_2)
DA:5,5
DA:9,5
DA:14,0
DA:17,0
DA:18,0
DA:19,0
DA:21,0
DA:24,0
DA:25,0
DA:30,5
DA:31,5
LF:11
LH:4
BRDA:18,0,0,0
BRDA:18,0,1,0
BRF:2
BRH:0
end_of_record
TN:
SF:src/features/AuthByUsername/model/selectors/getLoginError/getLoginError.ts
FN:3,(anonymous_0)
FNF:1
FNH:1
FNDA:2,(anonymous_0)
DA:3,2
LF:1
LH:1
BRF:0
BRH:0
end_of_record
TN:
SF:src/features/AuthByUsername/model/selectors/getLoginIsLoading/getLoginIsLoading.ts
FN:3,(anonymous_0)
FNF:1
FNH:1
FNDA:2,(anonymous_0)
DA:3,2
LF:1
LH:1
BRDA:3,0,0,2
BRDA:3,0,1,1
BRF:2
BRH:2
end_of_record
TN:
SF:src/features/AuthByUsername/model/selectors/getLoginPassword/getLoginPassword.ts
FN:3,(anonymous_0)
FNF:1
FNH:1
FNDA:2,(anonymous_0)
DA:3,2
LF:1
LH:1
BRDA:3,0,0,2
BRDA:3,0,1,1
BRF:2
BRH:2
end_of_record
TN:
SF:src/features/AuthByUsername/model/selectors/getLoginUsername/getLoginUsername.ts
FN:3,(anonymous_0)
FNF:1
FNH:1
FNDA:2,(anonymous_0)
DA:3,2
LF:1
LH:1
BRDA:3,0,0,2
BRDA:3,0,1,1
BRF:2
BRH:2
end_of_record
TN:
SF:src/features/AuthByUsername/model/services/loginByUsername/loginByUsername.ts
FN:13,(anonymous_0)
FNF:1
FNH:1
FNDA:2,(anonymous_0)
DA:11,2
DA:14,2
DA:15,2
DA:16,2
DA:17,2
DA:18,1
DA:20,1
DA:21,1
DA:22,1
DA:24,1
LF:10
LH:10
BRDA:17,0,0,1
BRDA:17,0,1,1
BRF:2
BRH:2
end_of_record
TN:
SF:src/features/AuthByUsername/model/slices/loginSlice.ts
FN:16,(anonymous_0)
FN:19,(anonymous_1)
FN:23,(anonymous_2)
FN:25,(anonymous_3)
FN:29,(anonymous_4)
FN:32,(anonymous_5)
FNF:6
FNH:3
FNDA:1,(anonymous_0)
FNDA:1,(anonymous_1)
FNDA:1,(anonymous_2)
FNDA:0,(anonymous_3)
FNDA:0,(anonymous_4)
FNDA:0,(anonymous_5)
DA:5,1
DA:12,1
DA:17,1
DA:20,1
DA:24,1
DA:26,0
DA:27,0
DA:30,0
DA:33,0
DA:34,0
DA:39,1
DA:40,1
LF:12
LH:7
BRF:0
BRH:0
end_of_record
TN:
SF:src/features/LangSwitcher/index.ts
FNF:0
FNH:0
LF:0
LH:0
BRF:0
BRH:0
end_of_record
TN:
SF:src/features/LangSwitcher/ui/LangSwitcher.tsx
FN:11,LangSwitcher
FN:14,(anonymous_1)
FNF:2
FNH:1
FNDA:3,LangSwitcher
FNDA:0,(anonymous_1)
DA:12,3
DA:13,3
DA:14,3
DA:15,0
DA:17,3
LF:5
LH:4
BRDA:15,0,0,0
BRDA:15,0,1,0
BRDA:23,1,0,1
BRDA:23,1,1,2
BRF:4
BRH:2
end_of_record
TN:
SF:src/features/ThemeSwitcher/index.ts
FNF:0
FNH:0
LF:0
LH:0
BRF:0
BRH:0
end_of_record
TN:
SF:src/features/ThemeSwitcher/ui/ThemeSwitcher.tsx
FN:14,(anonymous_0)
FNF:1
FNH:1
FNDA:2,(anonymous_0)
DA:14,1
DA:15,2
DA:16,2
LF:3
LH:3
BRDA:22,0,0,0
BRDA:22,0,1,2
BRF:2
BRH:1
end_of_record
TN:
SF:src/features/UI/index.ts
FNF:0
FNH:0
LF:0
LH:0
BRF:0
BRH:0
end_of_record
TN:
SF:src/features/UI/model/selectors/ui.ts
FN:4,(anonymous_0)
FN:8,(anonymous_1)
FN:9,(anonymous_2)
FNF:3
FNH:0
FNDA:0,(anonymous_0)
FNDA:0,(anonymous_1)
FNDA:0,(anonymous_2)
DA:4,3
DA:6,3
DA:8,0
DA:9,0
LF:4
LH:2
BRDA:9,0,0,0
BRDA:9,0,1,0
BRF:2
BRH:0
end_of_record
TN:
SF:src/features/UI/model/slices/UISlice.ts
FN:12,(anonymous_0)
FNF:1
FNH:0
FNDA:0,(anonymous_0)
DA:4,3
DA:8,3
DA:13,0
DA:21,3
DA:22,3
LF:5
LH:4
BRF:0
BRH:0
end_of_record
TN:
SF:src/features/editableProfileCard/model/consts/consts.ts
FNF:0
FNH:0
LF:0
LH:0
BRF:0
BRH:0
end_of_record
TN:
SF:src/features/editableProfileCard/model/selectors/getProfileData/getProfileData.ts
FN:3,(anonymous_0)
FNF:1
FNH:1
FNDA:62,(anonymous_0)
DA:3,62
LF:1
LH:1
BRF:0
BRH:0
end_of_record
TN:
SF:src/features/editableProfileCard/model/selectors/getProfileError/getProfileError.ts
FN:3,(anonymous_0)
FNF:1
FNH:1
FNDA:62,(anonymous_0)
DA:3,62
LF:1
LH:1
BRF:0
BRH:0
end_of_record
TN:
SF:src/features/editableProfileCard/model/selectors/getProfileForm/getProfileForm.ts
FN:3,(anonymous_0)
FNF:1
FNH:1
FNDA:51,(anonymous_0)
DA:3,51
LF:1
LH:1
BRF:0
BRH:0
end_of_record
TN:
SF:src/features/editableProfileCard/model/selectors/getProfileIsLoading/getProfileIsLoading.ts
FN:3,(anonymous_0)
FNF:1
FNH:1
FNDA:58,(anonymous_0)
DA:3,58
LF:1
LH:1
BRF:0
BRH:0
end_of_record
TN:
SF:src/features/editableProfileCard/model/selectors/getProfileReadonly/getProfileReadonly.ts
FN:3,(anonymous_0)
FNF:1
FNH:1
FNDA:112,(anonymous_0)
DA:3,112
LF:1
LH:1
BRF:0
BRH:0
end_of_record
TN:
SF:src/features/editableProfileCard/model/selectors/getProfileValidateErrors/getProfileValidateErrors.ts
FN:3,(anonymous_0)
FNF:1
FNH:1
FNDA:60,(anonymous_0)
DA:3,60
LF:1
LH:1
BRF:0
BRH:0
end_of_record
TN:
SF:src/features/editableProfileCard/model/services/fetchProfileData/fetchProfileData.ts
FN:7,(anonymous_0)
FNF:1
FNH:1
FNDA:2,(anonymous_0)
DA:5,3
DA:8,2
DA:9,2
DA:10,2
DA:11,2
DA:13,2
DA:14,1
DA:17,1
DA:19,1
DA:20,1
LF:10
LH:10
BRDA:13,0,0,1
BRDA:13,0,1,1
BRF:2
BRH:2
end_of_record
TN:
SF:src/features/editableProfileCard/model/services/updateProfileData/updateProfileData.ts
FN:10,(anonymous_0)
FNF:1
FNH:1
FNDA:5,(anonymous_0)
DA:8,3
DA:11,5
DA:13,5
DA:15,5
DA:17,5
DA:18,2
DA:20,3
DA:21,3
DA:22,3
DA:24,2
DA:25,1
DA:28,1
DA:30,2
DA:31,2
LF:14
LH:14
BRDA:17,0,0,2
BRDA:17,0,1,3
BRDA:24,1,0,1
BRDA:24,1,1,1
BRF:4
BRH:4
end_of_record
TN:
SF:src/features/editableProfileCard/model/services/validateProfileData/validateProfileData.ts
FN:4,(anonymous_0)
FNF:1
FNH:1
FNDA:10,(anonymous_0)
DA:4,4
DA:5,10
DA:6,0
DA:11,10
DA:13,10
DA:15,10
DA:16,4
DA:19,10
DA:20,2
DA:23,10
DA:24,2
DA:27,10
LF:12
LH:11
BRDA:5,0,0,0
BRDA:5,0,1,10
BRDA:15,1,0,4
BRDA:15,1,1,6
BRDA:15,2,0,10
BRDA:15,2,1,7
BRDA:19,3,0,2
BRDA:19,3,1,8
BRDA:19,4,0,10
BRDA:19,4,1,8
BRDA:23,5,0,2
BRDA:23,5,1,8
BRF:12
BRH:11
end_of_record
TN:
SF:src/features/editableProfileCard/model/slices/profileSlice.ts
FN:19,(anonymous_0)
FN:22,(anonymous_1)
FN:27,(anonymous_2)
FN:34,(anonymous_3)
FN:36,(anonymous_4)
FN:40,(anonymous_5)
FN:45,(anonymous_6)
FN:49,(anonymous_7)
FN:53,(anonymous_8)
FN:60,(anonymous_9)
FNF:10
FNH:7
FNDA:5,(anonymous_0)
FNDA:2,(anonymous_1)
FNDA:16,(anonymous_2)
FNDA:2,(anonymous_3)
FNDA:0,(anonymous_4)
FNDA:0,(anonymous_5)
FNDA:0,(anonymous_6)
FNDA:3,(anonymous_7)
FNDA:1,(anonymous_8)
FNDA:2,(anonymous_9)
DA:8,2
DA:15,2
DA:20,5
DA:23,2
DA:24,2
DA:25,2
DA:28,16
DA:35,2
DA:37,0
DA:38,0
DA:41,0
DA:42,0
DA:43,0
DA:46,0
DA:47,0
DA:50,3
DA:51,3
DA:54,1
DA:55,1
DA:56,1
DA:57,1
DA:58,1
DA:61,2
DA:62,2
DA:68,2
DA:69,2
LF:26
LH:19
BRF:0
BRH:0
end_of_record
TN:
SF:src/features/editableProfileCard/ui/EditableProfileCard/EditableProfileCard.tsx
FN:33,(anonymous_0)
FN:43,(anonymous_1)
FN:51,(anonymous_2)
FN:58,(anonymous_3)
FN:65,(anonymous_4)
FN:72,(anonymous_5)
FN:79,(anonymous_6)
FN:86,(anonymous_7)
FN:93,(anonymous_8)
FN:100,(anonymous_9)
FN:119,(anonymous_10)
FNF:11
FNH:4
FNDA:29,(anonymous_0)
FNDA:0,(anonymous_1)
FNDA:10,(anonymous_2)
FNDA:5,(anonymous_3)
FNDA:0,(anonymous_4)
FNDA:0,(anonymous_5)
FNDA:0,(anonymous_6)
FNDA:0,(anonymous_7)
FNDA:0,(anonymous_8)
FNDA:0,(anonymous_9)
FNDA:2,(anonymous_10)
DA:29,1
DA:33,1
DA:34,29
DA:35,28
DA:36,28
DA:37,28
DA:38,28
DA:39,28
DA:40,28
DA:41,28
DA:43,28
DA:44,0
DA:45,0
DA:46,0
DA:50,28
DA:52,10
DA:57,28
DA:59,5
DA:64,28
DA:66,0
DA:71,28
DA:73,0
DA:78,28
DA:80,0
DA:85,28
DA:87,0
DA:92,28
DA:94,0
DA:99,28
DA:101,0
DA:106,28
DA:114,28
DA:120,2
LF:33
LH:24
BRDA:45,0,0,0
BRDA:45,0,1,0
BRDA:52,1,0,10
BRDA:52,1,1,2
BRDA:59,2,0,5
BRDA:59,2,1,1
BRDA:66,3,0,0
BRDA:66,3,1,0
BRDA:73,4,0,0
BRDA:73,4,1,0
BRDA:80,5,0,0
BRDA:80,5,1,0
BRDA:87,6,0,0
BRDA:87,6,1,0
BRDA:118,7,0,28
BRDA:118,7,1,2
BRF:16
BRH:6
end_of_record
TN:
SF:src/features/editableProfileCard/ui/EditableProfileCardHeader/EditableProfileCardHeader.tsx
FN:19,(anonymous_0)
FN:29,(anonymous_1)
FN:33,(anonymous_2)
FN:37,(anonymous_3)
FNF:4
FNH:4
FNDA:28,(anonymous_0)
FNDA:4,(anonymous_1)
FNDA:1,(anonymous_2)
FNDA:2,(anonymous_3)
DA:19,1
DA:20,28
DA:22,28
DA:23,28
DA:24,28
DA:25,28
DA:26,28
DA:27,28
DA:29,28
DA:30,4
DA:33,28
DA:34,1
DA:37,28
DA:38,2
DA:41,28
LF:15
LH:15
BRDA:44,0,0,28
BRDA:44,0,1,28
BRDA:46,1,0,5
BRDA:46,1,1,23
BRF:4
BRH:4
end_of_record
TN:
SF:src/pages/ArticlesPage/model/selectors/articlesPageSelectors.ts
FN:4,(anonymous_0)
FN:6,(anonymous_1)
FN:8,(anonymous_2)
FN:9,(anonymous_3)
FN:10,(anonymous_4)
FN:11,(anonymous_5)
FN:12,(anonymous_6)
FN:13,(anonymous_7)
FN:14,(anonymous_8)
FN:15,(anonymous_9)
FN:16,(anonymous_10)
FNF:11
FNH:3
FNDA:2,(anonymous_0)
FNDA:0,(anonymous_1)
FNDA:0,(anonymous_2)
FNDA:2,(anonymous_3)
FNDA:0,(anonymous_4)
FNDA:2,(anonymous_5)
FNDA:0,(anonymous_6)
FNDA:0,(anonymous_7)
FNDA:0,(anonymous_8)
FNDA:0,(anonymous_9)
FNDA:0,(anonymous_10)
DA:4,2
DA:6,2
DA:8,2
DA:9,2
DA:10,2
DA:11,2
DA:12,2
DA:13,2
DA:14,2
DA:15,2
DA:16,2
LF:11
LH:11
BRDA:9,0,0,2
BRDA:9,0,1,0
BRDA:10,1,0,0
BRDA:10,1,1,0
BRDA:13,2,0,0
BRDA:13,2,1,0
BRDA:14,3,0,0
BRDA:14,3,1,0
BRDA:15,4,0,0
BRDA:15,4,1,0
BRDA:16,5,0,0
BRDA:16,5,1,0
BRF:12
BRH:1
end_of_record
TN:
SF:src/pages/ArticlesPage/model/services/fetchArticlesList/fetchArticlesList.ts
FN:20,(anonymous_0)
FNF:1
FNH:0
FNDA:0,(anonymous_0)
DA:18,1
DA:21,0
DA:22,0
DA:23,0
DA:24,0
DA:25,0
DA:26,0
DA:27,0
DA:29,0
DA:30,0
DA:36,0
DA:48,0
DA:49,0
DA:52,0
DA:54,0
LF:15
LH:1
BRDA:44,0,0,0
BRDA:44,0,1,0
BRDA:48,1,0,0
BRDA:48,1,1,0
BRF:4
BRH:0
end_of_record
TN:
SF:src/pages/ArticlesPage/model/services/fetchNextArticlesPage/fetchNextArticlesPage.ts
FN:13,(anonymous_0)
FNF:1
FNH:1
FNDA:2,(anonymous_0)
DA:11,1
DA:14,2
DA:15,2
DA:16,2
DA:17,2
DA:19,2
DA:20,1
DA:21,1
LF:8
LH:8
BRDA:19,0,0,1
BRDA:19,0,1,1
BRDA:19,1,0,2
BRDA:19,1,1,1
BRF:4
BRH:4
end_of_record
TN:
SF:src/pages/ArticlesPage/model/slices/articlesPageSlice.ts
FN:12,(anonymous_0)
FN:16,(anonymous_1)
FN:37,(anonymous_2)
FN:41,(anonymous_3)
FN:44,(anonymous_4)
FN:47,(anonymous_5)
FN:50,(anonymous_6)
FN:53,(anonymous_7)
FN:59,(anonymous_8)
FN:63,(anonymous_9)
FN:65,(anonymous_10)
FN:73,(anonymous_11)
FN:83,(anonymous_12)
FNF:13
FNH:0
FNDA:0,(anonymous_0)
FNDA:0,(anonymous_1)
FNDA:0,(anonymous_2)
FNDA:0,(anonymous_3)
FNDA:0,(anonymous_4)
FNDA:0,(anonymous_5)
FNDA:0,(anonymous_6)
FNDA:0,(anonymous_7)
FNDA:0,(anonymous_8)
FNDA:0,(anonymous_9)
FNDA:0,(anonymous_10)
FNDA:0,(anonymous_11)
FNDA:0,(anonymous_12)
DA:11,1
DA:12,0
DA:15,1
DA:16,0
DA:19,1
DA:38,0
DA:39,0
DA:42,0
DA:45,0
DA:48,0
DA:51,0
DA:54,0
DA:55,0
DA:56,0
DA:57,0
DA:60,0
DA:64,0
DA:66,0
DA:67,0
DA:69,0
DA:70,0
DA:74,0
DA:76,0
DA:77,0
DA:78,0
DA:80,0
DA:84,0
DA:85,0
DA:90,1
LF:29
LH:4
BRDA:16,0,0,0
BRDA:16,0,1,0
BRDA:56,1,0,0
BRDA:56,1,1,0
BRDA:69,2,0,0
BRDA:69,2,1,0
BRDA:77,3,0,0
BRDA:77,3,1,0
BRF:8
BRH:0
end_of_record
TN:
SF:src/shared/api/api.ts
FN:8,(anonymous_0)
FNF:1
FNH:1
FNDA:1,(anonymous_0)
DA:4,3
DA:8,3
DA:9,1
DA:10,1
DA:12,1
LF:5
LH:5
BRDA:9,0,0,1
BRDA:9,0,1,0
BRDA:10,1,0,1
BRDA:10,1,1,1
BRF:4
BRH:3
end_of_record
TN:
SF:src/shared/api/rtkApi.ts
FN:8,(anonymous_0)
FN:16,(anonymous_1)
FNF:2
FNH:1
FNDA:0,(anonymous_0)
FNDA:3,(anonymous_1)
DA:4,3
DA:9,0
DA:10,0
DA:11,0
DA:13,0
DA:16,3
LF:6
LH:2
BRDA:9,0,0,0
BRDA:9,0,1,0
BRDA:10,1,0,0
BRDA:10,1,1,0
BRF:4
BRH:0
end_of_record
TN:
SF:src/shared/config/i18n/i18nForTests.ts
FNF:0
FNH:0
DA:4,3
LF:1
LH:1
BRF:0
BRH:0
end_of_record
TN:
SF:src/shared/const/localstorage.ts
FNF:0
FNH:0
DA:1,6
DA:2,6
DA:3,6
LF:3
LH:3
BRF:0
BRH:0
end_of_record
TN:
SF:src/shared/const/router.ts
FNF:0
FNH:0
DA:15,3
LF:1
LH:1
BRF:0
BRH:0
end_of_record
TN:
SF:src/shared/const/theme.ts
FNF:0
FNH:0
LF:0
LH:0
BRF:0
BRH:0
end_of_record
TN:
SF:src/shared/lib/classNames/classNames.ts
FN:3,classNames
FN:12,(anonymous_1)
FN:13,(anonymous_2)
FNF:3
FNH:3
FNDA:455,classNames
FNDA:468,(anonymous_1)
FNDA:251,(anonymous_2)
DA:8,455
DA:12,468
DA:13,251
LF:3
LH:3
BRDA:5,0,0,1
BRDA:6,1,0,10
BRF:2
BRH:2
end_of_record
TN:
SF:src/shared/lib/components/DynamicModuleLoader/DynamicModuleLoader.tsx
FN:16,(anonymous_0)
FN:22,(anonymous_1)
FN:23,(anonymous_2)
FN:28,(anonymous_3)
FN:31,(anonymous_4)
FNF:5
FNH:5
FNDA:29,(anonymous_0)
FNDA:4,(anonymous_1)
FNDA:4,(anonymous_2)
FNDA:4,(anonymous_3)
FNDA:4,(anonymous_4)
DA:16,3
DA:17,29
DA:19,28
DA:20,28
DA:22,28
DA:23,4
DA:24,4
DA:25,4
DA:28,4
DA:29,4
DA:30,4
DA:31,4
DA:32,4
DA:33,4
DA:34,4
DA:35,4
DA:42,28
LF:17
LH:17
BRDA:17,0,0,0
BRDA:30,1,0,4
BRDA:30,1,1,0
BRDA:33,2,0,4
BRDA:33,2,1,0
BRF:5
BRH:2
end_of_record
TN:
SF:src/shared/lib/context/ThemeContext.ts
FNF:0
FNH:0
DA:9,1
LF:1
LH:1
BRF:0
BRH:0
end_of_record
TN:
SF:src/shared/lib/hooks/useAppDispatch/useAppDispatch.ts
FN:4,(anonymous_0)
FNF:1
FNH:1
FNDA:56,(anonymous_0)
DA:4,56
LF:1
LH:1
BRF:0
BRH:0
end_of_record
TN:
SF:src/shared/lib/hooks/useInitialEffect/useInitialEffect.ts
FN:3,useInitialEffect
FN:4,(anonymous_1)
FNF:2
FNH:2
FNDA:28,useInitialEffect
FNDA:4,(anonymous_1)
DA:4,28
DA:5,4
DA:6,0
LF:3
LH:2
BRDA:5,0,0,0
BRDA:5,0,1,4
BRDA:5,1,0,4
BRDA:5,1,1,4
BRF:4
BRH:3
end_of_record
TN:
SF:src/shared/lib/hooks/useTheme/useTheme.ts
FN:11,useTheme
FN:14,(anonymous_1)
FNF:2
FNH:1
FNDA:2,useTheme
FNDA:0,(anonymous_1)
DA:12,2
DA:14,2
DA:17,0
DA:19,0
DA:20,0
DA:22,0
DA:23,0
DA:25,0
DA:26,0
DA:28,0
DA:30,0
DA:31,0
DA:32,0
DA:35,2
LF:14
LH:3
BRDA:17,0,0,0
BRDA:17,0,1,0
BRDA:17,0,2,0
BRDA:17,0,3,0
BRDA:36,1,0,2
BRDA:36,1,1,2
BRF:6
BRH:2
end_of_record
TN:
SF:src/shared/lib/tests/TestAsyncThunk/TestAsyncThunk.ts
FN:24,(anonymous_0)
FN:27,(anonymous_1)
FN:33,(anonymous_2)
FNF:3
FNH:3
FNDA:11,(anonymous_0)
FNDA:9,(anonymous_1)
FNDA:11,(anonymous_2)
DA:9,5
DA:11,5
DA:25,11
DA:26,11
DA:27,11
DA:29,11
DA:30,11
DA:34,11
DA:35,11
DA:40,11
LF:10
LH:10
BRF:0
BRH:0
end_of_record
TN:
SF:src/shared/lib/tests/componentRender/componentRender.tsx
FN:15,componentRender
FNF:1
FNH:1
FNDA:9,componentRender
DA:16,9
DA:18,9
LF:2
LH:2
BRDA:15,0,0,2
BRDA:16,1,0,9
BRF:2
BRH:2
end_of_record
TN:
SF:src/shared/lib/url/addQueryParams/addQueryParams.ts
FN:1,getQueryParams
FN:3,(anonymous_1)
FN:14,addQueryParams
FNF:3
FNH:2
FNDA:3,getQueryParams
FNDA:5,(anonymous_1)
FNDA:0,addQueryParams
DA:2,3
DA:3,3
DA:4,5
DA:5,4
DA:8,3
DA:15,0
LF:6
LH:5
BRDA:4,0,0,4
BRDA:4,0,1,1
BRF:2
BRH:2
end_of_record
TN:
SF:src/shared/ui/AppLink/AppLink.tsx
FN:17,(anonymous_0)
FNF:1
FNH:1
FNDA:6,(anonymous_0)
DA:17,10
DA:24,6
DA:25,6
LF:3
LH:3
BRDA:22,0,0,0
BRF:1
BRH:0
end_of_record
TN:
SF:src/shared/ui/AppLink/index.ts
FNF:0
FNH:0
LF:0
LH:0
BRF:0
BRH:0
end_of_record
TN:
SF:src/shared/ui/Avatar/Avatar.tsx
FN:12,(anonymous_0)
FN:22,(anonymous_1)
FNF:2
FNH:0
FNDA:0,(anonymous_0)
FNDA:0,(anonymous_1)
DA:12,3
DA:18,0
DA:20,0
DA:22,0
DA:23,0
DA:29,0
LF:6
LH:1
BRDA:24,0,0,0
BRDA:24,0,1,0
BRDA:25,1,0,0
BRDA:25,1,1,0
BRF:4
BRH:0
end_of_record
TN:
SF:src/shared/ui/Avatar/index.ts
FNF:0
FNH:0
LF:0
LH:0
BRF:0
BRH:0
end_of_record
TN:
SF:src/shared/ui/Button/Button.tsx
FN:52,(anonymous_0)
FNF:1
FNH:1
FNDA:56,(anonymous_0)
DA:52,12
DA:62,56
DA:64,55
DA:71,55
LF:4
LH:4
BRDA:56,0,0,33
BRDA:58,1,0,52
BRF:2
BRH:2
end_of_record
TN:
SF:src/shared/ui/Button/index.ts
FNF:0
FNH:0
LF:0
LH:0
BRF:0
BRH:0
end_of_record
TN:
SF:src/shared/ui/Card/Card.tsx
FN:17,(anonymous_0)
FNF:1
FNH:0
FNDA:0,(anonymous_0)
DA:17,2
DA:20,0
DA:22,0
LF:3
LH:1
BRDA:19,0,0,0
BRF:1
BRH:0
end_of_record
TN:
SF:src/shared/ui/Card/index.ts
FNF:0
FNH:0
LF:0
LH:0
BRF:0
BRH:0
end_of_record
TN:
SF:src/shared/ui/Code/Code.tsx
FN:12,(anonymous_0)
FN:18,(anonymous_1)
FNF:2
FNH:0
FNDA:0,(anonymous_0)
FNDA:0,(anonymous_1)
DA:12,2
DA:16,0
DA:18,0
DA:19,0
DA:22,0
LF:5
LH:1
BRF:0
BRH:0
end_of_record
TN:
SF:src/shared/ui/Code/index.ts
FNF:0
FNH:0
LF:0
LH:0
BRF:0
BRH:0
end_of_record
TN:
SF:src/shared/ui/Icon/Icon.tsx
FN:10,(anonymous_0)
FNF:1
FNH:0
FNDA:0,(anonymous_0)
DA:10,2
DA:13,0
DA:15,0
LF:3
LH:1
BRDA:15,0,0,0
BRDA:15,0,1,0
BRF:2
BRH:0
end_of_record
TN:
SF:src/shared/ui/Icon/index.ts
FNF:0
FNH:0
LF:0
LH:0
BRF:0
BRH:0
end_of_record
TN:
SF:src/shared/ui/Input/Input.tsx
FN:17,(anonymous_0)
FN:33,(anonymous_1)
FN:42,(anonymous_2)
FN:48,(anonymous_3)
FN:53,(anonymous_4)
FN:57,(anonymous_5)
FNF:6
FNH:6
FNDA:108,(anonymous_0)
FNDA:36,(anonymous_1)
FNDA:15,(anonymous_2)
FNDA:6,(anonymous_3)
FNDA:6,(anonymous_4)
FNDA:15,(anonymous_5)
DA:17,1
DA:27,108
DA:28,108
DA:29,108
DA:30,108
DA:33,108
DA:34,36
DA:35,0
DA:36,0
DA:40,108
DA:42,108
DA:43,15
DA:44,15
DA:48,108
DA:49,6
DA:53,108
DA:54,6
DA:57,108
DA:58,15
DA:61,108
LF:20
LH:18
BRDA:22,0,0,108
BRDA:34,1,0,0
BRDA:34,1,1,36
BRDA:40,2,0,108
BRDA:40,2,1,36
BRDA:58,3,0,15
BRDA:58,3,1,2
BRDA:63,4,0,108
BRDA:63,4,1,108
BRDA:80,5,0,108
BRDA:80,5,1,36
BRF:11
BRH:10
end_of_record
TN:
SF:src/shared/ui/Input/index.ts
FNF:0
FNH:0
LF:0
LH:0
BRF:0
BRH:0
end_of_record
TN:
SF:src/shared/ui/Loader/index.ts
FNF:0
FNH:0
LF:0
LH:0
BRF:0
BRH:0
end_of_record
TN:
SF:src/shared/ui/Loader/ui/Loader.tsx
FN:6,(anonymous_0)
FNF:1
FNH:1
FNDA:2,(anonymous_0)
DA:6,1
DA:7,2
DA:8,2
LF:3
LH:3
BRF:0
BRH:0
end_of_record
TN:
SF:src/shared/ui/Popups/index.ts
FNF:0
FNH:0
LF:0
LH:0
BRF:0
BRH:0
end_of_record
TN:
SF:src/shared/ui/Popups/components/Dropdown/Dropdown.tsx
FN:24,Dropdown
FN:35,(anonymous_1)
FN:36,(anonymous_2)
FNF:3
FNH:0
FNDA:0,Dropdown
FNDA:0,(anonymous_1)
FNDA:0,(anonymous_2)
DA:27,0
DA:29,0
DA:31,0
DA:36,0
DA:37,0
DA:47,0
DA:48,0
DA:55,0
LF:8
LH:0
BRDA:26,0,0,0
BRDA:47,1,0,0
BRDA:47,1,1,0
BRF:3
BRH:0
end_of_record
TN:
SF:src/shared/ui/Popups/components/ListBox/ListBox.tsx
FN:27,ListBox
FN:48,(anonymous_1)
FN:50,(anonymous_2)
FNF:3
FNH:2
FNDA:23,ListBox
FNDA:88,(anonymous_1)
FNDA:0,(anonymous_2)
DA:30,23
DA:32,22
DA:34,22
DA:49,88
DA:51,0
LF:5
LH:4
BRDA:29,0,0,0
BRDA:36,1,0,22
BRDA:36,1,1,22
BRDA:45,2,0,22
BRDA:45,2,1,0
BRDA:57,3,0,0
BRDA:57,3,1,0
BRF:7
BRH:3
end_of_record
TN:
SF:src/shared/ui/Popups/components/Popover/Popover.tsx
FN:16,Popover
FNF:1
FNH:0
FNDA:0,Popover
DA:19,0
DA:21,0
DA:23,0
LF:3
LH:0
BRDA:18,0,0,0
BRF:1
BRH:0
end_of_record
TN:
SF:src/shared/ui/Popups/styles/consts.ts
FNF:0
FNH:0
DA:4,7
LF:1
LH:1
BRF:0
BRH:0
end_of_record
TN:
SF:src/shared/ui/Select/Select.tsx
FN:19,(anonymous_0)
FN:26,(anonymous_1)
FN:32,(anonymous_2)
FN:33,(anonymous_3)
FNF:4
FNH:0
FNDA:0,(anonymous_0)
FNDA:0,(anonymous_1)
FNDA:0,(anonymous_2)
FNDA:0,(anonymous_3)
DA:19,2
DA:22,0
DA:24,0
DA:26,0
DA:27,0
DA:28,0
DA:32,0
DA:33,0
DA:34,0
DA:40,0
LF:10
LH:1
BRDA:27,0,0,0
BRDA:27,0,1,0
BRDA:42,1,0,0
BRDA:42,1,1,0
BRF:4
BRH:0
end_of_record
TN:
SF:src/shared/ui/Select/index.ts
FNF:0
FNH:0
LF:0
LH:0
BRF:0
BRH:0
end_of_record
TN:
SF:src/shared/ui/Skeleton/Skeleton.tsx
FN:12,(anonymous_0)
FNF:1
FNH:0
FNDA:0,(anonymous_0)
DA:12,2
DA:18,0
DA:20,0
DA:26,0
LF:4
LH:1
BRF:0
BRH:0
end_of_record
TN:
SF:src/shared/ui/Skeleton/index.ts
FNF:0
FNH:0
LF:0
LH:0
BRF:0
BRH:0
end_of_record
TN:
SF:src/shared/ui/Stack/index.ts
FNF:0
FNH:0
LF:0
LH:0
BRF:0
BRH:0
end_of_record
TN:
SF:src/shared/ui/Stack/Flex/Flex.tsx
FN:47,(anonymous_0)
FNF:1
FNH:1
FNDA:133,(anonymous_0)
DA:10,10
DA:17,10
DA:23,10
DA:28,10
DA:47,10
DA:50,133
DA:52,132
DA:60,132
DA:64,132
LF:9
LH:9
BRDA:49,0,0,102
BRDA:49,1,0,132
BRDA:49,2,0,0
BRDA:57,3,0,132
BRDA:57,3,1,102
BRF:5
BRH:4
end_of_record
TN:
SF:src/shared/ui/Stack/HStack/HStack.tsx
FN:5,(anonymous_0)
FNF:1
FNH:1
FNDA:76,(anonymous_0)
DA:5,10
DA:6,76
LF:2
LH:2
BRF:0
BRH:0
end_of_record
TN:
SF:src/shared/ui/Stack/VStack/VStack.tsx
FN:5,(anonymous_0)
FNF:1
FNH:1
FNDA:58,(anonymous_0)
DA:5,10
DA:6,58
LF:2
LH:2
BRF:0
BRH:0
end_of_record
TN:
SF:src/shared/ui/Tabs/Tabs.tsx
FN:18,(anonymous_0)
FN:24,(anonymous_1)
FN:24,(anonymous_2)
FN:32,(anonymous_3)
FNF:4
FNH:0
FNDA:0,(anonymous_0)
FNDA:0,(anonymous_1)
FNDA:0,(anonymous_2)
FNDA:0,(anonymous_3)
DA:18,2
DA:21,0
DA:23,0
DA:24,0
DA:25,0
DA:30,0
DA:33,0
LF:7
LH:1
BRDA:34,0,0,0
BRDA:34,0,1,0
BRF:2
BRH:0
end_of_record
TN:
SF:src/shared/ui/Tabs/index.ts
FNF:0
FNH:0
LF:0
LH:0
BRF:0
BRH:0
end_of_record
TN:
SF:src/shared/ui/Text/Text.tsx
FN:42,(anonymous_0)
FNF:1
FNH:1
FNDA:6,(anonymous_0)
DA:36,3
DA:42,3
DA:51,6
DA:53,6
DA:55,6
DA:61,6
LF:6
LH:6
BRDA:46,0,0,4
BRDA:48,1,0,6
BRDA:49,2,0,6
BRDA:50,3,0,4
BRDA:63,4,0,6
BRDA:63,4,1,4
BRDA:68,5,0,6
BRDA:68,5,1,2
BRF:8
BRH:8
end_of_record
TN:
SF:src/shared/ui/Text/index.ts
FNF:0
FNH:0
LF:0
LH:0
BRF:0
BRH:0
end_of_record
TN:
SF:src/widgets/Sidebar/model/selectors/getSidebarItems.ts
FN:10,(anonymous_0)
FNF:1
FNH:1
FNDA:1,(anonymous_0)
DA:10,1
DA:11,1
DA:23,1
DA:24,0
DA:39,1
LF:5
LH:4
BRDA:23,0,0,0
BRDA:23,0,1,1
BRF:2
BRH:1
end_of_record
TN:
SF:src/widgets/Sidebar/ui/Sidebar/Sidebar.tsx
FN:17,(anonymous_0)
FN:19,(anonymous_1)
FN:20,(anonymous_2)
FN:27,(anonymous_3)
FN:27,(anonymous_4)
FNF:5
FNH:5
FNDA:3,(anonymous_0)
FNDA:1,(anonymous_1)
FNDA:1,(anonymous_2)
FNDA:3,(anonymous_3)
FNDA:6,(anonymous_4)
DA:17,1
DA:18,3
DA:19,3
DA:20,1
DA:22,3
DA:24,3
DA:26,3
DA:27,6
DA:31,3
LF:9
LH:9
BRDA:40,0,0,1
BRDA:40,0,1,2
BRF:2
BRH:2
end_of_record
TN:
SF:src/widgets/Sidebar/ui/SidebarItem/SidebarItem.tsx
FN:15,(anonymous_0)
FNF:1
FNH:1
FNDA:6,(anonymous_0)
DA:15,1
DA:16,6
DA:18,6
DA:20,6
DA:22,6
DA:23,0
DA:26,6
LF:7
LH:6
BRDA:22,0,0,0
BRDA:22,0,1,6
BRDA:22,1,0,6
BRDA:22,1,1,0
BRF:4
BRH:2
end_of_record
